k_step = 1
 |  k_t = 1
 |   |  dt = 0.1
 |   |  t = 0.1
 |   |  t_step = 0.1
 |   |  k_iter = 1
 |   |   |  Assembly… 0.36038804054260254 s
 |   |   |  res_norm      = 6.9841e+03
 |   |   |  Solve… 0.19327902793884277 s
 |   |   |  dU_bar_norm   = 1.0647e-01
 |   |   |  dU_tilde_norm = 2.8247e-01
 |   |   |  dS_area_norm  = 1.3902e+00
 |   |   |  dPhis_norm    = 2.0912e-01
 |   |   |  dpressure_norm = 8.7451e-01
 |   |   |  U_bar_norm    = 1.0647e-01
 |   |   |  U_bar_norm_old = 0.0000e+00
 |   |   |  U_tilde_norm  = 2.8247e-01
 |   |   |  U_tilde_norm_old = 0.0000e+00
 |   |   |  S_area_norm   = 1.3902e+00
 |   |   |  S_area_norm_old = 0.0000e+00
 |   |   |  Phis_norm     = 4.1355e+01
 |   |   |  Phis_norm_old = 4.1563e+01
 |   |   |  pressure_norm = 8.7451e-01
 |   |   |  pressure_norm_old = 0.0000e+00
 |   |   |  U_bar_err     = 1.0000e+00
 |   |   |  U_tilde_err   = 1.0000e+00
 |   |   |  S_area_err    = 1.0000e+00
 |   |   |  Phis_err      = 5.0314e-03
 |   |   |  pressure_err  = 1.0000e+00
 |   |  k_iter = 2
 |   |   |  Assembly… 0.08985495567321777 s
 |   |   |  res_norm      = 9.9570e-03
 |   |   |  res_err       = 1.4257e-06
 |   |   |  dres_norm     = 6.9841e+03
 |   |   |  res_err_rel   = 1.0000e+00
 |   |   |  Solve… 0.04941678047180176 s
 |   |   |  dU_bar_norm   = 2.5443e-03
 |   |   |  dU_tilde_norm = 3.0077e-02
 |   |   |  dS_area_norm  = 9.7598e-03
 |   |   |  dPhis_norm    = 1.0220e-03
 |   |   |  dpressure_norm = 3.3660e-02
 |   |   |  relax         = 1.0000e+00
 |   |   |  U_bar_norm    = 1.0562e-01
 |   |   |  U_bar_norm_old = 0.0000e+00
 |   |   |  U_tilde_norm  = 2.5742e-01
 |   |   |  U_tilde_norm_old = 0.0000e+00
 |   |   |  S_area_norm   = 1.3999e+00
 |   |   |  S_area_norm_old = 0.0000e+00
 |   |   |  Phis_norm     = 4.1356e+01
 |   |   |  Phis_norm_old = 4.1563e+01
 |   |   |  pressure_norm = 8.9378e-01
 |   |   |  pressure_norm_old = 0.0000e+00
 |   |   |  U_bar_err     = 2.4089e-02
 |   |   |  U_tilde_err   = 1.1684e-01
 |   |   |  S_area_err    = 6.9715e-03
 |   |   |  Phis_err      = 2.4590e-05
 |   |   |  pressure_err  = 3.7661e-02
 |   |  k_iter = 3
 |   |   |  Assembly… 0.08609390258789062 s
 |   |   |  res_norm      = 1.9689e-04
 |   |   |  res_err       = 2.8191e-08
 |   |   |  dres_norm     = 9.8192e-03
 |   |   |  res_err_rel   = 9.8616e-01
 |   |   |  Solve… 0.04755878448486328 s
 |   |   |  dU_bar_norm   = 2.5520e-05
 |   |   |  dU_tilde_norm = 7.7712e-04
 |   |   |  dS_area_norm  = 8.0983e-05
 |   |   |  dPhis_norm    = 6.3877e-07
 |   |   |  dpressure_norm = 1.9559e-04
 |   |   |  relax         = 1.0000e+00
 |   |   |  U_bar_norm    = 1.0563e-01
 |   |   |  U_bar_norm_old = 0.0000e+00
 |   |   |  U_tilde_norm  = 2.5673e-01
 |   |   |  U_tilde_norm_old = 0.0000e+00
 |   |   |  S_area_norm   = 1.4000e+00
 |   |   |  S_area_norm_old = 0.0000e+00
 |   |   |  Phis_norm     = 4.1356e+01
 |   |   |  Phis_norm_old = 4.1563e+01
 |   |   |  pressure_norm = 8.9372e-01
 |   |   |  pressure_norm_old = 0.0000e+00
 |   |   |  U_bar_err     = 2.4160e-04
 |   |   |  U_tilde_err   = 3.0270e-03
 |   |   |  S_area_err    = 5.7844e-05
 |   |   |  Phis_err      = 1.5369e-08
 |   |   |  pressure_err  = 2.1885e-04
 |   |  k_iter = 4
 |   |   |  Assembly… 0.08648800849914551 s
 |   |   |  res_norm      = 1.2542e-07
 |   |   |  res_err       = 1.7959e-11
 |   |   |  dres_norm     = 1.9680e-04
 |   |   |  res_err_rel   = 9.9956e-01
 |   |   |  Solve… 0.04719877243041992 s
 |   |   |  dU_bar_norm   = 1.0814e-08
 |   |   |  dU_tilde_norm = 5.6951e-07
 |   |   |  dS_area_norm  = 7.8221e-08
 |   |   |  dPhis_norm    = 8.6753e-10
 |   |   |  dpressure_norm = 2.5298e-07
 |   |   |  relax         = 1.0000e+00
 |   |   |  U_bar_norm    = 1.0563e-01
 |   |   |  U_bar_norm_old = 0.0000e+00
 |   |   |  U_tilde_norm  = 2.5673e-01
 |   |   |  U_tilde_norm_old = 0.0000e+00
 |   |   |  S_area_norm   = 1.4000e+00
 |   |   |  S_area_norm_old = 0.0000e+00
 |   |   |  Phis_norm     = 4.1356e+01
 |   |   |  Phis_norm_old = 4.1563e+01
 |   |   |  pressure_norm = 8.9372e-01
 |   |   |  pressure_norm_old = 0.0000e+00
 |   |   |  U_bar_err     = 1.0237e-07
 |   |   |  U_tilde_err   = 2.2183e-06
 |   |   |  S_area_err    = 5.5871e-08
 |   |   |  Phis_err      = 2.0873e-11
 |   |   |  pressure_err  = 2.8307e-07
 |   |  k_iter = 5
 |   |   |  Assembly… 0.08457398414611816 s
 |   |   |  res_norm      = 1.0686e-13
 |   |   |  res_err       = 1.5301e-17
 |   |   |  dres_norm     = 1.2542e-07
 |   |   |  res_err_rel   = 1.0000e+00
 |   |   |  Solve… 0.046804189682006836 s
 |   |   |  dU_bar_norm   = 2.5039e-15
 |   |   |  dU_tilde_norm = 4.1146e-13
 |   |   |  dS_area_norm  = 5.1011e-14
 |   |   |  dPhis_norm    = 4.0104e-15
 |   |   |  dpressure_norm = 7.9181e-14
 |   |   |  relax         = 1.0000e+00
 |   |   |  U_bar_norm    = 1.0563e-01
 |   |   |  U_bar_norm_old = 0.0000e+00
 |   |   |  U_tilde_norm  = 2.5673e-01
 |   |   |  U_tilde_norm_old = 0.0000e+00
 |   |   |  S_area_norm   = 1.4000e+00
 |   |   |  S_area_norm_old = 0.0000e+00
 |   |   |  Phis_norm     = 4.1356e+01
 |   |   |  Phis_norm_old = 4.1563e+01
 |   |   |  pressure_norm = 8.9372e-01
 |   |   |  pressure_norm_old = 0.0000e+00
 |   |   |  U_bar_err     = 2.3704e-14
 |   |   |  U_tilde_err   = 1.6027e-12
 |   |   |  S_area_err    = 3.6436e-14
 |   |   |  Phis_err      = 9.6488e-17
 |   |   |  pressure_err  = 8.8598e-14
 |   |   |  Nonlinear solver converged…
 |  k_t = 2
 |   |  dt = 0.1
 |   |  t = 0.2
 |   |  t_step = 0.2
 |   |  k_iter = 1
 |   |   |  Assembly… 0.08447599411010742 s
 |   |   |  res_norm      = 6.9841e+03
 |   |   |  Solve… 0.04729604721069336 s
 |   |   |  dU_bar_norm   = 1.0521e-01
 |   |   |  dU_tilde_norm = 2.3374e-01
 |   |   |  dS_area_norm  = 6.9623e-02
 |   |   |  dPhis_norm    = 9.4354e-05
 |   |   |  dpressure_norm = 2.9061e-02
 |   |   |  U_bar_norm    = 2.1084e-01
 |   |   |  U_bar_norm_old = 1.0563e-01
 |   |   |  U_tilde_norm  = 4.9028e-01
 |   |   |  U_tilde_norm_old = 2.5673e-01
 |   |   |  S_area_norm   = 1.4697e+00
 |   |   |  S_area_norm_old = 1.4000e+00
 |   |   |  Phis_norm     = 4.1356e+01
 |   |   |  Phis_norm_old = 4.1356e+01
 |   |   |  pressure_norm = 9.1147e-01
 |   |   |  pressure_norm_old = 8.9372e-01
 |   |   |  U_bar_err     = 4.9902e-01
 |   |   |  U_tilde_err   = 4.7674e-01
 |   |   |  S_area_err    = 4.7374e-02
 |   |   |  Phis_err      = 2.2815e-06
 |   |   |  pressure_err  = 3.1883e-02
 |   |  k_iter = 2
 |   |   |  Assembly… 0.08433914184570312 s
 |   |   |  res_norm      = 4.0851e-03
 |   |   |  res_err       = 5.8492e-07
 |   |   |  dres_norm     = 6.9841e+03
 |   |   |  res_err_rel   = 1.0000e+00
 |   |   |  Solve… 0.04692697525024414 s
 |   |   |  dU_bar_norm   = 2.1605e-03
 |   |   |  dU_tilde_norm = 2.1297e-02
 |   |   |  dS_area_norm  = 3.9780e-03
 |   |   |  dPhis_norm    = 1.3068e-05
 |   |   |  dpressure_norm = 4.1131e-03
 |   |   |  relax         = 1.0000e+00
 |   |   |  U_bar_norm    = 2.1016e-01
 |   |   |  U_bar_norm_old = 1.0563e-01
 |   |   |  U_tilde_norm  = 4.7212e-01
 |   |   |  U_tilde_norm_old = 2.5673e-01
 |   |   |  S_area_norm   = 1.4736e+00
 |   |   |  S_area_norm_old = 1.4000e+00
 |   |   |  Phis_norm     = 4.1356e+01
 |   |   |  Phis_norm_old = 4.1356e+01
 |   |   |  pressure_norm = 9.1255e-01
 |   |   |  pressure_norm_old = 8.9372e-01
 |   |   |  U_bar_err     = 1.0280e-02
 |   |   |  U_tilde_err   = 4.5110e-02
 |   |   |  S_area_err    = 2.6995e-03
 |   |   |  Phis_err      = 3.1598e-07
 |   |   |  pressure_err  = 4.5073e-03
 |   |  k_iter = 3
 |   |   |  Assembly… 0.0874030590057373 s
 |   |   |  res_norm      = 5.4871e-05
 |   |   |  res_err       = 7.8566e-09
 |   |   |  dres_norm     = 4.0410e-03
 |   |   |  res_err_rel   = 9.8921e-01
 |   |   |  Solve… 0.04725193977355957 s
 |   |   |  dU_bar_norm   = 1.5511e-05
 |   |   |  dU_tilde_norm = 1.6158e-04
 |   |   |  dS_area_norm  = 1.4560e-05
 |   |   |  dPhis_norm    = 1.5277e-07
 |   |   |  dpressure_norm = 4.4278e-05
 |   |   |  relax         = 1.0000e+00
 |   |   |  U_bar_norm    = 2.1017e-01
 |   |   |  U_bar_norm_old = 1.0563e-01
 |   |   |  U_tilde_norm  = 4.7198e-01
 |   |   |  U_tilde_norm_old = 2.5673e-01
 |   |   |  S_area_norm   = 1.4736e+00
 |   |   |  S_area_norm_old = 1.4000e+00
 |   |   |  Phis_norm     = 4.1356e+01
 |   |   |  Phis_norm_old = 4.1356e+01
 |   |   |  pressure_norm = 9.1255e-01
 |   |   |  pressure_norm_old = 8.9372e-01
 |   |   |  U_bar_err     = 7.3805e-05
 |   |   |  U_tilde_err   = 3.4234e-04
 |   |   |  S_area_err    = 9.8801e-06
 |   |   |  Phis_err      = 3.6940e-09
 |   |   |  pressure_err  = 4.8522e-05
 |   |  k_iter = 4
 |   |   |  Assembly… 0.08590579032897949 s
 |   |   |  res_norm      = 5.8464e-09
 |   |   |  res_err       = 8.3710e-13
 |   |   |  dres_norm     = 5.4867e-05
 |   |   |  res_err_rel   = 9.9991e-01
 |   |   |  Solve… 0.052370309829711914 s
 |   |   |  dU_bar_norm   = 1.1693e-09
 |   |   |  dU_tilde_norm = 4.7616e-08
 |   |   |  dS_area_norm  = 2.6817e-10
 |   |   |  dPhis_norm    = 2.7239e-11
 |   |   |  dpressure_norm = 7.9709e-09
 |   |   |  relax         = 1.0000e+00
 |   |   |  U_bar_norm    = 2.1017e-01
 |   |   |  U_bar_norm_old = 1.0563e-01
 |   |   |  U_tilde_norm  = 4.7198e-01
 |   |   |  U_tilde_norm_old = 2.5673e-01
 |   |   |  S_area_norm   = 1.4736e+00
 |   |   |  S_area_norm_old = 1.4000e+00
 |   |   |  Phis_norm     = 4.1356e+01
 |   |   |  Phis_norm_old = 4.1356e+01
 |   |   |  pressure_norm = 9.1255e-01
 |   |   |  pressure_norm_old = 8.9372e-01
 |   |   |  U_bar_err     = 5.5635e-09
 |   |   |  U_tilde_err   = 1.0089e-07
 |   |   |  S_area_err    = 1.8198e-10
 |   |   |  Phis_err      = 6.5865e-13
 |   |   |  pressure_err  = 8.7348e-09
 |   |   |  Nonlinear solver converged…
 |  k_t = 3
 |   |  dt = 0.1
 |   |  t = 0.30000000000000004
 |   |  t_step = 0.30000000000000004
 |   |  k_iter = 1
 |   |   |  Assembly… 0.0858621597290039 s
 |   |   |  res_norm      = 6.9841e+03
 |   |   |  Solve… 0.04746103286743164 s
 |   |   |  dU_bar_norm   = 1.0399e-01
 |   |   |  dU_tilde_norm = 2.0019e-01
 |   |   |  dS_area_norm  = 7.6710e-02
 |   |   |  dPhis_norm    = 1.0797e-04
 |   |   |  dpressure_norm = 3.3877e-02
 |   |   |  U_bar_norm    = 3.1411e-01
 |   |   |  U_bar_norm_old = 2.1017e-01
 |   |   |  U_tilde_norm  = 6.7133e-01
 |   |   |  U_tilde_norm_old = 4.7198e-01
 |   |   |  S_area_norm   = 1.5504e+00
 |   |   |  S_area_norm_old = 1.4736e+00
 |   |   |  Phis_norm     = 4.1356e+01
 |   |   |  Phis_norm_old = 4.1356e+01
 |   |   |  pressure_norm = 9.3307e-01
 |   |   |  pressure_norm_old = 9.1255e-01
 |   |   |  U_bar_err     = 3.3105e-01
 |   |   |  U_tilde_err   = 2.9821e-01
 |   |   |  S_area_err    = 4.9479e-02
 |   |   |  Phis_err      = 2.6109e-06
 |   |   |  pressure_err  = 3.6307e-02
 |   |  k_iter = 2
 |   |   |  Assembly… 0.08466982841491699 s
 |   |   |  res_norm      = 2.4744e-03
 |   |   |  res_err       = 3.5429e-07
 |   |   |  dres_norm     = 6.9841e+03
 |   |   |  res_err_rel   = 1.0000e+00
 |   |   |  Solve… 0.046710968017578125 s
 |   |   |  dU_bar_norm   = 1.8029e-03
 |   |   |  dU_tilde_norm = 1.5625e-02
 |   |   |  dS_area_norm  = 1.9715e-03
 |   |   |  dPhis_norm    = 7.7060e-06
 |   |   |  dpressure_norm = 2.6681e-03
 |   |   |  relax         = 1.0000e+00
 |   |   |  U_bar_norm    = 3.1358e-01
 |   |   |  U_bar_norm_old = 2.1017e-01
 |   |   |  U_tilde_norm  = 6.5786e-01
 |   |   |  U_tilde_norm_old = 4.7198e-01
 |   |   |  S_area_norm   = 1.5523e+00
 |   |   |  S_area_norm_old = 1.4736e+00
 |   |   |  Phis_norm     = 4.1356e+01
 |   |   |  Phis_norm_old = 4.1356e+01
 |   |   |  pressure_norm = 9.3393e-01
 |   |   |  pressure_norm_old = 9.1255e-01
 |   |   |  U_bar_err     = 5.7493e-03
 |   |   |  U_tilde_err   = 2.3751e-02
 |   |   |  S_area_err    = 1.2700e-03
 |   |   |  Phis_err      = 1.8633e-07
 |   |   |  pressure_err  = 2.8568e-03
 |   |  k_iter = 3
 |   |   |  Assembly… 0.0845801830291748 s
 |   |   |  res_norm      = 2.1977e-05
 |   |   |  res_err       = 3.1467e-09
 |   |   |  dres_norm     = 2.4585e-03
 |   |   |  res_err_rel   = 9.9358e-01
 |   |   |  Solve… 0.046981096267700195 s
 |   |   |  dU_bar_norm   = 1.2337e-05
 |   |   |  dU_tilde_norm = 2.3721e-05
 |   |   |  dS_area_norm  = 2.2994e-06
 |   |   |  dPhis_norm    = 5.7600e-08
 |   |   |  dpressure_norm = 1.6752e-05
 |   |   |  relax         = 1.0000e+00
 |   |   |  U_bar_norm    = 3.1359e-01
 |   |   |  U_bar_norm_old = 2.1017e-01
 |   |   |  U_tilde_norm  = 6.5785e-01
 |   |   |  U_tilde_norm_old = 4.7198e-01
 |   |   |  S_area_norm   = 1.5523e+00
 |   |   |  S_area_norm_old = 1.4736e+00
 |   |   |  Phis_norm     = 4.1356e+01
 |   |   |  Phis_norm_old = 4.1356e+01
 |   |   |  pressure_norm = 9.3394e-01
 |   |   |  pressure_norm_old = 9.1255e-01
 |   |   |  U_bar_err     = 3.9342e-05
 |   |   |  U_tilde_err   = 3.6058e-05
 |   |   |  S_area_err    = 1.4813e-06
 |   |   |  Phis_err      = 1.3928e-09
 |   |   |  pressure_err  = 1.7937e-05
 |   |  k_iter = 4
 |   |   |  Assembly… 0.08615493774414062 s
 |   |   |  res_norm      = 5.2864e-10
 |   |   |  res_err       = 7.5693e-14
 |   |   |  dres_norm     = 2.1977e-05
 |   |   |  res_err_rel   = 9.9999e-01
 |   |   |  Solve… 0.04894423484802246 s
 |   |   |  dU_bar_norm   = 3.5197e-10
 |   |   |  dU_tilde_norm = 2.4533e-09
 |   |   |  dS_area_norm  = 3.7638e-10
 |   |   |  dPhis_norm    = 1.7326e-12
 |   |   |  dpressure_norm = 5.2916e-10
 |   |   |  relax         = 1.0000e+00
 |   |   |  U_bar_norm    = 3.1359e-01
 |   |   |  U_bar_norm_old = 2.1017e-01
 |   |   |  U_tilde_norm  = 6.5785e-01
 |   |   |  U_tilde_norm_old = 4.7198e-01
 |   |   |  S_area_norm   = 1.5523e+00
 |   |   |  S_area_norm_old = 1.4736e+00
 |   |   |  Phis_norm     = 4.1356e+01
 |   |   |  Phis_norm_old = 4.1356e+01
 |   |   |  pressure_norm = 9.3394e-01
 |   |   |  pressure_norm_old = 9.1255e-01
 |   |   |  U_bar_err     = 1.1224e-09
 |   |   |  U_tilde_err   = 3.7293e-09
 |   |   |  S_area_err    = 2.4246e-10
 |   |   |  Phis_err      = 4.1894e-14
 |   |   |  pressure_err  = 5.6659e-10
 |   |   |  Nonlinear solver converged…
 |  k_t = 4
 |   |  dt = 0.1
 |   |  t = 0.4
 |   |  t_step = 0.4
 |   |  k_iter = 1
 |   |   |  Assembly… 0.08582520484924316 s
 |   |   |  res_norm      = 6.9841e+03
 |   |   |  Solve… 0.04691290855407715 s
 |   |   |  dU_bar_norm   = 1.0309e-01
 |   |   |  dU_tilde_norm = 1.7623e-01
 |   |   |  dS_area_norm  = 8.0321e-02
 |   |   |  dPhis_norm    = 1.1739e-04
 |   |   |  dpressure_norm = 3.7515e-02
 |   |   |  U_bar_norm    = 4.1658e-01
 |   |   |  U_bar_norm_old = 3.1359e-01
 |   |   |  U_tilde_norm  = 8.3234e-01
 |   |   |  U_tilde_norm_old = 6.5785e-01
 |   |   |  S_area_norm   = 1.6326e+00
 |   |   |  S_area_norm_old = 1.5523e+00
 |   |   |  Phis_norm     = 4.1356e+01
 |   |   |  Phis_norm_old = 4.1356e+01
 |   |   |  pressure_norm = 9.5707e-01
 |   |   |  pressure_norm_old = 9.3394e-01
 |   |   |  U_bar_err     = 2.4747e-01
 |   |   |  U_tilde_err   = 2.1173e-01
 |   |   |  S_area_err    = 4.9197e-02
 |   |   |  Phis_err      = 2.8385e-06
 |   |   |  pressure_err  = 3.9197e-02
 |   |  k_iter = 2
 |   |   |  Assembly… 0.08677291870117188 s
 |   |   |  res_norm      = 1.8389e-03
 |   |   |  res_err       = 2.6329e-07
 |   |   |  dres_norm     = 6.9841e+03
 |   |   |  res_err_rel   = 1.0000e+00
 |   |   |  Solve… 0.047033071517944336 s
 |   |   |  dU_bar_norm   = 1.4701e-03
 |   |   |  dU_tilde_norm = 1.1765e-02
 |   |   |  dS_area_norm  = 1.2070e-03
 |   |   |  dPhis_norm    = 6.4475e-06
 |   |   |  dpressure_norm = 2.2316e-03
 |   |   |  relax         = 1.0000e+00
 |   |   |  U_bar_norm    = 4.1617e-01
 |   |   |  U_bar_norm_old = 3.1359e-01
 |   |   |  U_tilde_norm  = 8.2217e-01
 |   |   |  U_tilde_norm_old = 6.5785e-01
 |   |   |  S_area_norm   = 1.6339e+00
 |   |   |  S_area_norm_old = 1.5523e+00
 |   |   |  Phis_norm     = 4.1356e+01
 |   |   |  Phis_norm_old = 4.1356e+01
 |   |   |  pressure_norm = 9.5791e-01
 |   |   |  pressure_norm_old = 9.3394e-01
 |   |   |  U_bar_err     = 3.5324e-03
 |   |   |  U_tilde_err   = 1.4310e-02
 |   |   |  S_area_err    = 7.3876e-04
 |   |   |  Phis_err      = 1.5590e-07
 |   |   |  pressure_err  = 2.3296e-03
 |   |  k_iter = 3
 |   |   |  Assembly… 0.08458280563354492 s
 |   |   |  res_norm      = 1.1992e-05
 |   |   |  res_err       = 1.7170e-09
 |   |   |  dres_norm     = 1.8305e-03
 |   |   |  res_err_rel   = 9.9544e-01
 |   |   |  Solve… 0.04693603515625 s
 |   |   |  dU_bar_norm   = 9.6578e-06
 |   |   |  dU_tilde_norm = 1.9191e-05
 |   |   |  dS_area_norm  = 1.3030e-06
 |   |   |  dPhis_norm    = 3.2051e-08
 |   |   |  dpressure_norm = 9.6379e-06
 |   |   |  relax         = 1.0000e+00
 |   |   |  U_bar_norm    = 4.1618e-01
 |   |   |  U_bar_norm_old = 3.1359e-01
 |   |   |  U_tilde_norm  = 8.2218e-01
 |   |   |  U_tilde_norm_old = 6.5785e-01
 |   |   |  S_area_norm   = 1.6339e+00
 |   |   |  S_area_norm_old = 1.5523e+00
 |   |   |  Phis_norm     = 4.1356e+01
 |   |   |  Phis_norm_old = 4.1356e+01
 |   |   |  pressure_norm = 9.5792e-01
 |   |   |  pressure_norm_old = 9.3394e-01
 |   |   |  U_bar_err     = 2.3206e-05
 |   |   |  U_tilde_err   = 2.3341e-05
 |   |   |  S_area_err    = 7.9749e-07
 |   |   |  Phis_err      = 7.7501e-10
 |   |   |  pressure_err  = 1.0061e-05
 |   |  k_iter = 4
 |   |   |  Assembly… 0.08476424217224121 s
 |   |   |  res_norm      = 2.7765e-10
 |   |   |  res_err       = 3.9754e-14
 |   |   |  dres_norm     = 1.1991e-05
 |   |   |  res_err_rel   = 9.9999e-01
 |   |   |  Solve… 0.04767203330993652 s
 |   |   |  dU_bar_norm   = 2.7786e-10
 |   |   |  dU_tilde_norm = 8.3149e-10
 |   |   |  dS_area_norm  = 6.6169e-11
 |   |   |  dPhis_norm    = 1.3486e-12
 |   |   |  dpressure_norm = 4.0107e-10
 |   |   |  relax         = 1.0000e+00
 |   |   |  U_bar_norm    = 4.1618e-01
 |   |   |  U_bar_norm_old = 3.1359e-01
 |   |   |  U_tilde_norm  = 8.2218e-01
 |   |   |  U_tilde_norm_old = 6.5785e-01
 |   |   |  S_area_norm   = 1.6339e+00
 |   |   |  S_area_norm_old = 1.5523e+00
 |   |   |  Phis_norm     = 4.1356e+01
 |   |   |  Phis_norm_old = 4.1356e+01
 |   |   |  pressure_norm = 9.5792e-01
 |   |   |  pressure_norm_old = 9.3394e-01
 |   |   |  U_bar_err     = 6.6765e-10
 |   |   |  U_tilde_err   = 1.0113e-09
 |   |   |  S_area_err    = 4.0499e-11
 |   |   |  Phis_err      = 3.2610e-14
 |   |   |  pressure_err  = 4.1869e-10
 |   |   |  Nonlinear solver converged…
 |  k_t = 5
 |   |  dt = 0.1
 |   |  t = 0.5
 |   |  t_step = 0.5
 |   |  k_iter = 1
 |   |   |  Assembly… 0.08678293228149414 s
 |   |   |  res_norm      = 6.9841e+03
 |   |   |  Solve… 0.04714202880859375 s
 |   |   |  dU_bar_norm   = 1.0244e-01
 |   |   |  dU_tilde_norm = 1.5869e-01
 |   |   |  dS_area_norm  = 8.2597e-02
 |   |   |  dPhis_norm    = 1.2509e-04
 |   |   |  dpressure_norm = 4.0544e-02
 |   |   |  U_bar_norm    = 5.1847e-01
 |   |   |  U_bar_norm_old = 4.1618e-01
 |   |   |  U_tilde_norm  = 9.7822e-01
 |   |   |  U_tilde_norm_old = 8.2218e-01
 |   |   |  S_area_norm   = 1.7165e+00
 |   |   |  S_area_norm_old = 1.6339e+00
 |   |   |  Phis_norm     = 4.1356e+01
 |   |   |  Phis_norm_old = 4.1356e+01
 |   |   |  pressure_norm = 9.8373e-01
 |   |   |  pressure_norm_old = 9.5792e-01
 |   |   |  U_bar_err     = 1.9759e-01
 |   |   |  U_tilde_err   = 1.6223e-01
 |   |   |  S_area_err    = 4.8121e-02
 |   |   |  Phis_err      = 3.0247e-06
 |   |   |  pressure_err  = 4.1215e-02
 |   |  k_iter = 2
 |   |   |  Assembly… 0.08516621589660645 s
 |   |   |  res_norm      = 1.5319e-03
 |   |   |  res_err       = 2.1935e-07
 |   |   |  dres_norm     = 6.9841e+03
 |   |   |  res_err_rel   = 1.0000e+00
 |   |   |  Solve… 0.047158002853393555 s
 |   |   |  dU_bar_norm   = 1.2041e-03
 |   |   |  dU_tilde_norm = 9.1126e-03
 |   |   |  dS_area_norm  = 8.9026e-04
 |   |   |  dPhis_norm    = 5.9262e-06
 |   |   |  dpressure_norm = 1.9502e-03
 |   |   |  relax         = 1.0000e+00
 |   |   |  U_bar_norm    = 5.1815e-01
 |   |   |  U_bar_norm_old = 4.1618e-01
 |   |   |  U_tilde_norm  = 9.7037e-01
 |   |   |  U_tilde_norm_old = 8.2218e-01
 |   |   |  S_area_norm   = 1.7173e+00
 |   |   |  S_area_norm_old = 1.6339e+00
 |   |   |  Phis_norm     = 4.1356e+01
 |   |   |  Phis_norm_old = 4.1356e+01
 |   |   |  pressure_norm = 9.8452e-01
 |   |   |  pressure_norm_old = 9.5792e-01
 |   |   |  U_bar_err     = 2.3238e-03
 |   |   |  U_tilde_err   = 9.3908e-03
 |   |   |  S_area_err    = 5.1839e-04
 |   |   |  Phis_err      = 1.4330e-07
 |   |   |  pressure_err  = 1.9809e-03
 |   |  k_iter = 3
 |   |   |  Assembly… 0.08467984199523926 s
 |   |   |  res_norm      = 8.1878e-06
 |   |   |  res_err       = 1.1723e-09
 |   |   |  dres_norm     = 1.5262e-03
 |   |   |  res_err_rel   = 9.9623e-01
 |   |   |  Solve… 0.04697990417480469 s
 |   |   |  dU_bar_norm   = 7.7062e-06
 |   |   |  dU_tilde_norm = 2.1640e-05
 |   |   |  dS_area_norm  = 2.3763e-06
 |   |   |  dPhis_norm    = 3.5157e-08
 |   |   |  dpressure_norm = 1.0690e-05
 |   |   |  relax         = 1.0000e+00
 |   |   |  U_bar_norm    = 5.1815e-01
 |   |   |  U_bar_norm_old = 4.1618e-01
 |   |   |  U_tilde_norm  = 9.7039e-01
 |   |   |  U_tilde_norm_old = 8.2218e-01
 |   |   |  S_area_norm   = 1.7173e+00
 |   |   |  S_area_norm_old = 1.6339e+00
 |   |   |  Phis_norm     = 4.1356e+01
 |   |   |  Phis_norm_old = 4.1356e+01
 |   |   |  pressure_norm = 9.8453e-01
 |   |   |  pressure_norm_old = 9.5792e-01
 |   |   |  U_bar_err     = 1.4873e-05
 |   |   |  U_tilde_err   = 2.2301e-05
 |   |   |  S_area_err    = 1.3837e-06
 |   |   |  Phis_err      = 8.5012e-10
 |   |   |  pressure_err  = 1.0858e-05
 |   |  k_iter = 4
 |   |   |  Assembly… 0.08450484275817871 s
 |   |   |  res_norm      = 1.9665e-10
 |   |   |  res_err       = 2.8157e-14
 |   |   |  dres_norm     = 8.1876e-06
 |   |   |  res_err_rel   = 9.9998e-01
 |   |   |  Solve… 0.04689788818359375 s
 |   |   |  dU_bar_norm   = 1.5634e-10
 |   |   |  dU_tilde_norm = 5.5045e-10
 |   |   |  dS_area_norm  = 3.1759e-12
 |   |   |  dPhis_norm    = 1.0575e-12
 |   |   |  dpressure_norm = 3.1300e-10
 |   |   |  relax         = 1.0000e+00
 |   |   |  U_bar_norm    = 5.1815e-01
 |   |   |  U_bar_norm_old = 4.1618e-01
 |   |   |  U_tilde_norm  = 9.7039e-01
 |   |   |  U_tilde_norm_old = 8.2218e-01
 |   |   |  S_area_norm   = 1.7173e+00
 |   |   |  S_area_norm_old = 1.6339e+00
 |   |   |  Phis_norm     = 4.1356e+01
 |   |   |  Phis_norm_old = 4.1356e+01
 |   |   |  pressure_norm = 9.8453e-01
 |   |   |  pressure_norm_old = 9.5792e-01
 |   |   |  U_bar_err     = 3.0172e-10
 |   |   |  U_tilde_err   = 5.6725e-10
 |   |   |  S_area_err    = 1.8493e-12
 |   |   |  Phis_err      = 2.5571e-14
 |   |   |  pressure_err  = 3.1792e-10
 |   |   |  Nonlinear solver converged…
 |  k_t = 6
 |   |  dt = 0.1
 |   |  t = 0.6
 |   |  t_step = 0.6
 |   |  k_iter = 1
 |   |   |  Assembly… 0.08719515800476074 s
 |   |   |  res_norm      = 6.9841e+03
 |   |   |  Solve… 0.04787182807922363 s
 |   |   |  dU_bar_norm   = 1.0196e-01
 |   |   |  dU_tilde_norm = 1.4557e-01
 |   |   |  dS_area_norm  = 8.4310e-02
 |   |   |  dPhis_norm    = 1.3167e-04
 |   |   |  dpressure_norm = 4.3032e-02
 |   |   |  U_bar_norm    = 6.1991e-01
 |   |   |  U_bar_norm_old = 5.1815e-01
 |   |   |  U_tilde_norm  = 1.1124e+00
 |   |   |  U_tilde_norm_old = 9.7039e-01
 |   |   |  S_area_norm   = 1.8017e+00
 |   |   |  S_area_norm_old = 1.7173e+00
 |   |   |  Phis_norm     = 4.1356e+01
 |   |   |  Phis_norm_old = 4.1356e+01
 |   |   |  pressure_norm = 1.0129e+00
 |   |   |  pressure_norm_old = 9.8453e-01
 |   |   |  U_bar_err     = 1.6448e-01
 |   |   |  U_tilde_err   = 1.3086e-01
 |   |   |  S_area_err    = 4.6796e-02
 |   |   |  Phis_err      = 3.1839e-06
 |   |   |  pressure_err  = 4.2482e-02
 |   |  k_iter = 2
 |   |   |  Assembly… 0.08653378486633301 s
 |   |   |  res_norm      = 1.3568e-03
 |   |   |  res_err       = 1.9427e-07
 |   |   |  dres_norm     = 6.9841e+03
 |   |   |  res_err_rel   = 1.0000e+00
 |   |   |  Solve… 0.04746699333190918 s
 |   |   |  dU_bar_norm   = 9.9850e-04
 |   |   |  dU_tilde_norm = 7.2362e-03
 |   |   |  dS_area_norm  = 7.3244e-04
 |   |   |  dPhis_norm    = 5.3024e-06
 |   |   |  dpressure_norm = 1.6568e-03
 |   |   |  relax         = 1.0000e+00
 |   |   |  U_bar_norm    = 6.1966e-01
 |   |   |  U_bar_norm_old = 5.1815e-01
 |   |   |  U_tilde_norm  = 1.1062e+00
 |   |   |  U_tilde_norm_old = 9.7039e-01
 |   |   |  S_area_norm   = 1.8024e+00
 |   |   |  S_area_norm_old = 1.7173e+00
 |   |   |  Phis_norm     = 4.1356e+01
 |   |   |  Phis_norm_old = 4.1356e+01
 |   |   |  pressure_norm = 1.0136e+00
 |   |   |  pressure_norm_old = 9.8453e-01
 |   |   |  U_bar_err     = 1.6114e-03
 |   |   |  U_tilde_err   = 6.5412e-03
 |   |   |  S_area_err    = 4.0637e-04
 |   |   |  Phis_err      = 1.2821e-07
 |   |   |  pressure_err  = 1.6346e-03
 |   |  k_iter = 3
 |   |   |  Assembly… 0.08551621437072754 s
 |   |   |  res_norm      = 6.0034e-06
 |   |   |  res_err       = 8.5959e-10
 |   |   |  dres_norm     = 1.3525e-03
 |   |   |  res_err_rel   = 9.9686e-01
 |   |   |  Solve… 0.04752492904663086 s
 |   |   |  dU_bar_norm   = 6.3430e-06
 |   |   |  dU_tilde_norm = 1.9413e-05
 |   |   |  dS_area_norm  = 2.6069e-06
 |   |   |  dPhis_norm    = 3.7277e-08
 |   |   |  dpressure_norm = 1.1270e-05
 |   |   |  relax         = 1.0000e+00
 |   |   |  U_bar_norm    = 6.1966e-01
 |   |   |  U_bar_norm_old = 5.1815e-01
 |   |   |  U_tilde_norm  = 1.1063e+00
 |   |   |  U_tilde_norm_old = 9.7039e-01
 |   |   |  S_area_norm   = 1.8024e+00
 |   |   |  S_area_norm_old = 1.7173e+00
 |   |   |  Phis_norm     = 4.1356e+01
 |   |   |  Phis_norm_old = 4.1356e+01
 |   |   |  pressure_norm = 1.0136e+00
 |   |   |  pressure_norm_old = 9.8453e-01
 |   |   |  U_bar_err     = 1.0236e-05
 |   |   |  U_tilde_err   = 1.7548e-05
 |   |   |  S_area_err    = 1.4464e-06
 |   |   |  Phis_err      = 9.0139e-10
 |   |   |  pressure_err  = 1.1119e-05
 |   |  k_iter = 4
 |   |   |  Assembly… 0.08459186553955078 s
 |   |   |  res_norm      = 1.2024e-10
 |   |   |  res_err       = 1.7216e-14
 |   |   |  dres_norm     = 6.0034e-06
 |   |   |  res_err_rel   = 9.9999e-01
 |   |   |  Solve… 0.0469210147857666 s
 |   |   |  dU_bar_norm   = 8.9474e-11
 |   |   |  dU_tilde_norm = 2.9040e-10
 |   |   |  dS_area_norm  = 3.3330e-12
 |   |   |  dPhis_norm    = 6.8594e-13
 |   |   |  dpressure_norm = 2.0205e-10
 |   |   |  relax         = 1.0000e+00
 |   |   |  U_bar_norm    = 6.1966e-01
 |   |   |  U_bar_norm_old = 5.1815e-01
 |   |   |  U_tilde_norm  = 1.1063e+00
 |   |   |  U_tilde_norm_old = 9.7039e-01
 |   |   |  S_area_norm   = 1.8024e+00
 |   |   |  S_area_norm_old = 1.7173e+00
 |   |   |  Phis_norm     = 4.1356e+01
 |   |   |  Phis_norm_old = 4.1356e+01
 |   |   |  pressure_norm = 1.0136e+00
 |   |   |  pressure_norm_old = 9.8453e-01
 |   |   |  U_bar_err     = 1.4439e-10
 |   |   |  U_tilde_err   = 2.6250e-10
 |   |   |  S_area_err    = 1.8492e-12
 |   |   |  Phis_err      = 1.6586e-14
 |   |   |  pressure_err  = 1.9934e-10
 |   |   |  Nonlinear solver converged…
 |  k_t = 7
 |   |  dt = 0.1
 |   |  t = 0.7
 |   |  t_step = 0.7
 |   |  k_iter = 1
 |   |   |  Assembly… 0.08535480499267578 s
 |   |   |  res_norm      = 6.9841e+03
 |   |   |  Solve… 0.05117607116699219 s
 |   |   |  dU_bar_norm   = 1.0160e-01
 |   |   |  dU_tilde_norm = 1.3556e-01
 |   |   |  dS_area_norm  = 8.5732e-02
 |   |   |  dPhis_norm    = 1.3686e-04
 |   |   |  dpressure_norm = 4.4869e-02
 |   |   |  U_bar_norm    = 7.2102e-01
 |   |   |  U_bar_norm_old = 6.1966e-01
 |   |   |  U_tilde_norm  = 1.2375e+00
 |   |   |  U_tilde_norm_old = 1.1063e+00
 |   |   |  S_area_norm   = 1.8881e+00
 |   |   |  S_area_norm_old = 1.8024e+00
 |   |   |  Phis_norm     = 4.1356e+01
 |   |   |  Phis_norm_old = 4.1356e+01
 |   |   |  pressure_norm = 1.0443e+00
 |   |   |  pressure_norm_old = 1.0136e+00
 |   |   |  U_bar_err     = 1.4092e-01
 |   |   |  U_tilde_err   = 1.0954e-01
 |   |   |  S_area_err    = 4.5406e-02
 |   |   |  Phis_err      = 3.3094e-06
 |   |   |  pressure_err  = 4.2966e-02
 |   |  k_iter = 2
 |   |   |  Assembly… 0.0866541862487793 s
 |   |   |  res_norm      = 1.2474e-03
 |   |   |  res_err       = 1.7860e-07
 |   |   |  dres_norm     = 6.9841e+03
 |   |   |  res_err_rel   = 1.0000e+00
 |   |   |  Solve… 0.047161102294921875 s
 |   |   |  dU_bar_norm   = 8.3895e-04
 |   |   |  dU_tilde_norm = 5.8646e-03
 |   |   |  dS_area_norm  = 6.2993e-04
 |   |   |  dPhis_norm    = 4.6153e-06
 |   |   |  dpressure_norm = 1.3848e-03
 |   |   |  relax         = 1.0000e+00
 |   |   |  U_bar_norm    = 7.2082e-01
 |   |   |  U_bar_norm_old = 6.1966e-01
 |   |   |  U_tilde_norm  = 1.2325e+00
 |   |   |  U_tilde_norm_old = 1.1063e+00
 |   |   |  S_area_norm   = 1.8887e+00
 |   |   |  S_area_norm_old = 1.8024e+00
 |   |   |  Phis_norm     = 4.1356e+01
 |   |   |  Phis_norm_old = 4.1356e+01
 |   |   |  pressure_norm = 1.0447e+00
 |   |   |  pressure_norm_old = 1.0136e+00
 |   |   |  U_bar_err     = 1.1639e-03
 |   |   |  U_tilde_err   = 4.7581e-03
 |   |   |  S_area_err    = 3.3352e-04
 |   |   |  Phis_err      = 1.1160e-07
 |   |   |  pressure_err  = 1.3256e-03
 |   |  k_iter = 3
 |   |   |  Assembly… 0.08771705627441406 s
 |   |   |  res_norm      = 4.4938e-06
 |   |   |  res_err       = 6.4344e-10
 |   |   |  dres_norm     = 1.2442e-03
 |   |   |  res_err_rel   = 9.9746e-01
 |   |   |  Solve… 0.04967308044433594 s
 |   |   |  dU_bar_norm   = 5.3805e-06
 |   |   |  dU_tilde_norm = 1.6476e-05
 |   |   |  dS_area_norm  = 2.5644e-06
 |   |   |  dPhis_norm    = 3.6035e-08
 |   |   |  dpressure_norm = 1.0821e-05
 |   |   |  relax         = 1.0000e+00
 |   |   |  U_bar_norm    = 7.2083e-01
 |   |   |  U_bar_norm_old = 6.1966e-01
 |   |   |  U_tilde_norm  = 1.2325e+00
 |   |   |  U_tilde_norm_old = 1.1063e+00
 |   |   |  S_area_norm   = 1.8887e+00
 |   |   |  S_area_norm_old = 1.8024e+00
 |   |   |  Phis_norm     = 4.1356e+01
 |   |   |  Phis_norm_old = 4.1356e+01
 |   |   |  pressure_norm = 1.0447e+00
 |   |   |  pressure_norm_old = 1.0136e+00
 |   |   |  U_bar_err     = 7.4643e-06
 |   |   |  U_tilde_err   = 1.3367e-05
 |   |   |  S_area_err    = 1.3577e-06
 |   |   |  Phis_err      = 8.7135e-10
 |   |   |  pressure_err  = 1.0358e-05
 |   |  k_iter = 4
 |   |   |  Assembly… 0.08583688735961914 s
 |   |   |  res_norm      = 6.8247e-11
 |   |   |  res_err       = 9.7718e-15
 |   |   |  dres_norm     = 4.4938e-06
 |   |   |  res_err_rel   = 9.9999e-01
 |   |   |  Solve… 0.046941280364990234 s
 |   |   |  dU_bar_norm   = 5.4862e-11
 |   |   |  dU_tilde_norm = 1.6128e-10
 |   |   |  dS_area_norm  = 1.3954e-12
 |   |   |  dPhis_norm    = 4.3592e-13
 |   |   |  dpressure_norm = 1.2776e-10
 |   |   |  relax         = 1.0000e+00
 |   |   |  U_bar_norm    = 7.2083e-01
 |   |   |  U_bar_norm_old = 6.1966e-01
 |   |   |  U_tilde_norm  = 1.2325e+00
 |   |   |  U_tilde_norm_old = 1.1063e+00
 |   |   |  S_area_norm   = 1.8887e+00
 |   |   |  S_area_norm_old = 1.8024e+00
 |   |   |  Phis_norm     = 4.1356e+01
 |   |   |  Phis_norm_old = 4.1356e+01
 |   |   |  pressure_norm = 1.0447e+00
 |   |   |  pressure_norm_old = 1.0136e+00
 |   |   |  U_bar_err     = 7.6109e-11
 |   |   |  U_tilde_err   = 1.3085e-10
 |   |   |  S_area_err    = 7.3880e-13
 |   |   |  Phis_err      = 1.0541e-14
 |   |   |  pressure_err  = 1.2230e-10
 |   |   |  Nonlinear solver converged…
 |  k_t = 8
 |   |  dt = 0.1
 |   |  t = 0.7999999999999999
 |   |  t_step = 0.7999999999999999
 |   |  k_iter = 1
 |   |   |  Assembly… 0.08678007125854492 s
 |   |   |  res_norm      = 6.9841e+03
 |   |   |  Solve… 0.04749798774719238 s
 |   |   |  dU_bar_norm   = 1.0133e-01
 |   |   |  dU_tilde_norm = 1.2781e-01
 |   |   |  dS_area_norm  = 8.6958e-02
 |   |   |  dPhis_norm    = 1.4032e-04
 |   |   |  dpressure_norm = 4.5976e-02
 |   |   |  U_bar_norm    = 8.2188e-01
 |   |   |  U_bar_norm_old = 7.2083e-01
 |   |   |  U_tilde_norm  = 1.3553e+00
 |   |   |  U_tilde_norm_old = 1.2325e+00
 |   |   |  S_area_norm   = 1.9757e+00
 |   |   |  S_area_norm_old = 1.8887e+00
 |   |   |  Phis_norm     = 4.1356e+01
 |   |   |  Phis_norm_old = 4.1356e+01
 |   |   |  pressure_norm = 1.0772e+00
 |   |   |  pressure_norm_old = 1.0447e+00
 |   |   |  U_bar_err     = 1.2329e-01
 |   |   |  U_tilde_err   = 9.4309e-02
 |   |   |  S_area_err    = 4.4014e-02
 |   |   |  Phis_err      = 3.3929e-06
 |   |   |  pressure_err  = 4.2681e-02
 |   |  k_iter = 2
 |   |   |  Assembly… 0.08646726608276367 s
 |   |   |  res_norm      = 1.1739e-03
 |   |   |  res_err       = 1.6808e-07
 |   |   |  dres_norm     = 6.9841e+03
 |   |   |  res_err_rel   = 1.0000e+00
 |   |   |  Solve… 0.047455787658691406 s
 |   |   |  dU_bar_norm   = 7.1290e-04
 |   |   |  dU_tilde_norm = 4.8310e-03
 |   |   |  dS_area_norm  = 5.4808e-04
 |   |   |  dPhis_norm    = 4.0233e-06
 |   |   |  dpressure_norm = 1.1900e-03
 |   |   |  relax         = 1.0000e+00
 |   |   |  U_bar_norm    = 8.2172e-01
 |   |   |  U_bar_norm_old = 7.2083e-01
 |   |   |  U_tilde_norm  = 1.3513e+00
 |   |   |  U_tilde_norm_old = 1.2325e+00
 |   |   |  S_area_norm   = 1.9762e+00
 |   |   |  S_area_norm_old = 1.8887e+00
 |   |   |  Phis_norm     = 4.1356e+01
 |   |   |  Phis_norm_old = 4.1356e+01
 |   |   |  pressure_norm = 1.0773e+00
 |   |   |  pressure_norm_old = 1.0447e+00
 |   |   |  U_bar_err     = 8.6757e-04
 |   |   |  U_tilde_err   = 3.5751e-03
 |   |   |  S_area_err    = 2.7734e-04
 |   |   |  Phis_err      = 9.7286e-08
 |   |   |  pressure_err  = 1.1045e-03
 |   |  k_iter = 3
 |   |   |  Assembly… 0.08520197868347168 s
 |   |   |  res_norm      = 3.4096e-06
 |   |   |  res_err       = 4.8820e-10
 |   |   |  dres_norm     = 1.1715e-03
 |   |   |  res_err_rel   = 9.9797e-01
 |   |   |  Solve… 0.0477900505065918 s
 |   |   |  dU_bar_norm   = 4.6802e-06
 |   |   |  dU_tilde_norm = 1.3891e-05
 |   |   |  dS_area_norm  = 2.4442e-06
 |   |   |  dPhis_norm    = 3.3017e-08
 |   |   |  dpressure_norm = 9.8510e-06
 |   |   |  relax         = 1.0000e+00
 |   |   |  U_bar_norm    = 8.2172e-01
 |   |   |  U_bar_norm_old = 7.2083e-01
 |   |   |  U_tilde_norm  = 1.3513e+00
 |   |   |  U_tilde_norm_old = 1.2325e+00
 |   |   |  S_area_norm   = 1.9762e+00
 |   |   |  S_area_norm_old = 1.8887e+00
 |   |   |  Phis_norm     = 4.1356e+01
 |   |   |  Phis_norm_old = 4.1356e+01
 |   |   |  pressure_norm = 1.0774e+00
 |   |   |  pressure_norm_old = 1.0447e+00
 |   |   |  U_bar_err     = 5.6956e-06
 |   |   |  U_tilde_err   = 1.0280e-05
 |   |   |  S_area_err    = 1.2368e-06
 |   |   |  Phis_err      = 7.9837e-10
 |   |   |  pressure_err  = 9.1437e-06
 |   |  k_iter = 4
 |   |   |  Assembly… 0.08622002601623535 s
 |   |   |  res_norm      = 3.8706e-11
 |   |   |  res_err       = 5.5420e-15
 |   |   |  dres_norm     = 3.4096e-06
 |   |   |  res_err_rel   = 9.9999e-01
 |   |   |  Solve… 0.047219038009643555 s
 |   |   |  dU_bar_norm   = 3.6154e-11
 |   |   |  dU_tilde_norm = 9.9108e-11
 |   |   |  dS_area_norm  = 6.7202e-13
 |   |   |  dPhis_norm    = 2.8506e-13
 |   |   |  dpressure_norm = 8.3264e-11
 |   |   |  relax         = 1.0000e+00
 |   |   |  U_bar_norm    = 8.2172e-01
 |   |   |  U_bar_norm_old = 7.2083e-01
 |   |   |  U_tilde_norm  = 1.3513e+00
 |   |   |  U_tilde_norm_old = 1.2325e+00
 |   |   |  S_area_norm   = 1.9762e+00
 |   |   |  S_area_norm_old = 1.8887e+00
 |   |   |  Phis_norm     = 4.1356e+01
 |   |   |  Phis_norm_old = 4.1356e+01
 |   |   |  pressure_norm = 1.0774e+00
 |   |   |  pressure_norm_old = 1.0447e+00
 |   |   |  U_bar_err     = 4.3999e-11
 |   |   |  U_tilde_err   = 7.3343e-11
 |   |   |  S_area_err    = 3.4005e-13
 |   |   |  Phis_err      = 6.8928e-15
 |   |   |  pressure_err  = 7.7285e-11
 |   |   |  Nonlinear solver converged…
 |  k_t = 9
 |   |  dt = 0.1
 |   |  t = 0.8999999999999999
 |   |  t_step = 0.8999999999999999
 |   |  k_iter = 1
 |   |   |  Assembly… 0.0847170352935791 s
 |   |   |  res_norm      = 6.9841e+03
 |   |   |  Solve… 0.04748797416687012 s
 |   |   |  dU_bar_norm   = 1.0112e-01
 |   |   |  dU_tilde_norm = 1.2176e-01
 |   |   |  dS_area_norm  = 8.8025e-02
 |   |   |  dPhis_norm    = 1.4189e-04
 |   |   |  dpressure_norm = 4.6358e-02
 |   |   |  U_bar_norm    = 9.2253e-01
 |   |   |  U_bar_norm_old = 8.2172e-01
 |   |   |  U_tilde_norm  = 1.4673e+00
 |   |   |  U_tilde_norm_old = 1.3513e+00
 |   |   |  S_area_norm   = 2.0643e+00
 |   |   |  S_area_norm_old = 1.9762e+00
 |   |   |  Phis_norm     = 4.1356e+01
 |   |   |  Phis_norm_old = 4.1356e+01
 |   |   |  pressure_norm = 1.1110e+00
 |   |   |  pressure_norm_old = 1.0774e+00
 |   |   |  U_bar_err     = 1.0961e-01
 |   |   |  U_tilde_err   = 8.2980e-02
 |   |   |  S_area_err    = 4.2642e-02
 |   |   |  Phis_err      = 3.4311e-06
 |   |   |  pressure_err  = 4.1726e-02
 |   |  k_iter = 2
 |   |   |  Assembly… 0.08628392219543457 s
 |   |   |  res_norm      = 1.1193e-03
 |   |   |  res_err       = 1.6027e-07
 |   |   |  dres_norm     = 6.9841e+03
 |   |   |  res_err_rel   = 1.0000e+00
 |   |   |  Solve… 0.04717397689819336 s
 |   |   |  dU_bar_norm   = 6.1134e-04
 |   |   |  dU_tilde_norm = 4.0325e-03
 |   |   |  dS_area_norm  = 4.7670e-04
 |   |   |  dPhis_norm    = 3.6240e-06
 |   |   |  dpressure_norm = 1.0965e-03
 |   |   |  relax         = 1.0000e+00
 |   |   |  U_bar_norm    = 9.2240e-01
 |   |   |  U_bar_norm_old = 8.2172e-01
 |   |   |  U_tilde_norm  = 1.4641e+00
 |   |   |  U_tilde_norm_old = 1.3513e+00
 |   |   |  S_area_norm   = 2.0647e+00
 |   |   |  S_area_norm_old = 1.9762e+00
 |   |   |  Phis_norm     = 4.1356e+01
 |   |   |  Phis_norm_old = 4.1356e+01
 |   |   |  pressure_norm = 1.1109e+00
 |   |   |  pressure_norm_old = 1.0774e+00
 |   |   |  U_bar_err     = 6.6277e-04
 |   |   |  U_tilde_err   = 2.7543e-03
 |   |   |  S_area_err    = 2.3088e-04
 |   |   |  Phis_err      = 8.7629e-08
 |   |   |  pressure_err  = 9.8703e-04
 |   |  k_iter = 3
 |   |   |  Assembly… 0.08514285087585449 s
 |   |   |  res_norm      = 2.6234e-06
 |   |   |  res_err       = 3.7563e-10
 |   |   |  dres_norm     = 1.1175e-03
 |   |   |  res_err_rel   = 9.9839e-01
 |   |   |  Solve… 0.04716300964355469 s
 |   |   |  dU_bar_norm   = 4.1518e-06
 |   |   |  dU_tilde_norm = 1.1816e-05
 |   |   |  dS_area_norm  = 2.3095e-06
 |   |   |  dPhis_norm    = 2.9368e-08
 |   |   |  dpressure_norm = 8.7108e-06
 |   |   |  relax         = 1.0000e+00
 |   |   |  U_bar_norm    = 9.2240e-01
 |   |   |  U_bar_norm_old = 8.2172e-01
 |   |   |  U_tilde_norm  = 1.4641e+00
 |   |   |  U_tilde_norm_old = 1.3513e+00
 |   |   |  S_area_norm   = 2.0647e+00
 |   |   |  S_area_norm_old = 1.9762e+00
 |   |   |  Phis_norm     = 4.1356e+01
 |   |   |  Phis_norm_old = 4.1356e+01
 |   |   |  pressure_norm = 1.1109e+00
 |   |   |  pressure_norm_old = 1.0774e+00
 |   |   |  U_bar_err     = 4.5010e-06
 |   |   |  U_tilde_err   = 8.0709e-06
 |   |   |  S_area_err    = 1.1185e-06
 |   |   |  Phis_err      = 7.1013e-10
 |   |   |  pressure_err  = 7.8412e-06
 |   |  k_iter = 4
 |   |   |  Assembly… 0.08675003051757812 s
 |   |   |  res_norm      = 2.2983e-11
 |   |   |  res_err       = 3.2907e-15
 |   |   |  dres_norm     = 2.6234e-06
 |   |   |  res_err_rel   = 1.0000e+00
 |   |   |  Solve… 0.04671502113342285 s
 |   |   |  dU_bar_norm   = 2.5410e-11
 |   |   |  dU_tilde_norm = 6.7218e-11
 |   |   |  dS_area_norm  = 1.8874e-12
 |   |   |  dPhis_norm    = 1.9453e-13
 |   |   |  dpressure_norm = 5.6734e-11
 |   |   |  relax         = 1.0000e+00
 |   |   |  U_bar_norm    = 9.2240e-01
 |   |   |  U_bar_norm_old = 8.2172e-01
 |   |   |  U_tilde_norm  = 1.4641e+00
 |   |   |  U_tilde_norm_old = 1.3513e+00
 |   |   |  S_area_norm   = 2.0647e+00
 |   |   |  S_area_norm_old = 1.9762e+00
 |   |   |  Phis_norm     = 4.1356e+01
 |   |   |  Phis_norm_old = 4.1356e+01
 |   |   |  pressure_norm = 1.1109e+00
 |   |   |  pressure_norm_old = 1.0774e+00
 |   |   |  U_bar_err     = 2.7548e-11
 |   |   |  U_tilde_err   = 4.5912e-11
 |   |   |  S_area_err    = 9.1409e-13
 |   |   |  Phis_err      = 4.7039e-15
 |   |   |  pressure_err  = 5.1070e-11
 |   |   |  Nonlinear solver converged…
 |  k_t = 10
 |   |  dt = 0.1
 |   |  t = 0.9999999999999999
 |   |  t_step = 0.9999999999999999
 |   |  k_iter = 1
 |   |   |  Assembly… 0.08443331718444824 s
 |   |   |  res_norm      = 6.9841e+03
 |   |   |  Solve… 0.0485992431640625 s
 |   |   |  dU_bar_norm   = 1.0095e-01
 |   |   |  dU_tilde_norm = 1.1697e-01
 |   |   |  dS_area_norm  = 8.8952e-02
 |   |   |  dPhis_norm    = 1.4168e-04
 |   |   |  dpressure_norm = 4.6088e-02
 |   |   |  U_bar_norm    = 1.0230e+00
 |   |   |  U_bar_norm_old = 9.2240e-01
 |   |   |  U_tilde_norm  = 1.5747e+00
 |   |   |  U_tilde_norm_old = 1.4641e+00
 |   |   |  S_area_norm   = 2.1537e+00
 |   |   |  S_area_norm_old = 2.0647e+00
 |   |   |  Phis_norm     = 4.1355e+01
 |   |   |  Phis_norm_old = 4.1356e+01
 |   |   |  pressure_norm = 1.1451e+00
 |   |   |  pressure_norm_old = 1.1109e+00
 |   |   |  U_bar_err     = 9.8675e-02
 |   |   |  U_tilde_err   = 7.4280e-02
 |   |   |  S_area_err    = 4.1302e-02
 |   |   |  Phis_err      = 3.4258e-06
 |   |   |  pressure_err  = 4.0247e-02
 |   |  k_iter = 2
 |   |   |  Assembly… 0.08719110488891602 s
 |   |   |  res_norm      = 1.0739e-03
 |   |   |  res_err       = 1.5376e-07
 |   |   |  dres_norm     = 6.9841e+03
 |   |   |  res_err_rel   = 1.0000e+00
 |   |   |  Solve… 0.046679019927978516 s
 |   |   |  dU_bar_norm   = 5.2817e-04
 |   |   |  dU_tilde_norm = 3.4035e-03
 |   |   |  dS_area_norm  = 4.1335e-04
 |   |   |  dPhis_norm    = 3.4235e-06
 |   |   |  dpressure_norm = 1.0834e-03
 |   |   |  relax         = 1.0000e+00
 |   |   |  U_bar_norm    = 1.0229e+00
 |   |   |  U_bar_norm_old = 9.2240e-01
 |   |   |  U_tilde_norm  = 1.5720e+00
 |   |   |  U_tilde_norm_old = 1.4641e+00
 |   |   |  S_area_norm   = 2.1541e+00
 |   |   |  S_area_norm_old = 2.0647e+00
 |   |   |  Phis_norm     = 4.1355e+01
 |   |   |  Phis_norm_old = 4.1356e+01
 |   |   |  pressure_norm = 1.1448e+00
 |   |   |  pressure_norm_old = 1.1109e+00
 |   |   |  U_bar_err     = 5.1633e-04
 |   |   |  U_tilde_err   = 2.1650e-03
 |   |   |  S_area_err    = 1.9189e-04
 |   |   |  Phis_err      = 8.2782e-08
 |   |   |  pressure_err  = 9.4644e-04
 |   |  k_iter = 3
 |   |   |  Assembly… 0.0863790512084961 s
 |   |   |  res_norm      = 2.0493e-06
 |   |   |  res_err       = 2.9343e-10
 |   |   |  dres_norm     = 1.0725e-03
 |   |   |  res_err_rel   = 9.9871e-01
 |   |   |  Solve… 0.046838998794555664 s
 |   |   |  dU_bar_norm   = 3.7369e-06
 |   |   |  dU_tilde_norm = 1.0184e-05
 |   |   |  dS_area_norm  = 2.1779e-06
 |   |   |  dPhis_norm    = 2.5724e-08
 |   |   |  dpressure_norm = 7.5900e-06
 |   |   |  relax         = 1.0000e+00
 |   |   |  U_bar_norm    = 1.0229e+00
 |   |   |  U_bar_norm_old = 9.2240e-01
 |   |   |  U_tilde_norm  = 1.5720e+00
 |   |   |  U_tilde_norm_old = 1.4641e+00
 |   |   |  S_area_norm   = 2.1541e+00
 |   |   |  S_area_norm_old = 2.0647e+00
 |   |   |  Phis_norm     = 4.1355e+01
 |   |   |  Phis_norm_old = 4.1356e+01
 |   |   |  pressure_norm = 1.1448e+00
 |   |   |  pressure_norm_old = 1.1109e+00
 |   |   |  U_bar_err     = 3.6532e-06
 |   |   |  U_tilde_err   = 6.4784e-06
 |   |   |  S_area_err    = 1.0110e-06
 |   |   |  Phis_err      = 6.2202e-10
 |   |   |  pressure_err  = 6.6302e-06
 |   |  k_iter = 4
 |   |   |  Assembly… 0.08692002296447754 s
 |   |   |  res_norm      = 1.4656e-11
 |   |   |  res_err       = 2.0985e-15
 |   |   |  dres_norm     = 2.0493e-06
 |   |   |  res_err_rel   = 1.0000e+00
 |   |   |  Solve… 0.047319889068603516 s
 |   |   |  dU_bar_norm   = 1.8851e-11
 |   |   |  dU_tilde_norm = 4.9374e-11
 |   |   |  dS_area_norm  = 2.4477e-12
 |   |   |  dPhis_norm    = 1.3871e-13
 |   |   |  dpressure_norm = 4.0446e-11
 |   |   |  relax         = 1.0000e+00
 |   |   |  U_bar_norm    = 1.0229e+00
 |   |   |  U_bar_norm_old = 9.2240e-01
 |   |   |  U_tilde_norm  = 1.5720e+00
 |   |   |  U_tilde_norm_old = 1.4641e+00
 |   |   |  S_area_norm   = 2.1541e+00
 |   |   |  S_area_norm_old = 2.0647e+00
 |   |   |  Phis_norm     = 4.1355e+01
 |   |   |  Phis_norm_old = 4.1356e+01
 |   |   |  pressure_norm = 1.1448e+00
 |   |   |  pressure_norm_old = 1.1109e+00
 |   |   |  U_bar_err     = 1.8429e-11
 |   |   |  U_tilde_err   = 3.1408e-11
 |   |   |  S_area_err    = 1.1363e-12
 |   |   |  Phis_err      = 3.3540e-15
 |   |   |  pressure_err  = 3.5331e-11
 |   |   |  Nonlinear solver converged…
