-----------------------------------------------------------------------
|  k_step |   k_t   |    dt   |    t    |  t_step |  n_iter | success |
-----------------------------------------------------------------------
|    1    |    1    |   0.1   |   0.1   |   0.1   |    7    |   True  |
|    1    |    2    |   0.1   |   0.2   |   0.2   |    5    |   True  |
|    1    |    3    |   0.1   | 3.00e-01| 3.00e-01|    5    |   True  |
|    1    |    4    |   0.1   |   0.4   |   0.4   |    6    |  False  |
|    1    |    4    |   0.05  | 3.50e-01| 3.50e-01|    5    |   True  |
|    1    |    5    |   0.05  |   0.4   |   0.4   |    6    |   True  |
|    1    |    6    |   0.05  |   0.45  |   0.45  |    5    |   True  |
|    1    |    7    |   0.05  |   0.5   |   0.5   |    4    |   True  |
|    1    |    8    |   0.1   |   0.6   |   0.6   |    6    |   True  |
|    1    |    9    |   0.1   |   0.7   |   0.7   |    3    |  False  |
|    1    |    9    |   0.05  |   0.65  |   0.65  |    32   |  False  |
|    1    |    9    |  0.025  |  0.625  |  0.625  |    6    |  False  |
|    1    |    9    |  0.0125 | 6.12e-01| 6.12e-01|    14   |   True  |
|    1    |    10   |  0.0125 | 6.25e-01| 6.25e-01|    26   |  False  |
|    1    |    10   | 0.00625 | 6.19e-01| 6.19e-01|    32   |  False  |
|    1    |    10   | 0.003125| 0.615625| 0.615625|    27   |  False  |
|    1    |    10   |0.0015625|0.6140625|0.6140625|    4    |   True  |
|    1    |    11   | 0.003125|0.6171875|0.6171875|    14   |  False  |
|    1    |    11   |0.0015625| 0.615625| 0.615625|    32   |  False  |
