k_step = 1
 |  k_t = 1
 |   |  dt = 0.1
 |   |  t = 0.1
 |   |  t_step = 0.1
 |   |  k_iter = 1
 |   |   |  Assembly… 0.04653215408325195 s
 |   |   |  res_norm      = 2.2770e+01
 |   |   |  Solve… 0.011039972305297852 s
 |   |   |  dU_bar_norm   = 6.2859e-02
 |   |   |  dU_tilde_norm = 2.3178e+00
 |   |   |  dS_area_norm  = 1.3168e+00
 |   |   |  dPhis_norm    = 1.1213e-01
 |   |   |  dpressure_norm = 3.2924e+01
 |   |   |  U_bar_norm    = 6.2859e-02
 |   |   |  U_bar_norm_old = 0.0000e+00
 |   |   |  U_tilde_norm  = 2.3178e+00
 |   |   |  U_tilde_norm_old = 0.0000e+00
 |   |   |  S_area_norm   = 1.3168e+00
 |   |   |  S_area_norm_old = 0.0000e+00
 |   |   |  Phis_norm     = 1.8117e+01
 |   |   |  Phis_norm_old = 1.8125e+01
 |   |   |  pressure_norm = 3.2924e+01
 |   |   |  pressure_norm_old = 0.0000e+00
 |   |   |  U_bar_err     = 1.0000e+00
 |   |   |  U_tilde_err   = 1.0000e+00
 |   |   |  S_area_err    = 1.0000e+00
 |   |   |  Phis_err      = 6.1867e-03
 |   |   |  pressure_err  = 1.0000e+00
 |   |  k_iter = 2
 |   |   |  Assembly… 0.02347278594970703 s
 |   |   |  res_norm      = 3.2243e-01
 |   |   |  res_err       = 1.4160e-02
 |   |   |  dres_norm     = 2.2774e+01
 |   |   |  res_err_rel   = 1.0001e+00
 |   |   |  Solve… 0.008260250091552734 s
 |   |   |  dU_bar_norm   = 7.6950e-02
 |   |   |  dU_tilde_norm = 5.7017e-01
 |   |   |  dS_area_norm  = 2.0035e-01
 |   |   |  dPhis_norm    = 1.0907e-02
 |   |   |  dpressure_norm = 2.9929e+00
 |   |   |  relax         = 1.0000e+00
 |   |   |  U_bar_norm    = 1.0026e-01
 |   |   |  U_bar_norm_old = 0.0000e+00
 |   |   |  U_tilde_norm  = 2.2580e+00
 |   |   |  U_tilde_norm_old = 0.0000e+00
 |   |   |  S_area_norm   = 1.1165e+00
 |   |   |  S_area_norm_old = 0.0000e+00
 |   |   |  Phis_norm     = 1.8125e+01
 |   |   |  Phis_norm_old = 1.8125e+01
 |   |   |  pressure_norm = 3.3896e+01
 |   |   |  pressure_norm_old = 0.0000e+00
 |   |   |  U_bar_err     = 7.6748e-01
 |   |   |  U_tilde_err   = 2.5251e-01
 |   |   |  S_area_err    = 1.7945e-01
 |   |   |  Phis_err      = 6.0176e-04
 |   |   |  pressure_err  = 8.8297e-02
 |   |  k_iter = 3
 |   |   |  Assembly… 0.02378082275390625 s
 |   |   |  res_norm      = 6.7689e-02
 |   |   |  res_err       = 2.9726e-03
 |   |   |  dres_norm     = 3.2724e-01
 |   |   |  res_err_rel   = 1.0149e+00
 |   |   |  Solve… 0.0078089237213134766 s
 |   |   |  dU_bar_norm   = 5.9614e-03
 |   |   |  dU_tilde_norm = 6.9000e-02
 |   |   |  dS_area_norm  = 3.9535e-02
 |   |   |  dPhis_norm    = 8.8041e-04
 |   |   |  dpressure_norm = 2.6781e-01
 |   |   |  relax         = 1.0000e+00
 |   |   |  U_bar_norm    = 1.0587e-01
 |   |   |  U_bar_norm_old = 0.0000e+00
 |   |   |  U_tilde_norm  = 2.2564e+00
 |   |   |  U_tilde_norm_old = 0.0000e+00
 |   |   |  S_area_norm   = 1.1560e+00
 |   |   |  S_area_norm_old = 0.0000e+00
 |   |   |  Phis_norm     = 1.8125e+01
 |   |   |  Phis_norm_old = 1.8125e+01
 |   |   |  pressure_norm = 3.3754e+01
 |   |   |  pressure_norm_old = 0.0000e+00
 |   |   |  U_bar_err     = 5.6308e-02
 |   |   |  U_tilde_err   = 3.0579e-02
 |   |   |  S_area_err    = 3.4199e-02
 |   |   |  Phis_err      = 4.8574e-05
 |   |   |  pressure_err  = 7.9342e-03
 |   |  k_iter = 4
 |   |   |  Assembly… 0.02317070960998535 s
 |   |   |  res_norm      = 2.0193e-02
 |   |   |  res_err       = 8.8680e-04
 |   |   |  dres_norm     = 6.8483e-02
 |   |   |  res_err_rel   = 1.0117e+00
 |   |   |  Solve… 0.007567882537841797 s
 |   |   |  dU_bar_norm   = 4.5031e-03
 |   |   |  dU_tilde_norm = 4.7093e-02
 |   |   |  dS_area_norm  = 2.5195e-02
 |   |   |  dPhis_norm    = 1.9749e-04
 |   |   |  dpressure_norm = 6.0209e-02
 |   |   |  relax         = 1.0000e+00
 |   |   |  U_bar_norm    = 1.1028e-01
 |   |   |  U_bar_norm_old = 0.0000e+00
 |   |   |  U_tilde_norm  = 2.2684e+00
 |   |   |  U_tilde_norm_old = 0.0000e+00
 |   |   |  S_area_norm   = 1.1812e+00
 |   |   |  S_area_norm_old = 0.0000e+00
 |   |   |  Phis_norm     = 1.8125e+01
 |   |   |  Phis_norm_old = 1.8125e+01
 |   |   |  pressure_norm = 3.3783e+01
 |   |   |  pressure_norm_old = 0.0000e+00
 |   |   |  U_bar_err     = 4.0833e-02
 |   |   |  U_tilde_err   = 2.0760e-02
 |   |   |  S_area_err    = 2.1330e-02
 |   |   |  Phis_err      = 1.0896e-05
 |   |   |  pressure_err  = 1.7823e-03
 |   |  k_iter = 5
 |   |   |  Assembly… 0.02360701560974121 s
 |   |   |  res_norm      = 3.8000e-02
 |   |   |  res_err       = 1.6688e-03
 |   |   |  dres_norm     = 3.5256e-02
 |   |   |  res_err_rel   = 1.7460e+00
 |   |   |  Solve… 0.00849604606628418 s
 |   |   |  dU_bar_norm   = 1.9568e-03
 |   |   |  dU_tilde_norm = 1.5645e-02
 |   |   |  dS_area_norm  = 6.6746e-03
 |   |   |  dPhis_norm    = 7.8318e-05
 |   |   |  dpressure_norm = 2.3846e-02
 |   |   |  relax         = 1.0000e+00
 |   |   |  U_bar_norm    = 1.1212e-01
 |   |   |  U_bar_norm_old = 0.0000e+00
 |   |   |  U_tilde_norm  = 2.2725e+00
 |   |   |  U_tilde_norm_old = 0.0000e+00
 |   |   |  S_area_norm   = 1.1879e+00
 |   |   |  S_area_norm_old = 0.0000e+00
 |   |   |  Phis_norm     = 1.8125e+01
 |   |   |  Phis_norm_old = 1.8125e+01
 |   |   |  pressure_norm = 3.3790e+01
 |   |   |  pressure_norm_old = 0.0000e+00
 |   |   |  U_bar_err     = 1.7453e-02
 |   |   |  U_tilde_err   = 6.8845e-03
 |   |   |  S_area_err    = 5.6188e-03
 |   |   |  Phis_err      = 4.3210e-06
 |   |   |  pressure_err  = 7.0571e-04
 |   |  k_iter = 6
 |   |   |  Assembly… 0.024029016494750977 s
 |   |   |  res_norm      = 4.3014e-03
 |   |   |  res_err       = 1.8890e-04
 |   |   |  dres_norm     = 4.1906e-02
 |   |   |  res_err_rel   = 1.1028e+00
 |   |   |  Solve… 0.010136127471923828 s
 |   |   |  dU_bar_norm   = 3.0489e-05
 |   |   |  dU_tilde_norm = 5.1372e-04
 |   |   |  dS_area_norm  = 5.7200e-04
 |   |   |  dPhis_norm    = 1.6244e-06
 |   |   |  dpressure_norm = 5.0541e-04
 |   |   |  relax         = 1.0000e+00
 |   |   |  U_bar_norm    = 1.1209e-01
 |   |   |  U_bar_norm_old = 0.0000e+00
 |   |   |  U_tilde_norm  = 2.2723e+00
 |   |   |  U_tilde_norm_old = 0.0000e+00
 |   |   |  S_area_norm   = 1.1885e+00
 |   |   |  S_area_norm_old = 0.0000e+00
 |   |   |  Phis_norm     = 1.8125e+01
 |   |   |  Phis_norm_old = 1.8125e+01
 |   |   |  pressure_norm = 3.3790e+01
 |   |   |  pressure_norm_old = 0.0000e+00
 |   |   |  U_bar_err     = 2.7199e-04
 |   |   |  U_tilde_err   = 2.2607e-04
 |   |   |  S_area_err    = 4.8129e-04
 |   |   |  Phis_err      = 8.9622e-08
 |   |   |  pressure_err  = 1.4957e-05
 |   |  k_iter = 7
 |   |   |  Assembly… 0.0256040096282959 s
 |   |   |  res_norm      = 2.6577e-05
 |   |   |  res_err       = 1.1672e-06
 |   |   |  dres_norm     = 4.2862e-03
 |   |   |  res_err_rel   = 9.9647e-01
 |   |   |  Solve… 0.009437084197998047 s
 |   |   |  dU_bar_norm   = 8.0673e-06
 |   |   |  dU_tilde_norm = 7.0585e-05
 |   |   |  dS_area_norm  = 2.9215e-05
 |   |   |  dPhis_norm    = 3.1554e-07
 |   |   |  dpressure_norm = 9.6096e-05
 |   |   |  relax         = 1.0000e+00
 |   |   |  U_bar_norm    = 1.1209e-01
 |   |   |  U_bar_norm_old = 0.0000e+00
 |   |   |  U_tilde_norm  = 2.2723e+00
 |   |   |  U_tilde_norm_old = 0.0000e+00
 |   |   |  S_area_norm   = 1.1884e+00
 |   |   |  S_area_norm_old = 0.0000e+00
 |   |   |  Phis_norm     = 1.8125e+01
 |   |   |  Phis_norm_old = 1.8125e+01
 |   |   |  pressure_norm = 3.3790e+01
 |   |   |  pressure_norm_old = 0.0000e+00
 |   |   |  U_bar_err     = 7.1973e-05
 |   |   |  U_tilde_err   = 3.1063e-05
 |   |   |  S_area_err    = 2.4583e-05
 |   |   |  Phis_err      = 1.7409e-08
 |   |   |  pressure_err  = 2.8439e-06
 |   |  k_iter = 8
 |   |   |  Assembly… 0.027965307235717773 s
 |   |   |  res_norm      = 5.9884e-08
 |   |   |  res_err       = 2.6299e-09
 |   |   |  dres_norm     = 2.6600e-05
 |   |   |  res_err_rel   = 1.0009e+00
 |   |   |  Solve… 0.009283065795898438 s
 |   |   |  dU_bar_norm   = 2.0727e-09
 |   |   |  dU_tilde_norm = 2.3610e-08
 |   |   |  dS_area_norm  = 1.0917e-08
 |   |   |  dPhis_norm    = 8.3833e-11
 |   |   |  dpressure_norm = 2.5676e-08
 |   |   |  relax         = 1.0000e+00
 |   |   |  U_bar_norm    = 1.1209e-01
 |   |   |  U_bar_norm_old = 0.0000e+00
 |   |   |  U_tilde_norm  = 2.2723e+00
 |   |   |  U_tilde_norm_old = 0.0000e+00
 |   |   |  S_area_norm   = 1.1884e+00
 |   |   |  S_area_norm_old = 0.0000e+00
 |   |   |  Phis_norm     = 1.8125e+01
 |   |   |  Phis_norm_old = 1.8125e+01
 |   |   |  pressure_norm = 3.3790e+01
 |   |   |  pressure_norm_old = 0.0000e+00
 |   |   |  U_bar_err     = 1.8492e-08
 |   |   |  U_tilde_err   = 1.0390e-08
 |   |   |  S_area_err    = 9.1859e-09
 |   |   |  Phis_err      = 4.6253e-12
 |   |   |  pressure_err  = 7.5987e-10
 |   |   |  Nonlinear solver converged…
 |  k_t = 2
 |   |  dt = 0.1
 |   |  t = 0.2
 |   |  t_step = 0.2
 |   |  k_iter = 1
 |   |   |  Assembly… 0.023528099060058594 s
 |   |   |  res_norm      = 4.6446e-03
 |   |   |  Solve… 0.008996963500976562 s
 |   |   |  dU_bar_norm   = 5.5449e-03
 |   |   |  dU_tilde_norm = 4.3679e-02
 |   |   |  dS_area_norm  = 3.0586e-03
 |   |   |  dPhis_norm    = 3.8086e-04
 |   |   |  dpressure_norm = 1.1496e-01
 |   |   |  U_bar_norm    = 1.0668e-01
 |   |   |  U_bar_norm_old = 1.1209e-01
 |   |   |  U_tilde_norm  = 2.2568e+00
 |   |   |  U_tilde_norm_old = 2.2723e+00
 |   |   |  S_area_norm   = 1.1854e+00
 |   |   |  S_area_norm_old = 1.1884e+00
 |   |   |  Phis_norm     = 1.8125e+01
 |   |   |  Phis_norm_old = 1.8125e+01
 |   |   |  pressure_norm = 3.3718e+01
 |   |   |  pressure_norm_old = 3.3790e+01
 |   |   |  U_bar_err     = 4.9469e-02
 |   |   |  U_tilde_err   = 1.9222e-02
 |   |   |  S_area_err    = 2.5737e-03
 |   |   |  Phis_err      = 2.1013e-05
 |   |   |  pressure_err  = 3.4022e-03
 |   |  k_iter = 2
 |   |   |  Assembly… 0.023682832717895508 s
 |   |   |  res_norm      = 3.6273e-03
 |   |   |  res_err       = 7.8097e-01
 |   |   |  dres_norm     = 5.9344e-03
 |   |   |  res_err_rel   = 1.2777e+00
 |   |   |  Solve… 0.008938074111938477 s
 |   |   |  dU_bar_norm   = 1.4309e-04
 |   |   |  dU_tilde_norm = 2.0725e-03
 |   |   |  dS_area_norm  = 1.0915e-03
 |   |   |  dPhis_norm    = 6.8889e-06
 |   |   |  dpressure_norm = 2.1430e-03
 |   |   |  relax         = 1.0000e+00
 |   |   |  U_bar_norm    = 1.0654e-01
 |   |   |  U_bar_norm_old = 1.1209e-01
 |   |   |  U_tilde_norm  = 2.2563e+00
 |   |   |  U_tilde_norm_old = 2.2723e+00
 |   |   |  S_area_norm   = 1.1843e+00
 |   |   |  S_area_norm_old = 1.1884e+00
 |   |   |  Phis_norm     = 1.8125e+01
 |   |   |  Phis_norm_old = 1.8125e+01
 |   |   |  pressure_norm = 3.3717e+01
 |   |   |  pressure_norm_old = 3.3790e+01
 |   |   |  U_bar_err     = 1.2766e-03
 |   |   |  U_tilde_err   = 9.1204e-04
 |   |   |  S_area_err    = 9.1840e-04
 |   |   |  Phis_err      = 3.8007e-07
 |   |   |  pressure_err  = 6.3422e-05
 |   |  k_iter = 3
 |   |   |  Assembly… 0.023715972900390625 s
 |   |   |  res_norm      = 2.4820e-04
 |   |   |  res_err       = 5.3439e-02
 |   |   |  dres_norm     = 3.4119e-03
 |   |   |  res_err_rel   = 9.4062e-01
 |   |   |  Solve… 0.008531332015991211 s
 |   |   |  dU_bar_norm   = 6.6502e-05
 |   |   |  dU_tilde_norm = 6.3456e-04
 |   |   |  dS_area_norm  = 3.2865e-04
 |   |   |  dPhis_norm    = 2.6080e-06
 |   |   |  dpressure_norm = 7.9691e-04
 |   |   |  relax         = 1.0000e+00
 |   |   |  U_bar_norm    = 1.0647e-01
 |   |   |  U_bar_norm_old = 1.1209e-01
 |   |   |  U_tilde_norm  = 2.2561e+00
 |   |   |  U_tilde_norm_old = 2.2723e+00
 |   |   |  S_area_norm   = 1.1840e+00
 |   |   |  S_area_norm_old = 1.1884e+00
 |   |   |  Phis_norm     = 1.8125e+01
 |   |   |  Phis_norm_old = 1.8125e+01
 |   |   |  pressure_norm = 3.3717e+01
 |   |   |  pressure_norm_old = 3.3790e+01
 |   |   |  U_bar_err     = 5.9331e-04
 |   |   |  U_tilde_err   = 2.7926e-04
 |   |   |  S_area_err    = 2.7654e-04
 |   |   |  Phis_err      = 1.4389e-07
 |   |   |  pressure_err  = 2.3584e-05
 |   |  k_iter = 4
 |   |   |  Assembly… 0.024515151977539062 s
 |   |   |  res_norm      = 8.3919e-06
 |   |   |  res_err       = 1.8068e-03
 |   |   |  dres_norm     = 2.4009e-04
 |   |   |  res_err_rel   = 9.6732e-01
 |   |   |  Solve… 0.008804798126220703 s
 |   |   |  dU_bar_norm   = 1.2268e-06
 |   |   |  dU_tilde_norm = 1.2105e-05
 |   |   |  dS_area_norm  = 6.4822e-06
 |   |   |  dPhis_norm    = 4.8037e-08
 |   |   |  dpressure_norm = 1.4685e-05
 |   |   |  relax         = 1.0000e+00
 |   |   |  U_bar_norm    = 1.0647e-01
 |   |   |  U_bar_norm_old = 1.1209e-01
 |   |   |  U_tilde_norm  = 2.2561e+00
 |   |   |  U_tilde_norm_old = 2.2723e+00
 |   |   |  S_area_norm   = 1.1839e+00
 |   |   |  S_area_norm_old = 1.1884e+00
 |   |   |  Phis_norm     = 1.8125e+01
 |   |   |  Phis_norm_old = 1.8125e+01
 |   |   |  pressure_norm = 3.3717e+01
 |   |   |  pressure_norm_old = 3.3790e+01
 |   |   |  U_bar_err     = 1.0945e-05
 |   |   |  U_tilde_err   = 5.3271e-06
 |   |   |  S_area_err    = 5.4544e-06
 |   |   |  Phis_err      = 2.6503e-09
 |   |   |  pressure_err  = 4.3461e-07
 |   |  k_iter = 5
 |   |   |  Assembly… 0.024151086807250977 s
 |   |   |  res_norm      = 4.0976e-09
 |   |   |  res_err       = 8.8222e-07
 |   |   |  dres_norm     = 8.3878e-06
 |   |   |  res_err_rel   = 9.9951e-01
 |   |   |  Solve… 0.009718894958496094 s
 |   |   |  dU_bar_norm   = 7.7221e-10
 |   |   |  dU_tilde_norm = 7.4739e-09
 |   |   |  dS_area_norm  = 3.9763e-09
 |   |   |  dPhis_norm    = 3.0233e-11
 |   |   |  dpressure_norm = 9.2390e-09
 |   |   |  relax         = 1.0000e+00
 |   |   |  U_bar_norm    = 1.0647e-01
 |   |   |  U_bar_norm_old = 1.1209e-01
 |   |   |  U_tilde_norm  = 2.2561e+00
 |   |   |  U_tilde_norm_old = 2.2723e+00
 |   |   |  S_area_norm   = 1.1839e+00
 |   |   |  S_area_norm_old = 1.1884e+00
 |   |   |  Phis_norm     = 1.8125e+01
 |   |   |  Phis_norm_old = 1.8125e+01
 |   |   |  pressure_norm = 3.3717e+01
 |   |   |  pressure_norm_old = 3.3790e+01
 |   |   |  U_bar_err     = 6.8894e-09
 |   |   |  U_tilde_err   = 3.2891e-09
 |   |   |  S_area_err    = 3.3458e-09
 |   |   |  Phis_err      = 1.6680e-12
 |   |   |  pressure_err  = 2.7343e-10
 |   |   |  Nonlinear solver converged…
 |  k_t = 3
 |   |  dt = 0.1
 |   |  t = 0.30000000000000004
 |   |  t_step = 0.30000000000000004
 |   |  k_iter = 1
 |   |   |  Assembly… 0.023861169815063477 s
 |   |   |  res_norm      = 4.6884e-03
 |   |   |  Solve… 0.00868988037109375 s
 |   |   |  dU_bar_norm   = 5.8956e-03
 |   |   |  dU_tilde_norm = 4.7187e-02
 |   |   |  dS_area_norm  = 5.1953e-03
 |   |   |  dPhis_norm    = 3.9859e-04
 |   |   |  dpressure_norm = 1.2045e-01
 |   |   |  U_bar_norm    = 1.0075e-01
 |   |   |  U_bar_norm_old = 1.0647e-01
 |   |   |  U_tilde_norm  = 2.2406e+00
 |   |   |  U_tilde_norm_old = 2.2561e+00
 |   |   |  S_area_norm   = 1.1788e+00
 |   |   |  S_area_norm_old = 1.1839e+00
 |   |   |  Phis_norm     = 1.8125e+01
 |   |   |  Phis_norm_old = 1.8125e+01
 |   |   |  pressure_norm = 3.3642e+01
 |   |   |  pressure_norm_old = 3.3717e+01
 |   |   |  U_bar_err     = 5.5372e-02
 |   |   |  U_tilde_err   = 2.0915e-02
 |   |   |  S_area_err    = 4.3881e-03
 |   |   |  Phis_err      = 2.1991e-05
 |   |   |  pressure_err  = 3.5725e-03
 |   |  k_iter = 2
 |   |   |  Assembly… 0.023782014846801758 s
 |   |   |  res_norm      = 5.8699e-03
 |   |   |  res_err       = 1.2520e+00
 |   |   |  dres_norm     = 7.6905e-03
 |   |   |  res_err_rel   = 1.6403e+00
 |   |   |  Solve… 0.00845789909362793 s
 |   |   |  dU_bar_norm   = 1.1932e-04
 |   |   |  dU_tilde_norm = 2.8527e-03
 |   |   |  dS_area_norm  = 1.4054e-03
 |   |   |  dPhis_norm    = 6.1173e-06
 |   |   |  dpressure_norm = 1.9282e-03
 |   |   |  relax         = 1.0000e+00
 |   |   |  U_bar_norm    = 1.0063e-01
 |   |   |  U_bar_norm_old = 1.0647e-01
 |   |   |  U_tilde_norm  = 2.2401e+00
 |   |   |  U_tilde_norm_old = 2.2561e+00
 |   |   |  S_area_norm   = 1.1773e+00
 |   |   |  S_area_norm_old = 1.1839e+00
 |   |   |  Phis_norm     = 1.8125e+01
 |   |   |  Phis_norm_old = 1.8125e+01
 |   |   |  pressure_norm = 3.3642e+01
 |   |   |  pressure_norm_old = 3.3717e+01
 |   |   |  U_bar_err     = 1.1207e-03
 |   |   |  U_tilde_err   = 1.2644e-03
 |   |   |  S_area_err    = 1.1870e-03
 |   |   |  Phis_err      = 3.3750e-07
 |   |   |  pressure_err  = 5.7189e-05
 |   |  k_iter = 3
 |   |   |  Assembly… 0.02425694465637207 s
 |   |   |  res_norm      = 5.1849e-04
 |   |   |  res_err       = 1.1059e-01
 |   |   |  dres_norm     = 5.4417e-03
 |   |   |  res_err_rel   = 9.2706e-01
 |   |   |  Solve… 0.009123086929321289 s
 |   |   |  dU_bar_norm   = 2.2750e-04
 |   |   |  dU_tilde_norm = 2.3685e-03
 |   |   |  dS_area_norm  = 1.2242e-03
 |   |   |  dPhis_norm    = 8.8006e-06
 |   |   |  dpressure_norm = 2.6955e-03
 |   |   |  relax         = 1.0000e+00
 |   |   |  U_bar_norm    = 1.0042e-01
 |   |   |  U_bar_norm_old = 1.0647e-01
 |   |   |  U_tilde_norm  = 2.2396e+00
 |   |   |  U_tilde_norm_old = 2.2561e+00
 |   |   |  S_area_norm   = 1.1761e+00
 |   |   |  S_area_norm_old = 1.1839e+00
 |   |   |  Phis_norm     = 1.8125e+01
 |   |   |  Phis_norm_old = 1.8125e+01
 |   |   |  pressure_norm = 3.3641e+01
 |   |   |  pressure_norm_old = 3.3717e+01
 |   |   |  U_bar_err     = 2.1367e-03
 |   |   |  U_tilde_err   = 1.0498e-03
 |   |   |  S_area_err    = 1.0340e-03
 |   |   |  Phis_err      = 4.8554e-07
 |   |   |  pressure_err  = 7.9944e-05
 |   |  k_iter = 4
 |   |   |  Assembly… 0.02328801155090332 s
 |   |   |  res_norm      = 1.1961e-04
 |   |   |  res_err       = 2.5512e-02
 |   |   |  dres_norm     = 4.2349e-04
 |   |   |  res_err_rel   = 8.1678e-01
 |   |   |  Solve… 0.008142948150634766 s
 |   |   |  dU_bar_norm   = 8.0158e-06
 |   |   |  dU_tilde_norm = 1.0149e-04
 |   |   |  dS_area_norm  = 4.6789e-05
 |   |   |  dPhis_norm    = 2.9831e-07
 |   |   |  dpressure_norm = 9.1682e-05
 |   |   |  relax         = 1.0000e+00
 |   |   |  U_bar_norm    = 1.0041e-01
 |   |   |  U_bar_norm_old = 1.0647e-01
 |   |   |  U_tilde_norm  = 2.2396e+00
 |   |   |  U_tilde_norm_old = 2.2561e+00
 |   |   |  S_area_norm   = 1.1761e+00
 |   |   |  S_area_norm_old = 1.1839e+00
 |   |   |  Phis_norm     = 1.8125e+01
 |   |   |  Phis_norm_old = 1.8125e+01
 |   |   |  pressure_norm = 3.3641e+01
 |   |   |  pressure_norm_old = 3.3717e+01
 |   |   |  U_bar_err     = 7.5286e-05
 |   |   |  U_tilde_err   = 4.4986e-05
 |   |   |  S_area_err    = 3.9520e-05
 |   |   |  Phis_err      = 1.6458e-08
 |   |   |  pressure_err  = 2.7192e-06
 |   |  k_iter = 5
 |   |   |  Assembly… 0.023284912109375 s
 |   |   |  res_norm      = 4.2118e-07
 |   |   |  res_err       = 8.9835e-05
 |   |   |  dres_norm     = 1.1921e-04
 |   |   |  res_err_rel   = 9.9667e-01
 |   |   |  Solve… 0.00833892822265625 s
 |   |   |  dU_bar_norm   = 1.2351e-07
 |   |   |  dU_tilde_norm = 1.3154e-06
 |   |   |  dS_area_norm  = 6.6647e-07
 |   |   |  dPhis_norm    = 4.7289e-09
 |   |   |  dpressure_norm = 1.4483e-06
 |   |   |  relax         = 1.0000e+00
 |   |   |  U_bar_norm    = 1.0041e-01
 |   |   |  U_bar_norm_old = 1.0647e-01
 |   |   |  U_tilde_norm  = 2.2396e+00
 |   |   |  U_tilde_norm_old = 2.2561e+00
 |   |   |  S_area_norm   = 1.1761e+00
 |   |   |  S_area_norm_old = 1.1839e+00
 |   |   |  Phis_norm     = 1.8125e+01
 |   |   |  Phis_norm_old = 1.8125e+01
 |   |   |  pressure_norm = 3.3641e+01
 |   |   |  pressure_norm_old = 3.3717e+01
 |   |   |  U_bar_err     = 1.1600e-06
 |   |   |  U_tilde_err   = 5.8305e-07
 |   |   |  S_area_err    = 5.6292e-07
 |   |   |  Phis_err      = 2.6090e-10
 |   |   |  pressure_err  = 4.2956e-08
 |   |  k_iter = 6
 |   |   |  Assembly… 0.06573319435119629 s
 |   |   |  res_norm      = 4.3526e-11
 |   |   |  res_err       = 9.2836e-09
 |   |   |  dres_norm     = 4.2114e-07
 |   |   |  res_err_rel   = 9.9990e-01
 |   |   |  Solve… 0.008236885070800781 s
 |   |   |  dU_bar_norm   = 3.7616e-12
 |   |   |  dU_tilde_norm = 4.4754e-11
 |   |   |  dS_area_norm  = 2.0928e-11
 |   |   |  dPhis_norm    = 1.4079e-13
 |   |   |  dpressure_norm = 4.3176e-11
 |   |   |  relax         = 1.0000e+00
 |   |   |  U_bar_norm    = 1.0041e-01
 |   |   |  U_bar_norm_old = 1.0647e-01
 |   |   |  U_tilde_norm  = 2.2396e+00
 |   |   |  U_tilde_norm_old = 2.2561e+00
 |   |   |  S_area_norm   = 1.1761e+00
 |   |   |  S_area_norm_old = 1.1839e+00
 |   |   |  Phis_norm     = 1.8125e+01
 |   |   |  Phis_norm_old = 1.8125e+01
 |   |   |  pressure_norm = 3.3641e+01
 |   |   |  pressure_norm_old = 3.3717e+01
 |   |   |  U_bar_err     = 3.5330e-11
 |   |   |  U_tilde_err   = 1.9836e-11
 |   |   |  S_area_err    = 1.7677e-11
 |   |   |  Phis_err      = 7.7676e-15
 |   |   |  pressure_err  = 1.2805e-12
 |   |   |  Nonlinear solver converged…
 |  k_t = 4
 |   |  dt = 0.1
 |   |  t = 0.4
 |   |  t_step = 0.4
 |   |  k_iter = 1
 |   |   |  Assembly… 0.023120880126953125 s
 |   |   |  res_norm      = 4.7387e-03
 |   |   |  Solve… 0.008311986923217773 s
 |   |   |  dU_bar_norm   = 5.7869e-03
 |   |   |  dU_tilde_norm = 4.7500e-02
 |   |   |  dS_area_norm  = 5.6696e-03
 |   |   |  dPhis_norm    = 3.9921e-04
 |   |   |  dpressure_norm = 1.2077e-01
 |   |   |  U_bar_norm    = 9.4822e-02
 |   |   |  U_bar_norm_old = 1.0041e-01
 |   |   |  U_tilde_norm  = 2.2252e+00
 |   |   |  U_tilde_norm_old = 2.2396e+00
 |   |   |  S_area_norm   = 1.1704e+00
 |   |   |  S_area_norm_old = 1.1761e+00
 |   |   |  Phis_norm     = 1.8125e+01
 |   |   |  Phis_norm_old = 1.8125e+01
 |   |   |  pressure_norm = 3.3565e+01
 |   |   |  pressure_norm_old = 3.3641e+01
 |   |   |  U_bar_err     = 5.7634e-02
 |   |   |  U_tilde_err   = 2.1209e-02
 |   |   |  S_area_err    = 4.8207e-03
 |   |   |  Phis_err      = 2.2025e-05
 |   |   |  pressure_err  = 3.5899e-03
 |   |  k_iter = 2
 |   |   |  Assembly… 0.023077011108398438 s
 |   |   |  res_norm      = 9.5723e-03
 |   |   |  res_err       = 2.0200e+00
 |   |   |  dres_norm     = 1.0960e-02
 |   |   |  res_err_rel   = 2.3129e+00
 |   |   |  Solve… 0.007960081100463867 s
 |   |   |  dU_bar_norm   = 8.0506e-04
 |   |   |  dU_tilde_norm = 7.3880e-03
 |   |   |  dS_area_norm  = 4.2564e-03
 |   |   |  dPhis_norm    = 3.2196e-05
 |   |   |  dpressure_norm = 9.8177e-03
 |   |   |  relax         = 1.0000e+00
 |   |   |  U_bar_norm    = 9.5591e-02
 |   |   |  U_bar_norm_old = 1.0041e-01
 |   |   |  U_tilde_norm  = 2.2267e+00
 |   |   |  U_tilde_norm_old = 2.2396e+00
 |   |   |  S_area_norm   = 1.1747e+00
 |   |   |  S_area_norm_old = 1.1761e+00
 |   |   |  Phis_norm     = 1.8125e+01
 |   |   |  Phis_norm_old = 1.8125e+01
 |   |   |  pressure_norm = 3.3569e+01
 |   |   |  pressure_norm_old = 3.3641e+01
 |   |   |  U_bar_err     = 8.0179e-03
 |   |   |  U_tilde_err   = 3.2988e-03
 |   |   |  S_area_err    = 3.6192e-03
 |   |   |  Phis_err      = 1.7763e-06
 |   |   |  pressure_err  = 2.9184e-04
 |   |  k_iter = 3
 |   |   |  Assembly… 0.023312091827392578 s
 |   |   |  res_norm      = 5.6512e-04
 |   |   |  res_err       = 1.1926e-01
 |   |   |  dres_norm     = 9.2991e-03
 |   |   |  res_err_rel   = 9.7146e-01
 |   |   |  Solve… 0.007819890975952148 s
 |   |   |  dU_bar_norm   = 1.4398e-04
 |   |   |  dU_tilde_norm = 1.6086e-03
 |   |   |  dS_area_norm  = 7.9743e-04
 |   |   |  dPhis_norm    = 5.4073e-06
 |   |   |  dpressure_norm = 1.6579e-03
 |   |   |  relax         = 1.0000e+00
 |   |   |  U_bar_norm    = 9.5726e-02
 |   |   |  U_bar_norm_old = 1.0041e-01
 |   |   |  U_tilde_norm  = 2.2270e+00
 |   |   |  U_tilde_norm_old = 2.2396e+00
 |   |   |  S_area_norm   = 1.1755e+00
 |   |   |  S_area_norm_old = 1.1761e+00
 |   |   |  Phis_norm     = 1.8125e+01
 |   |   |  Phis_norm_old = 1.8125e+01
 |   |   |  pressure_norm = 3.3570e+01
 |   |   |  pressure_norm_old = 3.3641e+01
 |   |   |  U_bar_err     = 1.4340e-03
 |   |   |  U_tilde_err   = 7.1826e-04
 |   |   |  S_area_err    = 6.7804e-04
 |   |   |  Phis_err      = 2.9833e-07
 |   |   |  pressure_err  = 4.9283e-05
 |   |  k_iter = 4
 |   |   |  Assembly… 0.023261070251464844 s
 |   |   |  res_norm      = 7.2417e-05
 |   |   |  res_err       = 1.5282e-02
 |   |   |  dres_norm     = 5.3856e-04
 |   |   |  res_err_rel   = 9.5300e-01
 |   |   |  Solve… 0.00797414779663086 s
 |   |   |  dU_bar_norm   = 7.5539e-06
 |   |   |  dU_tilde_norm = 7.8106e-05
 |   |   |  dS_area_norm  = 4.9064e-05
 |   |   |  dPhis_norm    = 3.0292e-07
 |   |   |  dpressure_norm = 9.2879e-05
 |   |   |  relax         = 1.0000e+00
 |   |   |  U_bar_norm    = 9.5733e-02
 |   |   |  U_bar_norm_old = 1.0041e-01
 |   |   |  U_tilde_norm  = 2.2270e+00
 |   |   |  U_tilde_norm_old = 2.2396e+00
 |   |   |  S_area_norm   = 1.1755e+00
 |   |   |  S_area_norm_old = 1.1761e+00
 |   |   |  Phis_norm     = 1.8125e+01
 |   |   |  Phis_norm_old = 1.8125e+01
 |   |   |  pressure_norm = 3.3570e+01
 |   |   |  pressure_norm_old = 3.3641e+01
 |   |   |  U_bar_err     = 7.5232e-05
 |   |   |  U_tilde_err   = 3.4875e-05
 |   |   |  S_area_err    = 4.1719e-05
 |   |   |  Phis_err      = 1.6713e-08
 |   |   |  pressure_err  = 2.7609e-06
 |   |  k_iter = 5
 |   |   |  Assembly… 0.023777246475219727 s
 |   |   |  res_norm      = 9.7389e-08
 |   |   |  res_err       = 2.0552e-05
 |   |   |  dres_norm     = 7.2337e-05
 |   |   |  res_err_rel   = 9.9890e-01
 |   |   |  Solve… 0.008229255676269531 s
 |   |   |  dU_bar_norm   = 2.0658e-08
 |   |   |  dU_tilde_norm = 2.1897e-07
 |   |   |  dS_area_norm  = 1.1724e-07
 |   |   |  dPhis_norm    = 7.8792e-10
 |   |   |  dpressure_norm = 2.4138e-07
 |   |   |  relax         = 1.0000e+00
 |   |   |  U_bar_norm    = 9.5733e-02
 |   |   |  U_bar_norm_old = 1.0041e-01
 |   |   |  U_tilde_norm  = 2.2270e+00
 |   |   |  U_tilde_norm_old = 2.2396e+00
 |   |   |  S_area_norm   = 1.1755e+00
 |   |   |  S_area_norm_old = 1.1761e+00
 |   |   |  Phis_norm     = 1.8125e+01
 |   |   |  Phis_norm_old = 1.8125e+01
 |   |   |  pressure_norm = 3.3570e+01
 |   |   |  pressure_norm_old = 3.3641e+01
 |   |   |  U_bar_err     = 2.0574e-07
 |   |   |  U_tilde_err   = 9.7771e-08
 |   |   |  S_area_err    = 9.9686e-08
 |   |   |  Phis_err      = 4.3471e-11
 |   |   |  pressure_err  = 7.1753e-09
 |   |   |  Nonlinear solver converged…
 |  k_t = 5
 |   |  dt = 0.1
 |   |  t = 0.5
 |   |  t_step = 0.5
 |   |  k_iter = 1
 |   |   |  Assembly… 0.02311229705810547 s
 |   |   |  res_norm      = 4.7923e-03
 |   |   |  Solve… 0.008059024810791016 s
 |   |   |  dU_bar_norm   = 4.1495e-03
 |   |   |  dU_tilde_norm = 3.3357e-02
 |   |   |  dS_area_norm  = 3.8123e-03
 |   |   |  dPhis_norm    = 3.4925e-04
 |   |   |  dpressure_norm = 1.0556e-01
 |   |   |  U_bar_norm    = 9.1760e-02
 |   |   |  U_bar_norm_old = 9.5733e-02
 |   |   |  U_tilde_norm  = 2.2168e+00
 |   |   |  U_tilde_norm_old = 2.2270e+00
 |   |   |  S_area_norm   = 1.1793e+00
 |   |   |  S_area_norm_old = 1.1755e+00
 |   |   |  Phis_norm     = 1.8125e+01
 |   |   |  Phis_norm_old = 1.8125e+01
 |   |   |  pressure_norm = 3.3500e+01
 |   |   |  pressure_norm_old = 3.3570e+01
 |   |   |  U_bar_err     = 4.3345e-02
 |   |   |  U_tilde_err   = 1.4978e-02
 |   |   |  S_area_err    = 3.2326e-03
 |   |   |  Phis_err      = 1.9268e-05
 |   |   |  pressure_err  = 3.1445e-03
 |   |  k_iter = 2
 |   |   |  Assembly… 0.022838830947875977 s
 |   |   |  res_norm      = 1.6318e-03
 |   |   |  res_err       = 3.4052e-01
 |   |   |  dres_norm     = 5.1306e-03
 |   |   |  res_err_rel   = 1.0706e+00
 |   |   |  Solve… 0.00797414779663086 s
 |   |   |  dU_bar_norm   = 2.1722e-04
 |   |   |  dU_tilde_norm = 2.0953e-03
 |   |   |  dS_area_norm  = 1.1564e-03
 |   |   |  dPhis_norm    = 8.1876e-06
 |   |   |  dpressure_norm = 2.4899e-03
 |   |   |  relax         = 1.0000e+00
 |   |   |  U_bar_norm    = 9.1967e-02
 |   |   |  U_bar_norm_old = 9.5733e-02
 |   |   |  U_tilde_norm  = 2.2171e+00
 |   |   |  U_tilde_norm_old = 2.2270e+00
 |   |   |  S_area_norm   = 1.1805e+00
 |   |   |  S_area_norm_old = 1.1755e+00
 |   |   |  Phis_norm     = 1.8125e+01
 |   |   |  Phis_norm_old = 1.8125e+01
 |   |   |  pressure_norm = 3.3501e+01
 |   |   |  pressure_norm_old = 3.3570e+01
 |   |   |  U_bar_err     = 2.2690e-03
 |   |   |  U_tilde_err   = 9.4085e-04
 |   |   |  S_area_err    = 9.7958e-04
 |   |   |  Phis_err      = 4.5172e-07
 |   |   |  pressure_err  = 7.4171e-05
 |   |  k_iter = 3
 |   |   |  Assembly… 0.023080825805664062 s
 |   |   |  res_norm      = 8.0073e-05
 |   |   |  res_err       = 1.6709e-02
 |   |   |  dres_norm     = 1.5559e-03
 |   |   |  res_err_rel   = 9.5344e-01
 |   |   |  Solve… 0.007723808288574219 s
 |   |   |  dU_bar_norm   = 1.0431e-05
 |   |   |  dU_tilde_norm = 1.1352e-04
 |   |   |  dS_area_norm  = 6.0992e-05
 |   |   |  dPhis_norm    = 4.0268e-07
 |   |   |  dpressure_norm = 1.2366e-04
 |   |   |  relax         = 1.0000e+00
 |   |   |  U_bar_norm    = 9.1977e-02
 |   |   |  U_bar_norm_old = 9.5733e-02
 |   |   |  U_tilde_norm  = 2.2172e+00
 |   |   |  U_tilde_norm_old = 2.2270e+00
 |   |   |  S_area_norm   = 1.1805e+00
 |   |   |  S_area_norm_old = 1.1755e+00
 |   |   |  Phis_norm     = 1.8125e+01
 |   |   |  Phis_norm_old = 1.8125e+01
 |   |   |  pressure_norm = 3.3501e+01
 |   |   |  pressure_norm_old = 3.3570e+01
 |   |   |  U_bar_err     = 1.0896e-04
 |   |   |  U_tilde_err   = 5.0975e-05
 |   |   |  S_area_err    = 5.1665e-05
 |   |   |  Phis_err      = 2.2216e-08
 |   |   |  pressure_err  = 3.6837e-06
 |   |  k_iter = 4
 |   |   |  Assembly… 0.023289203643798828 s
 |   |   |  res_norm      = 2.9785e-07
 |   |   |  res_err       = 6.2152e-05
 |   |   |  dres_norm     = 7.9776e-05
 |   |   |  res_err_rel   = 9.9629e-01
 |   |   |  Solve… 0.007966041564941406 s
 |   |   |  dU_bar_norm   = 3.4094e-08
 |   |   |  dU_tilde_norm = 3.6368e-07
 |   |   |  dS_area_norm  = 2.0905e-07
 |   |   |  dPhis_norm    = 1.3179e-09
 |   |   |  dpressure_norm = 4.0449e-07
 |   |   |  relax         = 1.0000e+00
 |   |   |  U_bar_norm    = 9.1977e-02
 |   |   |  U_bar_norm_old = 9.5733e-02
 |   |   |  U_tilde_norm  = 2.2172e+00
 |   |   |  U_tilde_norm_old = 2.2270e+00
 |   |   |  S_area_norm   = 1.1805e+00
 |   |   |  S_area_norm_old = 1.1755e+00
 |   |   |  Phis_norm     = 1.8125e+01
 |   |   |  Phis_norm_old = 1.8125e+01
 |   |   |  pressure_norm = 3.3501e+01
 |   |   |  pressure_norm_old = 3.3570e+01
 |   |   |  U_bar_err     = 3.5614e-07
 |   |   |  U_tilde_err   = 1.6330e-07
 |   |   |  S_area_err    = 1.7708e-07
 |   |   |  Phis_err      = 7.2709e-11
 |   |   |  pressure_err  = 1.2049e-08
 |   |   |  Nonlinear solver converged…
 |  k_t = 6
 |   |  dt = 0.2
 |   |  t = 0.7
 |   |  t_step = 0.7
 |   |  k_iter = 1
 |   |   |  Assembly… 0.023400068283081055 s
 |   |   |  res_norm      = 9.6940e-03
 |   |   |  Solve… 0.007992267608642578 s
 |   |   |  dU_bar_norm   = 7.6316e-03
 |   |   |  dU_tilde_norm = 6.1610e-02
 |   |   |  dS_area_norm  = 1.2858e-02
 |   |   |  dPhis_norm    = 6.9420e-04
 |   |   |  dpressure_norm = 2.0982e-01
 |   |   |  U_bar_norm    = 8.4778e-02
 |   |   |  U_bar_norm_old = 9.1977e-02
 |   |   |  U_tilde_norm  = 2.1997e+00
 |   |   |  U_tilde_norm_old = 2.2172e+00
 |   |   |  S_area_norm   = 1.1934e+00
 |   |   |  S_area_norm_old = 1.1805e+00
 |   |   |  Phis_norm     = 1.8125e+01
 |   |   |  Phis_norm_old = 1.8125e+01
 |   |   |  pressure_norm = 3.3361e+01
 |   |   |  pressure_norm_old = 3.3501e+01
 |   |   |  U_bar_err     = 8.2973e-02
 |   |   |  U_tilde_err   = 2.7788e-02
 |   |   |  S_area_err    = 1.0774e-02
 |   |   |  Phis_err      = 3.8300e-05
 |   |   |  pressure_err  = 6.2631e-03
 |   |  k_iter = 2
 |   |   |  Assembly… 0.02289891242980957 s
 |   |   |  res_norm      = 2.3805e-03
 |   |   |  res_err       = 2.4556e-01
 |   |   |  dres_norm     = 1.0051e-02
 |   |   |  res_err_rel   = 1.0368e+00
 |   |   |  Solve… 0.007947921752929688 s
 |   |   |  dU_bar_norm   = 3.0055e-04
 |   |   |  dU_tilde_norm = 2.5263e-03
 |   |   |  dS_area_norm  = 1.4378e-03
 |   |   |  dPhis_norm    = 1.1064e-05
 |   |   |  dpressure_norm = 3.3244e-03
 |   |   |  relax         = 1.0000e+00
 |   |   |  U_bar_norm    = 8.5061e-02
 |   |   |  U_bar_norm_old = 9.1977e-02
 |   |   |  U_tilde_norm  = 2.2001e+00
 |   |   |  U_tilde_norm_old = 2.2172e+00
 |   |   |  S_area_norm   = 1.1948e+00
 |   |   |  S_area_norm_old = 1.1805e+00
 |   |   |  Phis_norm     = 1.8125e+01
 |   |   |  Phis_norm_old = 1.8125e+01
 |   |   |  pressure_norm = 3.3362e+01
 |   |   |  pressure_norm_old = 3.3501e+01
 |   |   |  U_bar_err     = 3.2676e-03
 |   |   |  U_tilde_err   = 1.1394e-03
 |   |   |  S_area_err    = 1.2034e-03
 |   |   |  Phis_err      = 6.1043e-07
 |   |   |  pressure_err  = 9.9231e-05
 |   |  k_iter = 3
 |   |   |  Assembly… 0.02319478988647461 s
 |   |   |  res_norm      = 1.0788e-04
 |   |   |  res_err       = 1.1128e-02
 |   |   |  dres_norm     = 2.2928e-03
 |   |   |  res_err_rel   = 9.6317e-01
 |   |   |  Solve… 0.00786280632019043 s
 |   |   |  dU_bar_norm   = 9.5049e-06
 |   |   |  dU_tilde_norm = 1.0489e-04
 |   |   |  dS_area_norm  = 5.7649e-05
 |   |   |  dPhis_norm    = 3.8208e-07
 |   |   |  dpressure_norm = 1.1757e-04
 |   |   |  relax         = 1.0000e+00
 |   |   |  U_bar_norm    = 8.5070e-02
 |   |   |  U_bar_norm_old = 9.1977e-02
 |   |   |  U_tilde_norm  = 2.2001e+00
 |   |   |  U_tilde_norm_old = 2.2172e+00
 |   |   |  S_area_norm   = 1.1949e+00
 |   |   |  S_area_norm_old = 1.1805e+00
 |   |   |  Phis_norm     = 1.8125e+01
 |   |   |  Phis_norm_old = 1.8125e+01
 |   |   |  pressure_norm = 3.3362e+01
 |   |   |  pressure_norm_old = 3.3501e+01
 |   |   |  U_bar_err     = 1.0334e-04
 |   |   |  U_tilde_err   = 4.7307e-05
 |   |   |  S_area_err    = 4.8246e-05
 |   |   |  Phis_err      = 2.1080e-08
 |   |   |  pressure_err  = 3.5094e-06
 |   |  k_iter = 4
 |   |   |  Assembly… 0.023131847381591797 s
 |   |   |  res_norm      = 2.3271e-07
 |   |   |  res_err       = 2.4006e-05
 |   |   |  dres_norm     = 1.0765e-04
 |   |   |  res_err_rel   = 9.9789e-01
 |   |   |  Solve… 0.007757902145385742 s
 |   |   |  dU_bar_norm   = 2.0105e-08
 |   |   |  dU_tilde_norm = 2.1680e-07
 |   |   |  dS_area_norm  = 1.2182e-07
 |   |   |  dPhis_norm    = 7.7236e-10
 |   |   |  dpressure_norm = 2.3745e-07
 |   |   |  relax         = 1.0000e+00
 |   |   |  U_bar_norm    = 8.5070e-02
 |   |   |  U_bar_norm_old = 9.1977e-02
 |   |   |  U_tilde_norm  = 2.2001e+00
 |   |   |  U_tilde_norm_old = 2.2172e+00
 |   |   |  S_area_norm   = 1.1949e+00
 |   |   |  S_area_norm_old = 1.1805e+00
 |   |   |  Phis_norm     = 1.8125e+01
 |   |   |  Phis_norm_old = 1.8125e+01
 |   |   |  pressure_norm = 3.3362e+01
 |   |   |  pressure_norm_old = 3.3501e+01
 |   |   |  U_bar_err     = 2.1859e-07
 |   |   |  U_tilde_err   = 9.7783e-08
 |   |   |  S_area_err    = 1.0195e-07
 |   |   |  Phis_err      = 4.2612e-11
 |   |   |  pressure_err  = 7.0878e-09
 |   |   |  Nonlinear solver converged…
 |  k_t = 7
 |   |  dt = 0.30000000000000004
 |   |  t = 1.0
 |   |  t_step = 1.0
 |   |  k_iter = 1
 |   |   |  Assembly… 0.023021221160888672 s
 |   |   |  res_norm      = 1.4890e-02
 |   |   |  Solve… 0.008337259292602539 s
 |   |   |  dU_bar_norm   = 1.1067e-02
 |   |   |  dU_tilde_norm = 9.0919e-02
 |   |   |  dS_area_norm  = 2.5385e-02
 |   |   |  dPhis_norm    = 1.0754e-03
 |   |   |  dpressure_norm = 3.2510e-01
 |   |   |  U_bar_norm    = 7.4958e-02
 |   |   |  U_bar_norm_old = 8.5070e-02
 |   |   |  U_tilde_norm  = 2.1786e+00
 |   |   |  U_tilde_norm_old = 2.2001e+00
 |   |   |  S_area_norm   = 1.2203e+00
 |   |   |  S_area_norm_old = 1.1949e+00
 |   |   |  Phis_norm     = 1.8126e+01
 |   |   |  Phis_norm_old = 1.8125e+01
 |   |   |  pressure_norm = 3.3145e+01
 |   |   |  pressure_norm_old = 3.3362e+01
 |   |   |  U_bar_err     = 1.3009e-01
 |   |   |  U_tilde_err   = 4.1325e-02
 |   |   |  S_area_err    = 2.0803e-02
 |   |   |  Phis_err      = 5.9328e-05
 |   |   |  pressure_err  = 9.7444e-03
 |   |  k_iter = 2
 |   |   |  Assembly… 0.0235288143157959 s
 |   |   |  res_norm      = 2.4556e-03
 |   |   |  res_err       = 1.6492e-01
 |   |   |  dres_norm     = 1.5191e-02
 |   |   |  res_err_rel   = 1.0203e+00
 |   |   |  Solve… 0.008030891418457031 s
 |   |   |  dU_bar_norm   = 3.1993e-04
 |   |   |  dU_tilde_norm = 2.0826e-03
 |   |   |  dS_area_norm  = 1.3699e-03
 |   |   |  dPhis_norm    = 1.2604e-05
 |   |   |  dpressure_norm = 3.7517e-03
 |   |   |  relax         = 1.0000e+00
 |   |   |  U_bar_norm    = 7.5254e-02
 |   |   |  U_bar_norm_old = 8.5070e-02
 |   |   |  U_tilde_norm  = 2.1788e+00
 |   |   |  U_tilde_norm_old = 2.2001e+00
 |   |   |  S_area_norm   = 1.2216e+00
 |   |   |  S_area_norm_old = 1.1949e+00
 |   |   |  Phis_norm     = 1.8126e+01
 |   |   |  Phis_norm_old = 1.8125e+01
 |   |   |  pressure_norm = 3.3145e+01
 |   |   |  pressure_norm_old = 3.3362e+01
 |   |   |  U_bar_err     = 3.7608e-03
 |   |   |  U_tilde_err   = 9.4661e-04
 |   |   |  S_area_err    = 1.1213e-03
 |   |   |  Phis_err      = 6.9537e-07
 |   |   |  pressure_err  = 1.1245e-04
 |   |  k_iter = 3
 |   |   |  Assembly… 0.022977113723754883 s
 |   |   |  res_norm      = 4.7791e-05
 |   |   |  res_err       = 3.2097e-03
 |   |   |  dres_norm     = 2.4284e-03
 |   |   |  res_err_rel   = 9.8893e-01
 |   |   |  Solve… 0.007771015167236328 s
 |   |   |  dU_bar_norm   = 3.3987e-06
 |   |   |  dU_tilde_norm = 3.6761e-05
 |   |   |  dS_area_norm  = 1.9432e-05
 |   |   |  dPhis_norm    = 1.5726e-07
 |   |   |  dpressure_norm = 4.8268e-05
 |   |   |  relax         = 1.0000e+00
 |   |   |  U_bar_norm    = 7.5258e-02
 |   |   |  U_bar_norm_old = 8.5070e-02
 |   |   |  U_tilde_norm  = 2.1788e+00
 |   |   |  U_tilde_norm_old = 2.2001e+00
 |   |   |  S_area_norm   = 1.2217e+00
 |   |   |  S_area_norm_old = 1.1949e+00
 |   |   |  Phis_norm     = 1.8126e+01
 |   |   |  Phis_norm_old = 1.8125e+01
 |   |   |  pressure_norm = 3.3145e+01
 |   |   |  pressure_norm_old = 3.3362e+01
 |   |   |  U_bar_err     = 3.9951e-05
 |   |   |  U_tilde_err   = 1.6709e-05
 |   |   |  S_area_err    = 1.5906e-05
 |   |   |  Phis_err      = 8.6764e-09
 |   |   |  pressure_err  = 1.4468e-06
 |   |  k_iter = 4
 |   |   |  Assembly… 0.022753000259399414 s
 |   |   |  res_norm      = 1.9864e-08
 |   |   |  res_err       = 1.3341e-06
 |   |   |  dres_norm     = 4.7774e-05
 |   |   |  res_err_rel   = 9.9963e-01
 |   |   |  Solve… 0.007743120193481445 s
 |   |   |  dU_bar_norm   = 1.4407e-09
 |   |   |  dU_tilde_norm = 1.5304e-08
 |   |   |  dS_area_norm  = 7.2580e-09
 |   |   |  dPhis_norm    = 5.5328e-11
 |   |   |  dpressure_norm = 1.7040e-08
 |   |   |  relax         = 1.0000e+00
 |   |   |  U_bar_norm    = 7.5258e-02
 |   |   |  U_bar_norm_old = 8.5070e-02
 |   |   |  U_tilde_norm  = 2.1788e+00
 |   |   |  U_tilde_norm_old = 2.2001e+00
 |   |   |  S_area_norm   = 1.2217e+00
 |   |   |  S_area_norm_old = 1.1949e+00
 |   |   |  Phis_norm     = 1.8126e+01
 |   |   |  Phis_norm_old = 1.8125e+01
 |   |   |  pressure_norm = 3.3145e+01
 |   |   |  pressure_norm_old = 3.3362e+01
 |   |   |  U_bar_err     = 1.6936e-08
 |   |   |  U_tilde_err   = 6.9563e-09
 |   |   |  S_area_err    = 5.9411e-09
 |   |   |  Phis_err      = 3.0525e-12
 |   |   |  pressure_err  = 5.1075e-10
 |   |   |  Nonlinear solver converged…
