k_step = 1
 |  k_t = 1
 |   |  dt = 0.1
 |   |  t = 0.1
 |   |  t_step = 0.1
 |   |  k_iter = 1
 |   |   |  Assembly… 0.039414167404174805 s
 |   |   |  res_norm      = 2.2771e+01
 |   |   |  Solve… 0.010642766952514648 s
 |   |   |  dU_bar_norm   = 4.6360e-02
 |   |   |  dU_tilde_norm = 2.3060e+00
 |   |   |  dS_area_norm  = 1.3248e+00
 |   |   |  dPhis_norm    = 1.1213e-01
 |   |   |  dpressure_norm = 3.2924e+01
 |   |   |  U_bar_norm    = 4.6360e-02
 |   |   |  U_bar_norm_old = 0.0000e+00
 |   |   |  U_tilde_norm  = 2.3060e+00
 |   |   |  U_tilde_norm_old = 0.0000e+00
 |   |   |  S_area_norm   = 1.3248e+00
 |   |   |  S_area_norm_old = 0.0000e+00
 |   |   |  Phis_norm     = 1.8117e+01
 |   |   |  Phis_norm_old = 1.8125e+01
 |   |   |  pressure_norm = 3.2924e+01
 |   |   |  pressure_norm_old = 0.0000e+00
 |   |   |  U_bar_err     = 1.0000e+00
 |   |   |  U_tilde_err   = 1.0000e+00
 |   |   |  S_area_err    = 1.0000e+00
 |   |   |  Phis_err      = 6.1867e-03
 |   |   |  pressure_err  = 1.0000e+00
 |   |  k_iter = 2
 |   |   |  Assembly… 0.023802757263183594 s
 |   |   |  res_norm      = 3.2029e-01
 |   |   |  res_err       = 1.4066e-02
 |   |   |  dres_norm     = 2.2774e+01
 |   |   |  res_err_rel   = 1.0002e+00
 |   |   |  Solve… 0.008088111877441406 s
 |   |   |  dU_bar_norm   = 7.7893e-02
 |   |   |  dU_tilde_norm = 5.7513e-01
 |   |   |  dS_area_norm  = 2.1238e-01
 |   |   |  dPhis_norm    = 1.1413e-02
 |   |   |  dpressure_norm = 3.1376e+00
 |   |   |  relax         = 1.0000e+00
 |   |   |  U_bar_norm    = 8.4657e-02
 |   |   |  U_bar_norm_old = 0.0000e+00
 |   |   |  U_tilde_norm  = 2.2646e+00
 |   |   |  U_tilde_norm_old = 0.0000e+00
 |   |   |  S_area_norm   = 1.1124e+00
 |   |   |  S_area_norm_old = 0.0000e+00
 |   |   |  Phis_norm     = 1.8125e+01
 |   |   |  Phis_norm_old = 1.8125e+01
 |   |   |  pressure_norm = 3.4045e+01
 |   |   |  pressure_norm_old = 0.0000e+00
 |   |   |  U_bar_err     = 9.2010e-01
 |   |   |  U_tilde_err   = 2.5397e-01
 |   |   |  S_area_err    = 1.9091e-01
 |   |   |  Phis_err      = 6.2969e-04
 |   |   |  pressure_err  = 9.2161e-02
 |   |  k_iter = 3
 |   |   |  Assembly… 0.023075103759765625 s
 |   |   |  res_norm      = 6.2251e-02
 |   |   |  res_err       = 2.7338e-03
 |   |   |  dres_norm     = 3.2212e-01
 |   |   |  res_err_rel   = 1.0057e+00
 |   |   |  Solve… 0.007996320724487305 s
 |   |   |  dU_bar_norm   = 5.0155e-03
 |   |   |  dU_tilde_norm = 6.4114e-02
 |   |   |  dS_area_norm  = 3.6325e-02
 |   |   |  dPhis_norm    = 8.7989e-04
 |   |   |  dpressure_norm = 2.6735e-01
 |   |   |  relax         = 1.0000e+00
 |   |   |  U_bar_norm    = 8.8884e-02
 |   |   |  U_bar_norm_old = 0.0000e+00
 |   |   |  U_tilde_norm  = 2.2594e+00
 |   |   |  U_tilde_norm_old = 0.0000e+00
 |   |   |  S_area_norm   = 1.1488e+00
 |   |   |  S_area_norm_old = 0.0000e+00
 |   |   |  Phis_norm     = 1.8125e+01
 |   |   |  Phis_norm_old = 1.8125e+01
 |   |   |  pressure_norm = 3.3902e+01
 |   |   |  pressure_norm_old = 0.0000e+00
 |   |   |  U_bar_err     = 5.6428e-02
 |   |   |  U_tilde_err   = 2.8377e-02
 |   |   |  S_area_err    = 3.1621e-02
 |   |   |  Phis_err      = 4.8544e-05
 |   |   |  pressure_err  = 7.8858e-03
 |   |  k_iter = 4
 |   |   |  Assembly… 0.023276090621948242 s
 |   |   |  res_norm      = 1.1240e-02
 |   |   |  res_err       = 4.9362e-04
 |   |   |  dres_norm     = 6.1492e-02
 |   |   |  res_err_rel   = 9.8781e-01
 |   |   |  Solve… 0.007982730865478516 s
 |   |   |  dU_bar_norm   = 1.9755e-03
 |   |   |  dU_tilde_norm = 2.1178e-02
 |   |   |  dS_area_norm  = 1.0376e-02
 |   |   |  dPhis_norm    = 9.4747e-05
 |   |   |  dpressure_norm = 2.8893e-02
 |   |   |  relax         = 1.0000e+00
 |   |   |  U_bar_norm    = 9.0843e-02
 |   |   |  U_bar_norm_old = 0.0000e+00
 |   |   |  U_tilde_norm  = 2.2645e+00
 |   |   |  U_tilde_norm_old = 0.0000e+00
 |   |   |  S_area_norm   = 1.1591e+00
 |   |   |  S_area_norm_old = 0.0000e+00
 |   |   |  Phis_norm     = 1.8125e+01
 |   |   |  Phis_norm_old = 1.8125e+01
 |   |   |  pressure_norm = 3.3917e+01
 |   |   |  pressure_norm_old = 0.0000e+00
 |   |   |  U_bar_err     = 2.1746e-02
 |   |   |  U_tilde_err   = 9.3520e-03
 |   |   |  S_area_err    = 8.9516e-03
 |   |   |  Phis_err      = 5.2273e-06
 |   |   |  pressure_err  = 8.5187e-04
 |   |  k_iter = 5
 |   |   |  Assembly… 0.023263216018676758 s
 |   |   |  res_norm      = 6.5403e-03
 |   |   |  res_err       = 2.8723e-04
 |   |   |  dres_norm     = 9.1024e-03
 |   |   |  res_err_rel   = 8.0982e-01
 |   |   |  Solve… 0.007941961288452148 s
 |   |   |  dU_bar_norm   = 1.7952e-03
 |   |   |  dU_tilde_norm = 1.7582e-02
 |   |   |  dS_area_norm  = 9.6567e-03
 |   |   |  dPhis_norm    = 6.9475e-05
 |   |   |  dpressure_norm = 2.1268e-02
 |   |   |  relax         = 1.0000e+00
 |   |   |  U_bar_norm    = 9.2601e-02
 |   |   |  U_bar_norm_old = 0.0000e+00
 |   |   |  U_tilde_norm  = 2.2689e+00
 |   |   |  U_tilde_norm_old = 0.0000e+00
 |   |   |  S_area_norm   = 1.1688e+00
 |   |   |  S_area_norm_old = 0.0000e+00
 |   |   |  Phis_norm     = 1.8125e+01
 |   |   |  Phis_norm_old = 1.8125e+01
 |   |   |  pressure_norm = 3.3924e+01
 |   |   |  pressure_norm_old = 0.0000e+00
 |   |   |  U_bar_err     = 1.9387e-02
 |   |   |  U_tilde_err   = 7.7492e-03
 |   |   |  S_area_err    = 8.2620e-03
 |   |   |  Phis_err      = 3.8330e-06
 |   |   |  pressure_err  = 6.2692e-04
 |   |  k_iter = 6
 |   |   |  Assembly… 0.023370981216430664 s
 |   |   |  res_norm      = 3.9749e-03
 |   |   |  res_err       = 1.7456e-04
 |   |   |  dres_norm     = 3.3852e-03
 |   |   |  res_err_rel   = 5.1759e-01
 |   |   |  Solve… 0.008314132690429688 s
 |   |   |  dU_bar_norm   = 3.2898e-04
 |   |   |  dU_tilde_norm = 2.8618e-03
 |   |   |  dS_area_norm  = 1.5402e-03
 |   |   |  dPhis_norm    = 1.3055e-05
 |   |   |  dpressure_norm = 3.9932e-03
 |   |   |  relax         = 1.0000e+00
 |   |   |  U_bar_norm    = 9.2923e-02
 |   |   |  U_bar_norm_old = 0.0000e+00
 |   |   |  U_tilde_norm  = 2.2696e+00
 |   |   |  U_tilde_norm_old = 0.0000e+00
 |   |   |  S_area_norm   = 1.1703e+00
 |   |   |  S_area_norm_old = 0.0000e+00
 |   |   |  Phis_norm     = 1.8125e+01
 |   |   |  Phis_norm_old = 1.8125e+01
 |   |   |  pressure_norm = 3.3926e+01
 |   |   |  pressure_norm_old = 0.0000e+00
 |   |   |  U_bar_err     = 3.5404e-03
 |   |   |  U_tilde_err   = 1.2609e-03
 |   |   |  S_area_err    = 1.3160e-03
 |   |   |  Phis_err      = 7.2025e-07
 |   |   |  pressure_err  = 1.1770e-04
 |   |  k_iter = 7
 |   |   |  Assembly… 0.02361297607421875 s
 |   |   |  res_norm      = 6.6731e-05
 |   |   |  res_err       = 2.9306e-06
 |   |   |  dres_norm     = 3.9955e-03
 |   |   |  res_err_rel   = 1.0052e+00
 |   |   |  Solve… 0.00811004638671875 s
 |   |   |  dU_bar_norm   = 2.8201e-05
 |   |   |  dU_tilde_norm = 2.6615e-04
 |   |   |  dS_area_norm  = 1.5228e-04
 |   |   |  dPhis_norm    = 1.0857e-06
 |   |   |  dpressure_norm = 3.3220e-04
 |   |   |  relax         = 1.0000e+00
 |   |   |  U_bar_norm    = 9.2951e-02
 |   |   |  U_bar_norm_old = 0.0000e+00
 |   |   |  U_tilde_norm  = 2.2697e+00
 |   |   |  U_tilde_norm_old = 0.0000e+00
 |   |   |  S_area_norm   = 1.1705e+00
 |   |   |  S_area_norm_old = 0.0000e+00
 |   |   |  Phis_norm     = 1.8125e+01
 |   |   |  Phis_norm_old = 1.8125e+01
 |   |   |  pressure_norm = 3.3926e+01
 |   |   |  pressure_norm_old = 0.0000e+00
 |   |   |  U_bar_err     = 3.0339e-04
 |   |   |  U_tilde_err   = 1.1726e-04
 |   |   |  S_area_err    = 1.3010e-04
 |   |   |  Phis_err      = 5.9901e-08
 |   |   |  pressure_err  = 9.7920e-06
 |   |  k_iter = 8
 |   |   |  Assembly… 0.023118019104003906 s
 |   |   |  res_norm      = 1.2914e-06
 |   |   |  res_err       = 5.6714e-08
 |   |   |  dres_norm     = 6.7544e-05
 |   |   |  res_err_rel   = 1.0122e+00
 |   |   |  Solve… 0.007951021194458008 s
 |   |   |  dU_bar_norm   = 1.5913e-07
 |   |   |  dU_tilde_norm = 1.6345e-06
 |   |   |  dS_area_norm  = 8.8506e-07
 |   |   |  dPhis_norm    = 6.0915e-09
 |   |   |  dpressure_norm = 1.8657e-06
 |   |   |  relax         = 1.0000e+00
 |   |   |  U_bar_norm    = 9.2950e-02
 |   |   |  U_bar_norm_old = 0.0000e+00
 |   |   |  U_tilde_norm  = 2.2697e+00
 |   |   |  U_tilde_norm_old = 0.0000e+00
 |   |   |  S_area_norm   = 1.1705e+00
 |   |   |  S_area_norm_old = 0.0000e+00
 |   |   |  Phis_norm     = 1.8125e+01
 |   |   |  Phis_norm_old = 1.8125e+01
 |   |   |  pressure_norm = 3.3926e+01
 |   |   |  pressure_norm_old = 0.0000e+00
 |   |   |  U_bar_err     = 1.7120e-06
 |   |   |  U_tilde_err   = 7.2013e-07
 |   |   |  S_area_err    = 7.5615e-07
 |   |   |  Phis_err      = 3.3607e-10
 |   |   |  pressure_err  = 5.4994e-08
 |   |  k_iter = 9
 |   |   |  Assembly… 0.022922992706298828 s
 |   |   |  res_norm      = 8.0992e-11
 |   |   |  res_err       = 3.5569e-12
 |   |   |  dres_norm     = 1.2913e-06
 |   |   |  res_err_rel   = 9.9994e-01
 |   |   |  Solve… 0.00793600082397461 s
 |   |   |  dU_bar_norm   = 2.0020e-11
 |   |   |  dU_tilde_norm = 1.9771e-10
 |   |   |  dS_area_norm  = 1.0525e-10
 |   |   |  dPhis_norm    = 7.7012e-13
 |   |   |  dpressure_norm = 2.3576e-10
 |   |   |  relax         = 1.0000e+00
 |   |   |  U_bar_norm    = 9.2950e-02
 |   |   |  U_bar_norm_old = 0.0000e+00
 |   |   |  U_tilde_norm  = 2.2697e+00
 |   |   |  U_tilde_norm_old = 0.0000e+00
 |   |   |  S_area_norm   = 1.1705e+00
 |   |   |  S_area_norm_old = 0.0000e+00
 |   |   |  Phis_norm     = 1.8125e+01
 |   |   |  Phis_norm_old = 1.8125e+01
 |   |   |  pressure_norm = 3.3926e+01
 |   |   |  pressure_norm_old = 0.0000e+00
 |   |   |  U_bar_err     = 2.1539e-10
 |   |   |  U_tilde_err   = 8.7106e-11
 |   |   |  S_area_err    = 8.9915e-11
 |   |   |  Phis_err      = 4.2488e-14
 |   |   |  pressure_err  = 6.9492e-12
 |   |   |  Nonlinear solver converged…
 |  k_t = 2
 |   |  dt = 0.1
 |   |  t = 0.2
 |   |  t_step = 0.2
 |   |  k_iter = 1
 |   |   |  Assembly… 0.022861003875732422 s
 |   |   |  res_norm      = 4.5538e-02
 |   |   |  Solve… 0.008096933364868164 s
 |   |   |  dU_bar_norm   = 2.8232e-02
 |   |   |  dU_tilde_norm = 1.0330e-01
 |   |   |  dS_area_norm  = 3.0755e-02
 |   |   |  dPhis_norm    = 1.1684e-03
 |   |   |  dpressure_norm = 3.4953e-01
 |   |   |  U_bar_norm    = 6.7633e-02
 |   |   |  U_bar_norm_old = 9.2950e-02
 |   |   |  U_tilde_norm  = 2.2495e+00
 |   |   |  U_tilde_norm_old = 2.2697e+00
 |   |   |  S_area_norm   = 1.1397e+00
 |   |   |  S_area_norm_old = 1.1705e+00
 |   |   |  Phis_norm     = 1.8126e+01
 |   |   |  Phis_norm_old = 1.8125e+01
 |   |   |  pressure_norm = 3.3990e+01
 |   |   |  pressure_norm_old = 3.3926e+01
 |   |   |  U_bar_err     = 3.0374e-01
 |   |   |  U_tilde_err   = 4.5514e-02
 |   |   |  S_area_err    = 2.6275e-02
 |   |   |  Phis_err      = 6.4458e-05
 |   |   |  pressure_err  = 1.0283e-02
 |   |  k_iter = 2
 |   |   |  Assembly… 0.023290157318115234 s
 |   |   |  res_norm      = 3.6977e-02
 |   |   |  res_err       = 8.1200e-01
 |   |   |  dres_norm     = 6.0628e-02
 |   |   |  res_err_rel   = 1.3314e+00
 |   |   |  Solve… 0.007829904556274414 s
 |   |   |  dU_bar_norm   = 2.7935e-03
 |   |   |  dU_tilde_norm = 2.2569e-02
 |   |   |  dS_area_norm  = 1.1000e-02
 |   |   |  dPhis_norm    = 1.2237e-04
 |   |   |  dpressure_norm = 3.6767e-02
 |   |   |  relax         = 1.0000e+00
 |   |   |  U_bar_norm    = 7.0348e-02
 |   |   |  U_bar_norm_old = 9.2950e-02
 |   |   |  U_tilde_norm  = 2.2541e+00
 |   |   |  U_tilde_norm_old = 2.2697e+00
 |   |   |  S_area_norm   = 1.1507e+00
 |   |   |  S_area_norm_old = 1.1705e+00
 |   |   |  Phis_norm     = 1.8126e+01
 |   |   |  Phis_norm_old = 1.8125e+01
 |   |   |  pressure_norm = 3.4001e+01
 |   |   |  pressure_norm_old = 3.3926e+01
 |   |   |  U_bar_err     = 3.0054e-02
 |   |   |  U_tilde_err   = 9.9437e-03
 |   |   |  S_area_err    = 9.3978e-03
 |   |   |  Phis_err      = 6.7510e-06
 |   |   |  pressure_err  = 1.0813e-03
 |   |  k_iter = 3
 |   |   |  Assembly… 0.02293872833251953 s
 |   |   |  res_norm      = 3.4182e-03
 |   |   |  res_err       = 7.5062e-02
 |   |   |  dres_norm     = 3.8977e-02
 |   |   |  res_err_rel   = 1.0541e+00
 |   |   |  Solve… 0.007849931716918945 s
 |   |   |  dU_bar_norm   = 1.1142e-04
 |   |   |  dU_tilde_norm = 1.6811e-03
 |   |   |  dS_area_norm  = 1.0737e-03
 |   |   |  dPhis_norm    = 4.7029e-06
 |   |   |  dpressure_norm = 1.4132e-03
 |   |   |  relax         = 1.0000e+00
 |   |   |  U_bar_norm    = 7.0453e-02
 |   |   |  U_bar_norm_old = 9.2950e-02
 |   |   |  U_tilde_norm  = 2.2542e+00
 |   |   |  U_tilde_norm_old = 2.2697e+00
 |   |   |  S_area_norm   = 1.1518e+00
 |   |   |  S_area_norm_old = 1.1705e+00
 |   |   |  Phis_norm     = 1.8126e+01
 |   |   |  Phis_norm_old = 1.8125e+01
 |   |   |  pressure_norm = 3.4001e+01
 |   |   |  pressure_norm_old = 3.3926e+01
 |   |   |  U_bar_err     = 1.1987e-03
 |   |   |  U_tilde_err   = 7.4066e-04
 |   |   |  S_area_err    = 9.1727e-04
 |   |   |  Phis_err      = 2.5946e-07
 |   |   |  pressure_err  = 4.1565e-05
 |   |  k_iter = 4
 |   |   |  Assembly… 0.023121118545532227 s
 |   |   |  res_norm      = 9.3929e-05
 |   |   |  res_err       = 2.0627e-03
 |   |   |  dres_norm     = 3.4766e-03
 |   |   |  res_err_rel   = 1.0171e+00
 |   |   |  Solve… 0.007730007171630859 s
 |   |   |  dU_bar_norm   = 2.5679e-06
 |   |   |  dU_tilde_norm = 4.7569e-05
 |   |   |  dS_area_norm  = 2.1642e-05
 |   |   |  dPhis_norm    = 1.3049e-07
 |   |   |  dpressure_norm = 3.8309e-05
 |   |   |  relax         = 1.0000e+00
 |   |   |  U_bar_norm    = 7.0452e-02
 |   |   |  U_bar_norm_old = 9.2950e-02
 |   |   |  U_tilde_norm  = 2.2542e+00
 |   |   |  U_tilde_norm_old = 2.2697e+00
 |   |   |  S_area_norm   = 1.1518e+00
 |   |   |  S_area_norm_old = 1.1705e+00
 |   |   |  Phis_norm     = 1.8126e+01
 |   |   |  Phis_norm_old = 1.8125e+01
 |   |   |  pressure_norm = 3.4001e+01
 |   |   |  pressure_norm_old = 3.3926e+01
 |   |   |  U_bar_err     = 2.7627e-05
 |   |   |  U_tilde_err   = 2.0958e-05
 |   |   |  S_area_err    = 1.8489e-05
 |   |   |  Phis_err      = 7.1990e-09
 |   |   |  pressure_err  = 1.1267e-06
 |   |  k_iter = 5
 |   |   |  Assembly… 0.022816896438598633 s
 |   |   |  res_norm      = 1.3953e-07
 |   |   |  res_err       = 3.0639e-06
 |   |   |  dres_norm     = 9.3798e-05
 |   |   |  res_err_rel   = 9.9861e-01
 |   |   |  Solve… 0.007882833480834961 s
 |   |   |  dU_bar_norm   = 3.2501e-09
 |   |   |  dU_tilde_norm = 5.0460e-08
 |   |   |  dS_area_norm  = 3.9716e-08
 |   |   |  dPhis_norm    = 2.1238e-10
 |   |   |  dpressure_norm = 6.2033e-08
 |   |   |  relax         = 1.0000e+00
 |   |   |  U_bar_norm    = 7.0452e-02
 |   |   |  U_bar_norm_old = 9.2950e-02
 |   |   |  U_tilde_norm  = 2.2542e+00
 |   |   |  U_tilde_norm_old = 2.2697e+00
 |   |   |  S_area_norm   = 1.1518e+00
 |   |   |  S_area_norm_old = 1.1705e+00
 |   |   |  Phis_norm     = 1.8126e+01
 |   |   |  Phis_norm_old = 1.8125e+01
 |   |   |  pressure_norm = 3.4001e+01
 |   |   |  pressure_norm_old = 3.3926e+01
 |   |   |  U_bar_err     = 3.4966e-08
 |   |   |  U_tilde_err   = 2.2232e-08
 |   |   |  S_area_err    = 3.3931e-08
 |   |   |  Phis_err      = 1.1717e-11
 |   |   |  pressure_err  = 1.8245e-09
 |   |   |  Nonlinear solver converged…
 |  k_t = 3
 |   |  dt = 0.1
 |   |  t = 0.30000000000000004
 |   |  t_step = 0.30000000000000004
 |   |  k_iter = 1
 |   |   |  Assembly… 0.02285003662109375 s
 |   |   |  res_norm      = 4.6325e-02
 |   |   |  Solve… 0.007909059524536133 s
 |   |   |  dU_bar_norm   = 2.3334e-02
 |   |   |  dU_tilde_norm = 5.5287e-02
 |   |   |  dS_area_norm  = 1.0585e-03
 |   |   |  dPhis_norm    = 1.0414e-03
 |   |   |  dpressure_norm = 3.0999e-01
 |   |   |  U_bar_norm    = 5.3609e-02
 |   |   |  U_bar_norm_old = 7.0452e-02
 |   |   |  U_tilde_norm  = 2.2474e+00
 |   |   |  U_tilde_norm_old = 2.2542e+00
 |   |   |  S_area_norm   = 1.1508e+00
 |   |   |  S_area_norm_old = 1.1518e+00
 |   |   |  Phis_norm     = 1.8126e+01
 |   |   |  Phis_norm_old = 1.8126e+01
 |   |   |  pressure_norm = 3.4093e+01
 |   |   |  pressure_norm_old = 3.4001e+01
 |   |   |  U_bar_err     = 3.3121e-01
 |   |   |  U_tilde_err   = 2.4526e-02
 |   |   |  S_area_err    = 9.1896e-04
 |   |   |  Phis_err      = 5.7455e-05
 |   |   |  pressure_err  = 9.0926e-03
 |   |  k_iter = 2
 |   |   |  Assembly… 0.023128986358642578 s
 |   |   |  res_norm      = 5.5513e-03
 |   |   |  res_err       = 1.1983e-01
 |   |   |  dres_norm     = 4.7299e-02
 |   |   |  res_err_rel   = 1.0210e+00
 |   |   |  Solve… 0.007906675338745117 s
 |   |   |  dU_bar_norm   = 6.9600e-04
 |   |   |  dU_tilde_norm = 5.8367e-03
 |   |   |  dS_area_norm  = 3.0410e-03
 |   |   |  dPhis_norm    = 4.3009e-05
 |   |   |  dpressure_norm = 1.2667e-02
 |   |   |  relax         = 1.0000e+00
 |   |   |  U_bar_norm    = 5.4182e-02
 |   |   |  U_bar_norm_old = 7.0452e-02
 |   |   |  U_tilde_norm  = 2.2482e+00
 |   |   |  U_tilde_norm_old = 2.2542e+00
 |   |   |  S_area_norm   = 1.1538e+00
 |   |   |  S_area_norm_old = 1.1518e+00
 |   |   |  Phis_norm     = 1.8126e+01
 |   |   |  Phis_norm_old = 1.8126e+01
 |   |   |  pressure_norm = 3.4093e+01
 |   |   |  pressure_norm_old = 3.4001e+01
 |   |   |  U_bar_err     = 9.8792e-03
 |   |   |  U_tilde_err   = 2.5892e-03
 |   |   |  S_area_err    = 2.6356e-03
 |   |   |  Phis_err      = 2.3728e-06
 |   |   |  pressure_err  = 3.7154e-04
 |   |  k_iter = 3
 |   |   |  Assembly… 0.02294301986694336 s
 |   |   |  res_norm      = 4.6980e-04
 |   |   |  res_err       = 1.0141e-02
 |   |   |  dres_norm     = 5.1447e-03
 |   |   |  res_err_rel   = 9.2676e-01
 |   |   |  Solve… 0.007712125778198242 s
 |   |   |  dU_bar_norm   = 4.2566e-05
 |   |   |  dU_tilde_norm = 5.1831e-04
 |   |   |  dS_area_norm  = 2.5565e-04
 |   |   |  dPhis_norm    = 1.6712e-06
 |   |   |  dpressure_norm = 5.1592e-04
 |   |   |  relax         = 1.0000e+00
 |   |   |  U_bar_norm    = 5.4218e-02
 |   |   |  U_bar_norm_old = 7.0452e-02
 |   |   |  U_tilde_norm  = 2.2483e+00
 |   |   |  U_tilde_norm_old = 2.2542e+00
 |   |   |  S_area_norm   = 1.1541e+00
 |   |   |  S_area_norm_old = 1.1518e+00
 |   |   |  Phis_norm     = 1.8126e+01
 |   |   |  Phis_norm_old = 1.8126e+01
 |   |   |  pressure_norm = 3.4093e+01
 |   |   |  pressure_norm_old = 3.4001e+01
 |   |   |  U_bar_err     = 6.0419e-04
 |   |   |  U_tilde_err   = 2.2993e-04
 |   |   |  S_area_err    = 2.2152e-04
 |   |   |  Phis_err      = 9.2198e-08
 |   |   |  pressure_err  = 1.5132e-05
 |   |  k_iter = 4
 |   |   |  Assembly… 0.022740840911865234 s
 |   |   |  res_norm      = 5.6842e-06
 |   |   |  res_err       = 1.2270e-04
 |   |   |  dres_norm     = 4.6435e-04
 |   |   |  res_err_rel   = 9.8842e-01
 |   |   |  Solve… 0.007734775543212891 s
 |   |   |  dU_bar_norm   = 4.6644e-07
 |   |   |  dU_tilde_norm = 5.3152e-06
 |   |   |  dS_area_norm  = 2.9902e-06
 |   |   |  dPhis_norm    = 1.7320e-08
 |   |   |  dpressure_norm = 5.3548e-06
 |   |   |  relax         = 1.0000e+00
 |   |   |  U_bar_norm    = 5.4219e-02
 |   |   |  U_bar_norm_old = 7.0452e-02
 |   |   |  U_tilde_norm  = 2.2483e+00
 |   |   |  U_tilde_norm_old = 2.2542e+00
 |   |   |  S_area_norm   = 1.1541e+00
 |   |   |  S_area_norm_old = 1.1518e+00
 |   |   |  Phis_norm     = 1.8126e+01
 |   |   |  Phis_norm_old = 1.8126e+01
 |   |   |  pressure_norm = 3.4093e+01
 |   |   |  pressure_norm_old = 3.4001e+01
 |   |   |  U_bar_err     = 6.6208e-06
 |   |   |  U_tilde_err   = 2.3579e-06
 |   |   |  S_area_err    = 2.5909e-06
 |   |   |  Phis_err      = 9.5552e-10
 |   |   |  pressure_err  = 1.5706e-07
 |   |  k_iter = 5
 |   |   |  Assembly… 0.023201942443847656 s
 |   |   |  res_norm      = 6.8500e-10
 |   |   |  res_err       = 1.4787e-08
 |   |   |  dres_norm     = 5.6835e-06
 |   |   |  res_err_rel   = 9.9989e-01
 |   |   |  Solve… 0.007946968078613281 s
 |   |   |  dU_bar_norm   = 5.4189e-11
 |   |   |  dU_tilde_norm = 6.6040e-10
 |   |   |  dS_area_norm  = 3.6524e-10
 |   |   |  dPhis_norm    = 2.0813e-12
 |   |   |  dpressure_norm = 6.4380e-10
 |   |   |  relax         = 1.0000e+00
 |   |   |  U_bar_norm    = 5.4219e-02
 |   |   |  U_bar_norm_old = 7.0452e-02
 |   |   |  U_tilde_norm  = 2.2483e+00
 |   |   |  U_tilde_norm_old = 2.2542e+00
 |   |   |  S_area_norm   = 1.1541e+00
 |   |   |  S_area_norm_old = 1.1518e+00
 |   |   |  Phis_norm     = 1.8126e+01
 |   |   |  Phis_norm_old = 1.8126e+01
 |   |   |  pressure_norm = 3.4093e+01
 |   |   |  pressure_norm_old = 3.4001e+01
 |   |   |  U_bar_err     = 7.6916e-10
 |   |   |  U_tilde_err   = 2.9296e-10
 |   |   |  S_area_err    = 3.1648e-10
 |   |   |  Phis_err      = 1.1482e-13
 |   |   |  pressure_err  = 1.8883e-11
 |   |   |  Nonlinear solver converged…
 |  k_t = 4
 |   |  dt = 0.1
 |   |  t = 0.4
 |   |  t_step = 0.4
 |   |  k_iter = 1
 |   |   |  Assembly… 0.023270130157470703 s
 |   |   |  res_norm      = 4.6952e-02
 |   |   |  Solve… 0.00850224494934082 s
 |   |   |  dU_bar_norm   = 2.2759e-02
 |   |   |  dU_tilde_norm = 4.8132e-02
 |   |   |  dS_area_norm  = 4.4457e-03
 |   |   |  dPhis_norm    = 1.0409e-03
 |   |   |  dpressure_norm = 3.0971e-01
 |   |   |  U_bar_norm    = 4.4178e-02
 |   |   |  U_bar_norm_old = 5.4219e-02
 |   |   |  U_tilde_norm  = 2.2438e+00
 |   |   |  U_tilde_norm_old = 2.2483e+00
 |   |   |  S_area_norm   = 1.1585e+00
 |   |   |  S_area_norm_old = 1.1541e+00
 |   |   |  Phis_norm     = 1.8126e+01
 |   |   |  Phis_norm_old = 1.8126e+01
 |   |   |  pressure_norm = 3.4191e+01
 |   |   |  pressure_norm_old = 3.4093e+01
 |   |   |  U_bar_err     = 4.1977e-01
 |   |   |  U_tilde_err   = 2.1408e-02
 |   |   |  S_area_err    = 3.8374e-03
 |   |   |  Phis_err      = 5.7422e-05
 |   |   |  pressure_err  = 9.0582e-03
 |   |  k_iter = 2
 |   |   |  Assembly… 0.023303985595703125 s
 |   |   |  res_norm      = 2.1203e-03
 |   |   |  res_err       = 4.5159e-02
 |   |   |  dres_norm     = 4.7494e-02
 |   |   |  res_err_rel   = 1.0115e+00
 |   |   |  Solve… 0.007816791534423828 s
 |   |   |  dU_bar_norm   = 3.6647e-04
 |   |   |  dU_tilde_norm = 2.4331e-03
 |   |   |  dS_area_norm  = 1.2460e-03
 |   |   |  dPhis_norm    = 3.5806e-05
 |   |   |  dpressure_norm = 1.0487e-02
 |   |   |  relax         = 1.0000e+00
 |   |   |  U_bar_norm    = 4.4327e-02
 |   |   |  U_bar_norm_old = 5.4219e-02
 |   |   |  U_tilde_norm  = 2.2439e+00
 |   |   |  U_tilde_norm_old = 2.2483e+00
 |   |   |  S_area_norm   = 1.1598e+00
 |   |   |  S_area_norm_old = 1.1541e+00
 |   |   |  Phis_norm     = 1.8126e+01
 |   |   |  Phis_norm_old = 1.8126e+01
 |   |   |  pressure_norm = 3.4191e+01
 |   |   |  pressure_norm_old = 3.4093e+01
 |   |   |  U_bar_err     = 6.7592e-03
 |   |   |  U_tilde_err   = 1.0822e-03
 |   |   |  S_area_err    = 1.0743e-03
 |   |   |  Phis_err      = 1.9753e-06
 |   |   |  pressure_err  = 3.0673e-04
 |   |  k_iter = 3
 |   |   |  Assembly… 0.022944927215576172 s
 |   |   |  res_norm      = 3.7492e-05
 |   |   |  res_err       = 7.9851e-04
 |   |   |  dres_norm     = 2.0967e-03
 |   |   |  res_err_rel   = 9.8886e-01
 |   |   |  Solve… 0.007604837417602539 s
 |   |   |  dU_bar_norm   = 3.1501e-06
 |   |   |  dU_tilde_norm = 3.6305e-05
 |   |   |  dS_area_norm  = 1.6106e-05
 |   |   |  dPhis_norm    = 1.4399e-07
 |   |   |  dpressure_norm = 4.4044e-05
 |   |   |  relax         = 1.0000e+00
 |   |   |  U_bar_norm    = 4.4329e-02
 |   |   |  U_bar_norm_old = 5.4219e-02
 |   |   |  U_tilde_norm  = 2.2439e+00
 |   |   |  U_tilde_norm_old = 2.2483e+00
 |   |   |  S_area_norm   = 1.1598e+00
 |   |   |  S_area_norm_old = 1.1541e+00
 |   |   |  Phis_norm     = 1.8126e+01
 |   |   |  Phis_norm_old = 1.8126e+01
 |   |   |  pressure_norm = 3.4191e+01
 |   |   |  pressure_norm_old = 3.4093e+01
 |   |   |  U_bar_err     = 5.8100e-05
 |   |   |  U_tilde_err   = 1.6147e-05
 |   |   |  S_area_err    = 1.3887e-05
 |   |   |  Phis_err      = 7.9436e-09
 |   |   |  pressure_err  = 1.2882e-06
 |   |  k_iter = 4
 |   |   |  Assembly… 0.02276301383972168 s
 |   |   |  res_norm      = 1.7957e-08
 |   |   |  res_err       = 3.8246e-07
 |   |   |  dres_norm     = 3.7474e-05
 |   |   |  res_err_rel   = 9.9954e-01
 |   |   |  Solve… 0.0075681209564208984 s
 |   |   |  dU_bar_norm   = 1.3147e-09
 |   |   |  dU_tilde_norm = 1.5423e-08
 |   |   |  dS_area_norm  = 7.2237e-09
 |   |   |  dPhis_norm    = 4.9894e-11
 |   |   |  dpressure_norm = 1.5470e-08
 |   |   |  relax         = 1.0000e+00
 |   |   |  U_bar_norm    = 4.4329e-02
 |   |   |  U_bar_norm_old = 5.4219e-02
 |   |   |  U_tilde_norm  = 2.2439e+00
 |   |   |  U_tilde_norm_old = 2.2483e+00
 |   |   |  S_area_norm   = 1.1598e+00
 |   |   |  S_area_norm_old = 1.1541e+00
 |   |   |  Phis_norm     = 1.8126e+01
 |   |   |  Phis_norm_old = 1.8126e+01
 |   |   |  pressure_norm = 3.4191e+01
 |   |   |  pressure_norm_old = 3.4093e+01
 |   |   |  U_bar_err     = 2.4249e-08
 |   |   |  U_tilde_err   = 6.8597e-09
 |   |   |  S_area_err    = 6.2285e-09
 |   |   |  Phis_err      = 2.7526e-12
 |   |   |  pressure_err  = 4.5247e-10
 |   |   |  Nonlinear solver converged…
 |  k_t = 5
 |   |  dt = 0.2
 |   |  t = 0.6000000000000001
 |   |  t_step = 0.6000000000000001
 |   |  k_iter = 1
 |   |   |  Assembly… 0.022867918014526367 s
 |   |   |  res_norm      = 9.5102e-02
 |   |   |  Solve… 0.00817418098449707 s
 |   |   |  dU_bar_norm   = 4.5869e-02
 |   |   |  dU_tilde_norm = 9.2021e-02
 |   |   |  dS_area_norm  = 1.4071e-02
 |   |   |  dPhis_norm    = 2.1367e-03
 |   |   |  dpressure_norm = 6.3575e-01
 |   |   |  U_bar_norm    = 5.5771e-02
 |   |   |  U_bar_norm_old = 4.4329e-02
 |   |   |  U_tilde_norm  = 2.2375e+00
 |   |   |  U_tilde_norm_old = 2.2439e+00
 |   |   |  S_area_norm   = 1.1739e+00
 |   |   |  S_area_norm_old = 1.1598e+00
 |   |   |  Phis_norm     = 1.8127e+01
 |   |   |  Phis_norm_old = 1.8126e+01
 |   |   |  pressure_norm = 3.4399e+01
 |   |   |  pressure_norm_old = 3.4191e+01
 |   |   |  U_bar_err     = 8.2245e-01
 |   |   |  U_tilde_err   = 4.1009e-02
 |   |   |  S_area_err    = 1.1987e-02
 |   |   |  Phis_err      = 1.1787e-04
 |   |   |  pressure_err  = 1.8481e-02
 |   |  k_iter = 2
 |   |   |  Assembly… 0.023161888122558594 s
 |   |   |  res_norm      = 6.3596e-03
 |   |   |  res_err       = 6.6872e-02
 |   |   |  dres_norm     = 9.7240e-02
 |   |   |  res_err_rel   = 1.0225e+00
 |   |   |  Solve… 0.007823944091796875 s
 |   |   |  dU_bar_norm   = 1.1594e-03
 |   |   |  dU_tilde_norm = 6.7134e-03
 |   |   |  dS_area_norm  = 3.2237e-03
 |   |   |  dPhis_norm    = 1.3338e-04
 |   |   |  dpressure_norm = 3.9042e-02
 |   |   |  relax         = 1.0000e+00
 |   |   |  U_bar_norm    = 5.5138e-02
 |   |   |  U_bar_norm_old = 4.4329e-02
 |   |   |  U_tilde_norm  = 2.2367e+00
 |   |   |  U_tilde_norm_old = 2.2439e+00
 |   |   |  S_area_norm   = 1.1771e+00
 |   |   |  S_area_norm_old = 1.1598e+00
 |   |   |  Phis_norm     = 1.8127e+01
 |   |   |  Phis_norm_old = 1.8126e+01
 |   |   |  pressure_norm = 3.4396e+01
 |   |   |  pressure_norm_old = 3.4191e+01
 |   |   |  U_bar_err     = 2.1027e-02
 |   |   |  U_tilde_err   = 2.9919e-03
 |   |   |  S_area_err    = 2.7388e-03
 |   |   |  Phis_err      = 7.3580e-06
 |   |   |  pressure_err  = 1.1351e-03
 |   |  k_iter = 3
 |   |   |  Assembly… 0.023315906524658203 s
 |   |   |  res_norm      = 1.0930e-04
 |   |   |  res_err       = 1.1493e-03
 |   |   |  dres_norm     = 6.2981e-03
 |   |   |  res_err_rel   = 9.9033e-01
 |   |   |  Solve… 0.007759809494018555 s
 |   |   |  dU_bar_norm   = 1.0912e-05
 |   |   |  dU_tilde_norm = 1.1268e-04
 |   |   |  dS_area_norm  = 3.1647e-05
 |   |   |  dPhis_norm    = 6.2624e-07
 |   |   |  dpressure_norm = 1.8960e-04
 |   |   |  relax         = 1.0000e+00
 |   |   |  U_bar_norm    = 5.5134e-02
 |   |   |  U_bar_norm_old = 4.4329e-02
 |   |   |  U_tilde_norm  = 2.2367e+00
 |   |   |  U_tilde_norm_old = 2.2439e+00
 |   |   |  S_area_norm   = 1.1771e+00
 |   |   |  S_area_norm_old = 1.1598e+00
 |   |   |  Phis_norm     = 1.8127e+01
 |   |   |  Phis_norm_old = 1.8126e+01
 |   |   |  pressure_norm = 3.4396e+01
 |   |   |  pressure_norm_old = 3.4191e+01
 |   |   |  U_bar_err     = 1.9793e-04
 |   |   |  U_tilde_err   = 5.0214e-05
 |   |   |  S_area_err    = 2.6885e-05
 |   |   |  Phis_err      = 3.4548e-08
 |   |   |  pressure_err  = 5.5122e-06
 |   |  k_iter = 4
 |   |   |  Assembly… 0.023047924041748047 s
 |   |   |  res_norm      = 9.0104e-08
 |   |   |  res_err       = 9.4745e-07
 |   |   |  dres_norm     = 1.0922e-04
 |   |   |  res_err_rel   = 9.9924e-01
 |   |   |  Solve… 0.007791042327880859 s
 |   |   |  dU_bar_norm   = 6.1296e-09
 |   |   |  dU_tilde_norm = 6.9383e-08
 |   |   |  dS_area_norm  = 2.2884e-08
 |   |   |  dPhis_norm    = 2.5451e-10
 |   |   |  dpressure_norm = 7.8713e-08
 |   |   |  relax         = 1.0000e+00
 |   |   |  U_bar_norm    = 5.5134e-02
 |   |   |  U_bar_norm_old = 4.4329e-02
 |   |   |  U_tilde_norm  = 2.2367e+00
 |   |   |  U_tilde_norm_old = 2.2439e+00
 |   |   |  S_area_norm   = 1.1771e+00
 |   |   |  S_area_norm_old = 1.1598e+00
 |   |   |  Phis_norm     = 1.8127e+01
 |   |   |  Phis_norm_old = 1.8126e+01
 |   |   |  pressure_norm = 3.4396e+01
 |   |   |  pressure_norm_old = 3.4191e+01
 |   |   |  U_bar_err     = 1.1118e-07
 |   |   |  U_tilde_err   = 3.0921e-08
 |   |   |  S_area_err    = 1.9441e-08
 |   |   |  Phis_err      = 1.4040e-11
 |   |   |  pressure_err  = 2.2884e-09
 |   |   |  Nonlinear solver converged…
 |  k_t = 6
 |   |  dt = 0.4
 |   |  t = 1.0
 |   |  t_step = 1.0
 |   |  k_iter = 1
 |   |   |  Assembly… 0.02302694320678711 s
 |   |   |  res_norm      = 1.9478e-01
 |   |   |  Solve… 0.008047819137573242 s
 |   |   |  dU_bar_norm   = 9.3817e-02
 |   |   |  dU_tilde_norm = 1.7607e-01
 |   |   |  dS_area_norm  = 4.3069e-02
 |   |   |  dPhis_norm    = 4.5502e-03
 |   |   |  dpressure_norm = 1.3537e+00
 |   |   |  U_bar_norm    = 1.3529e-01
 |   |   |  U_bar_norm_old = 5.5134e-02
 |   |   |  U_tilde_norm  = 2.2300e+00
 |   |   |  U_tilde_norm_old = 2.2367e+00
 |   |   |  S_area_norm   = 1.2202e+00
 |   |   |  S_area_norm_old = 1.1771e+00
 |   |   |  Phis_norm     = 1.8128e+01
 |   |   |  Phis_norm_old = 1.8127e+01
 |   |   |  pressure_norm = 3.4867e+01
 |   |   |  pressure_norm_old = 3.4396e+01
 |   |   |  U_bar_err     = 6.9346e-01
 |   |   |  U_tilde_err   = 7.8717e-02
 |   |   |  S_area_err    = 3.5297e-02
 |   |   |  Phis_err      = 2.5101e-04
 |   |   |  pressure_err  = 3.8824e-02
 |   |  k_iter = 2
 |   |   |  Assembly… 0.02288985252380371 s
 |   |   |  res_norm      = 2.0657e-02
 |   |   |  res_err       = 1.0605e-01
 |   |   |  dres_norm     = 2.0380e-01
 |   |   |  res_err_rel   = 1.0463e+00
 |   |   |  Solve… 0.007959127426147461 s
 |   |   |  dU_bar_norm   = 4.0120e-03
 |   |   |  dU_tilde_norm = 2.0550e-02
 |   |   |  dS_area_norm  = 8.2788e-03
 |   |   |  dPhis_norm    = 4.7431e-04
 |   |   |  dpressure_norm = 1.3879e-01
 |   |   |  relax         = 1.0000e+00
 |   |   |  U_bar_norm    = 1.3154e-01
 |   |   |  U_bar_norm_old = 5.5134e-02
 |   |   |  U_tilde_norm  = 2.2243e+00
 |   |   |  U_tilde_norm_old = 2.2367e+00
 |   |   |  S_area_norm   = 1.2285e+00
 |   |   |  S_area_norm_old = 1.1771e+00
 |   |   |  Phis_norm     = 1.8127e+01
 |   |   |  Phis_norm_old = 1.8127e+01
 |   |   |  pressure_norm = 3.4857e+01
 |   |   |  pressure_norm_old = 3.4396e+01
 |   |   |  U_bar_err     = 3.0500e-02
 |   |   |  U_tilde_err   = 9.1876e-03
 |   |   |  S_area_err    = 6.7392e-03
 |   |   |  Phis_err      = 2.6165e-05
 |   |   |  pressure_err  = 3.9816e-03
 |   |  k_iter = 3
 |   |   |  Assembly… 0.02303481101989746 s
 |   |   |  res_norm      = 3.6479e-04
 |   |   |  res_err       = 1.8728e-03
 |   |   |  dres_norm     = 2.0438e-02
 |   |   |  res_err_rel   = 9.8940e-01
 |   |   |  Solve… 0.007695913314819336 s
 |   |   |  dU_bar_norm   = 5.3809e-05
 |   |   |  dU_tilde_norm = 4.7397e-04
 |   |   |  dS_area_norm  = 2.7082e-05
 |   |   |  dPhis_norm    = 4.2860e-06
 |   |   |  dpressure_norm = 1.2876e-03
 |   |   |  relax         = 1.0000e+00
 |   |   |  U_bar_norm    = 1.3150e-01
 |   |   |  U_bar_norm_old = 5.5134e-02
 |   |   |  U_tilde_norm  = 2.2243e+00
 |   |   |  U_tilde_norm_old = 2.2367e+00
 |   |   |  S_area_norm   = 1.2285e+00
 |   |   |  S_area_norm_old = 1.1771e+00
 |   |   |  Phis_norm     = 1.8127e+01
 |   |   |  Phis_norm_old = 1.8127e+01
 |   |   |  pressure_norm = 3.4857e+01
 |   |   |  pressure_norm_old = 3.4396e+01
 |   |   |  U_bar_err     = 4.0919e-04
 |   |   |  U_tilde_err   = 2.1190e-04
 |   |   |  S_area_err    = 2.2045e-05
 |   |   |  Phis_err      = 2.3644e-07
 |   |   |  pressure_err  = 3.6940e-05
 |   |  k_iter = 4
 |   |   |  Assembly… 0.023230791091918945 s
 |   |   |  res_norm      = 4.7737e-07
 |   |   |  res_err       = 2.4507e-06
 |   |   |  dres_norm     = 3.6442e-04
 |   |   |  res_err_rel   = 9.9899e-01
 |   |   |  Solve… 0.007848262786865234 s
 |   |   |  dU_bar_norm   = 3.9855e-08
 |   |   |  dU_tilde_norm = 3.9010e-07
 |   |   |  dS_area_norm  = 4.4481e-08
 |   |   |  dPhis_norm    = 1.7353e-09
 |   |   |  dpressure_norm = 5.3560e-07
 |   |   |  relax         = 1.0000e+00
 |   |   |  U_bar_norm    = 1.3150e-01
 |   |   |  U_bar_norm_old = 5.5134e-02
 |   |   |  U_tilde_norm  = 2.2243e+00
 |   |   |  U_tilde_norm_old = 2.2367e+00
 |   |   |  S_area_norm   = 1.2285e+00
 |   |   |  S_area_norm_old = 1.1771e+00
 |   |   |  Phis_norm     = 1.8127e+01
 |   |   |  Phis_norm_old = 1.8127e+01
 |   |   |  pressure_norm = 3.4857e+01
 |   |   |  pressure_norm_old = 3.4396e+01
 |   |   |  U_bar_err     = 3.0308e-07
 |   |   |  U_tilde_err   = 1.7440e-07
 |   |   |  S_area_err    = 3.6208e-08
 |   |   |  Phis_err      = 9.5726e-11
 |   |   |  pressure_err  = 1.5365e-08
 |   |   |  Nonlinear solver converged…
