k_step = 1
 |  k_t = 1
 |   |  dt = 0.1
 |   |  t = 0.1
 |   |  t_step = 0.1
 |   |  k_iter = 1
 |   |   |  Assembly… 0.1876828670501709 s
 |   |   |  res_norm      = 1.3366e+00
 |   |   |  Solve… 0.08725881576538086 s
 |   |   |  dU_bar_norm   = 6.6572e-02
 |   |   |  dU_tilde_norm = 1.7601e-01
 |   |   |  dS_area_norm  = 1.3680e+00
 |   |   |  dPhis_norm    = 2.0766e-01
 |   |   |  dpressure_norm = 4.2093e-01
 |   |   |  U_bar_norm    = 6.6572e-02
 |   |   |  U_bar_norm_old = 0.0000e+00
 |   |   |  U_tilde_norm  = 1.7601e-01
 |   |   |  U_tilde_norm_old = 0.0000e+00
 |   |   |  S_area_norm   = 1.3680e+00
 |   |   |  S_area_norm_old = 0.0000e+00
 |   |   |  Phis_norm     = 4.1356e+01
 |   |   |  Phis_norm_old = 4.1563e+01
 |   |   |  pressure_norm = 4.2093e-01
 |   |   |  pressure_norm_old = 0.0000e+00
 |   |   |  U_bar_err     = 1.0000e+00
 |   |   |  U_tilde_err   = 1.0000e+00
 |   |   |  S_area_err    = 1.0000e+00
 |   |   |  Phis_err      = 4.9963e-03
 |   |   |  pressure_err  = 1.0000e+00
 |   |  k_iter = 2
 |   |   |  Assembly… 0.04955863952636719 s
 |   |   |  res_norm      = 4.2383e-03
 |   |   |  res_err       = 3.1710e-03
 |   |   |  dres_norm     = 1.3335e+00
 |   |   |  res_err_rel   = 9.9769e-01
 |   |   |  Solve… 0.03149294853210449 s
 |   |   |  dU_bar_norm   = 4.8968e-03
 |   |   |  dU_tilde_norm = 2.0868e-02
 |   |   |  dS_area_norm  = 9.3087e-04
 |   |   |  dPhis_norm    = 1.2037e-03
 |   |   |  dpressure_norm = 5.7163e-02
 |   |   |  relax         = 1.0000e+00
 |   |   |  U_bar_norm    = 6.1686e-02
 |   |   |  U_bar_norm_old = 0.0000e+00
 |   |   |  U_tilde_norm  = 1.5573e-01
 |   |   |  U_tilde_norm_old = 0.0000e+00
 |   |   |  S_area_norm   = 1.3689e+00
 |   |   |  S_area_norm_old = 0.0000e+00
 |   |   |  Phis_norm     = 4.1357e+01
 |   |   |  Phis_norm_old = 4.1563e+01
 |   |   |  pressure_norm = 4.5715e-01
 |   |   |  pressure_norm_old = 0.0000e+00
 |   |   |  U_bar_err     = 7.9383e-02
 |   |   |  U_tilde_err   = 1.3400e-01
 |   |   |  S_area_err    = 6.8002e-04
 |   |   |  Phis_err      = 2.8960e-05
 |   |   |  pressure_err  = 1.2504e-01
 |   |  k_iter = 3
 |   |   |  Assembly… 0.04820418357849121 s
 |   |   |  res_norm      = 7.6688e-05
 |   |   |  res_err       = 5.7376e-05
 |   |   |  dres_norm     = 4.1899e-03
 |   |   |  res_err_rel   = 9.8858e-01
 |   |   |  Solve… 0.029073238372802734 s
 |   |   |  dU_bar_norm   = 1.1340e-04
 |   |   |  dU_tilde_norm = 5.7842e-04
 |   |   |  dS_area_norm  = 5.9470e-06
 |   |   |  dPhis_norm    = 4.4572e-07
 |   |   |  dpressure_norm = 1.4173e-04
 |   |   |  relax         = 1.0000e+00
 |   |   |  U_bar_norm    = 6.1573e-02
 |   |   |  U_bar_norm_old = 0.0000e+00
 |   |   |  U_tilde_norm  = 1.5517e-01
 |   |   |  U_tilde_norm_old = 0.0000e+00
 |   |   |  S_area_norm   = 1.3689e+00
 |   |   |  S_area_norm_old = 0.0000e+00
 |   |   |  Phis_norm     = 4.1357e+01
 |   |   |  Phis_norm_old = 4.1563e+01
 |   |   |  pressure_norm = 4.5702e-01
 |   |   |  pressure_norm_old = 0.0000e+00
 |   |   |  U_bar_err     = 1.8417e-03
 |   |   |  U_tilde_err   = 3.7276e-03
 |   |   |  S_area_err    = 4.3444e-06
 |   |   |  Phis_err      = 1.0724e-08
 |   |   |  pressure_err  = 3.1011e-04
 |   |  k_iter = 4
 |   |   |  Assembly… 0.050141334533691406 s
 |   |   |  res_norm      = 5.4272e-08
 |   |   |  res_err       = 4.0605e-08
 |   |   |  dres_norm     = 7.6638e-05
 |   |   |  res_err_rel   = 9.9934e-01
 |   |   |  Solve… 0.030153989791870117 s
 |   |   |  dU_bar_norm   = 7.6930e-08
 |   |   |  dU_tilde_norm = 3.6485e-07
 |   |   |  dS_area_norm  = 4.1609e-09
 |   |   |  dPhis_norm    = 2.2104e-10
 |   |   |  dpressure_norm = 6.5113e-08
 |   |   |  relax         = 1.0000e+00
 |   |   |  U_bar_norm    = 6.1573e-02
 |   |   |  U_bar_norm_old = 0.0000e+00
 |   |   |  U_tilde_norm  = 1.5517e-01
 |   |   |  U_tilde_norm_old = 0.0000e+00
 |   |   |  S_area_norm   = 1.3689e+00
 |   |   |  S_area_norm_old = 0.0000e+00
 |   |   |  Phis_norm     = 4.1357e+01
 |   |   |  Phis_norm_old = 4.1563e+01
 |   |   |  pressure_norm = 4.5702e-01
 |   |   |  pressure_norm_old = 0.0000e+00
 |   |   |  U_bar_err     = 1.2494e-06
 |   |   |  U_tilde_err   = 2.3513e-06
 |   |   |  S_area_err    = 3.0396e-09
 |   |   |  Phis_err      = 5.3182e-12
 |   |   |  pressure_err  = 1.4247e-07
 |   |  k_iter = 5
 |   |   |  Assembly… 0.04829096794128418 s
 |   |   |  res_norm      = 2.7928e-14
 |   |   |  res_err       = 2.0895e-14
 |   |   |  dres_norm     = 5.4272e-08
 |   |   |  res_err_rel   = 1.0000e+00
 |   |   |  Solve… 0.02927374839782715 s
 |   |   |  dU_bar_norm   = 4.2070e-14
 |   |   |  dU_tilde_norm = 2.1178e-13
 |   |   |  dS_area_norm  = 1.3422e-15
 |   |   |  dPhis_norm    = 3.9165e-15
 |   |   |  dpressure_norm = 2.2374e-14
 |   |   |  relax         = 1.0000e+00
 |   |   |  U_bar_norm    = 6.1573e-02
 |   |   |  U_bar_norm_old = 0.0000e+00
 |   |   |  U_tilde_norm  = 1.5517e-01
 |   |   |  U_tilde_norm_old = 0.0000e+00
 |   |   |  S_area_norm   = 1.3689e+00
 |   |   |  S_area_norm_old = 0.0000e+00
 |   |   |  Phis_norm     = 4.1357e+01
 |   |   |  Phis_norm_old = 4.1563e+01
 |   |   |  pressure_norm = 4.5702e-01
 |   |   |  pressure_norm_old = 0.0000e+00
 |   |   |  U_bar_err     = 6.8326e-13
 |   |   |  U_tilde_err   = 1.3648e-12
 |   |   |  S_area_err    = 9.8049e-16
 |   |   |  Phis_err      = 9.4229e-17
 |   |   |  pressure_err  = 4.8956e-14
 |   |   |  Nonlinear solver converged…
 |  k_t = 2
 |   |  dt = 0.1
 |   |  t = 0.2
 |   |  t_step = 0.2
 |   |  k_iter = 1
 |   |   |  Assembly… 0.04863381385803223 s
 |   |   |  res_norm      = 6.8909e-03
 |   |   |  Solve… 0.030358076095581055 s
 |   |   |  dU_bar_norm   = 6.2281e-02
 |   |   |  dU_tilde_norm = 1.4882e-01
 |   |   |  dS_area_norm  = 3.7840e-02
 |   |   |  dPhis_norm    = 8.8275e-05
 |   |   |  dpressure_norm = 2.6432e-02
 |   |   |  U_bar_norm    = 1.2384e-01
 |   |   |  U_bar_norm_old = 6.1573e-02
 |   |   |  U_tilde_norm  = 3.0388e-01
 |   |   |  U_tilde_norm_old = 1.5517e-01
 |   |   |  S_area_norm   = 1.4067e+00
 |   |   |  S_area_norm_old = 1.3689e+00
 |   |   |  Phis_norm     = 4.1357e+01
 |   |   |  Phis_norm_old = 4.1357e+01
 |   |   |  pressure_norm = 4.3193e-01
 |   |   |  pressure_norm_old = 4.5702e-01
 |   |   |  U_bar_err     = 5.0291e-01
 |   |   |  U_tilde_err   = 4.8973e-01
 |   |   |  S_area_err    = 2.6899e-02
 |   |   |  Phis_err      = 2.1345e-06
 |   |   |  pressure_err  = 5.7835e-02
 |   |  k_iter = 2
 |   |   |  Assembly… 0.04827594757080078 s
 |   |   |  res_norm      = 1.9216e-03
 |   |   |  res_err       = 2.7886e-01
 |   |   |  dres_norm     = 7.4880e-03
 |   |   |  res_err_rel   = 1.0867e+00
 |   |   |  Solve… 0.029510021209716797 s
 |   |   |  dU_bar_norm   = 3.3226e-03
 |   |   |  dU_tilde_norm = 1.4710e-02
 |   |   |  dS_area_norm  = 1.6629e-04
 |   |   |  dPhis_norm    = 4.7236e-06
 |   |   |  dpressure_norm = 1.3937e-03
 |   |   |  relax         = 1.0000e+00
 |   |   |  U_bar_norm    = 1.2058e-01
 |   |   |  U_bar_norm_old = 6.1573e-02
 |   |   |  U_tilde_norm  = 2.8974e-01
 |   |   |  U_tilde_norm_old = 1.5517e-01
 |   |   |  S_area_norm   = 1.4069e+00
 |   |   |  S_area_norm_old = 1.3689e+00
 |   |   |  Phis_norm     = 4.1357e+01
 |   |   |  Phis_norm_old = 4.1357e+01
 |   |   |  pressure_norm = 4.3202e-01
 |   |   |  pressure_norm_old = 4.5702e-01
 |   |   |  U_bar_err     = 2.7554e-02
 |   |   |  U_tilde_err   = 5.0768e-02
 |   |   |  S_area_err    = 1.1819e-04
 |   |   |  Phis_err      = 1.1421e-07
 |   |   |  pressure_err  = 3.0494e-03
 |   |  k_iter = 3
 |   |   |  Assembly… 0.04855489730834961 s
 |   |   |  res_norm      = 2.7008e-05
 |   |   |  res_err       = 3.9194e-03
 |   |   |  dres_norm     = 1.8964e-03
 |   |   |  res_err_rel   = 9.8689e-01
 |   |   |  Solve… 0.0291440486907959 s
 |   |   |  dU_bar_norm   = 3.4566e-05
 |   |   |  dU_tilde_norm = 1.7571e-04
 |   |   |  dS_area_norm  = 2.9156e-06
 |   |   |  dPhis_norm    = 9.4180e-08
 |   |   |  dpressure_norm = 2.7685e-05
 |   |   |  relax         = 1.0000e+00
 |   |   |  U_bar_norm    = 1.2055e-01
 |   |   |  U_bar_norm_old = 6.1573e-02
 |   |   |  U_tilde_norm  = 2.8957e-01
 |   |   |  U_tilde_norm_old = 1.5517e-01
 |   |   |  S_area_norm   = 1.4069e+00
 |   |   |  S_area_norm_old = 1.3689e+00
 |   |   |  Phis_norm     = 4.1357e+01
 |   |   |  Phis_norm_old = 4.1357e+01
 |   |   |  pressure_norm = 4.3204e-01
 |   |   |  pressure_norm_old = 4.5702e-01
 |   |   |  U_bar_err     = 2.8673e-04
 |   |   |  U_tilde_err   = 6.0679e-04
 |   |   |  S_area_err    = 2.0724e-06
 |   |   |  Phis_err      = 2.2772e-09
 |   |   |  pressure_err  = 6.0577e-05
 |   |  k_iter = 4
 |   |   |  Assembly… 0.049095869064331055 s
 |   |   |  res_norm      = 4.2642e-09
 |   |   |  res_err       = 6.1882e-07
 |   |   |  dres_norm     = 2.7004e-05
 |   |   |  res_err_rel   = 9.9985e-01
 |   |   |  Solve… 0.029701948165893555 s
 |   |   |  dU_bar_norm   = 7.2269e-09
 |   |   |  dU_tilde_norm = 3.8294e-08
 |   |   |  dS_area_norm  = 1.4546e-09
 |   |   |  dPhis_norm    = 1.7391e-11
 |   |   |  dpressure_norm = 5.1026e-09
 |   |   |  relax         = 1.0000e+00
 |   |   |  U_bar_norm    = 1.2055e-01
 |   |   |  U_bar_norm_old = 6.1573e-02
 |   |   |  U_tilde_norm  = 2.8957e-01
 |   |   |  U_tilde_norm_old = 1.5517e-01
 |   |   |  S_area_norm   = 1.4069e+00
 |   |   |  S_area_norm_old = 1.3689e+00
 |   |   |  Phis_norm     = 4.1357e+01
 |   |   |  Phis_norm_old = 4.1357e+01
 |   |   |  pressure_norm = 4.3204e-01
 |   |   |  pressure_norm_old = 4.5702e-01
 |   |   |  U_bar_err     = 5.9950e-08
 |   |   |  U_tilde_err   = 1.3224e-07
 |   |   |  S_area_err    = 1.0339e-09
 |   |   |  Phis_err      = 4.2050e-13
 |   |   |  pressure_err  = 1.1165e-08
 |   |   |  Nonlinear solver converged…
 |  k_t = 3
 |   |  dt = 0.2
 |   |  t = 0.4
 |   |  t_step = 0.4
 |   |  k_iter = 1
 |   |   |  Assembly… 0.04988384246826172 s
 |   |   |  res_norm      = 1.4232e-02
 |   |   |  Solve… 0.03055119514465332 s
 |   |   |  dU_bar_norm   = 1.2382e-01
 |   |   |  dU_tilde_norm = 2.7021e-01
 |   |   |  dS_area_norm  = 8.3657e-02
 |   |   |  dPhis_norm    = 1.9117e-04
 |   |   |  dpressure_norm = 5.7233e-02
 |   |   |  U_bar_norm    = 2.4434e-01
 |   |   |  U_bar_norm_old = 1.2055e-01
 |   |   |  U_tilde_norm  = 5.5935e-01
 |   |   |  U_tilde_norm_old = 2.8957e-01
 |   |   |  S_area_norm   = 1.4906e+00
 |   |   |  S_area_norm_old = 1.4069e+00
 |   |   |  Phis_norm     = 4.1357e+01
 |   |   |  Phis_norm_old = 4.1357e+01
 |   |   |  pressure_norm = 3.7779e-01
 |   |   |  pressure_norm_old = 4.3204e-01
 |   |   |  U_bar_err     = 5.0676e-01
 |   |   |  U_tilde_err   = 4.8307e-01
 |   |   |  S_area_err    = 5.6125e-02
 |   |   |  Phis_err      = 4.6223e-06
 |   |   |  pressure_err  = 1.3247e-01
 |   |  k_iter = 2
 |   |   |  Assembly… 0.04909992218017578 s
 |   |   |  res_norm      = 4.9699e-03
 |   |   |  res_err       = 3.4922e-01
 |   |   |  dres_norm     = 1.6150e-02
 |   |   |  res_err_rel   = 1.1348e+00
 |   |   |  Solve… 0.02919483184814453 s
 |   |   |  dU_bar_norm   = 9.5974e-03
 |   |   |  dU_tilde_norm = 4.1074e-02
 |   |   |  dS_area_norm  = 1.5434e-03
 |   |   |  dPhis_norm    = 1.6196e-05
 |   |   |  dpressure_norm = 4.7941e-03
 |   |   |  relax         = 1.0000e+00
 |   |   |  U_bar_norm    = 2.3503e-01
 |   |   |  U_bar_norm_old = 1.2055e-01
 |   |   |  U_tilde_norm  = 5.2003e-01
 |   |   |  U_tilde_norm_old = 2.8957e-01
 |   |   |  S_area_norm   = 1.4890e+00
 |   |   |  S_area_norm_old = 1.4069e+00
 |   |   |  Phis_norm     = 4.1357e+01
 |   |   |  Phis_norm_old = 4.1357e+01
 |   |   |  pressure_norm = 3.7828e-01
 |   |   |  pressure_norm_old = 4.3204e-01
 |   |   |  U_bar_err     = 4.0834e-02
 |   |   |  U_tilde_err   = 7.8984e-02
 |   |   |  S_area_err    = 1.0365e-03
 |   |   |  Phis_err      = 3.9161e-07
 |   |   |  pressure_err  = 1.1096e-02
 |   |  k_iter = 3
 |   |   |  Assembly… 0.04826498031616211 s
 |   |   |  res_norm      = 1.5717e-04
 |   |   |  res_err       = 1.1044e-02
 |   |   |  dres_norm     = 4.8252e-03
 |   |   |  res_err_rel   = 9.7088e-01
 |   |   |  Solve… 0.02939128875732422 s
 |   |   |  dU_bar_norm   = 1.8111e-04
 |   |   |  dU_tilde_norm = 9.1587e-04
 |   |   |  dS_area_norm  = 6.2247e-05
 |   |   |  dPhis_norm    = 7.6175e-07
 |   |   |  dpressure_norm = 2.2451e-04
 |   |   |  relax         = 1.0000e+00
 |   |   |  U_bar_norm    = 2.3485e-01
 |   |   |  U_bar_norm_old = 1.2055e-01
 |   |   |  U_tilde_norm  = 5.1916e-01
 |   |   |  U_tilde_norm_old = 2.8957e-01
 |   |   |  S_area_norm   = 1.4890e+00
 |   |   |  S_area_norm_old = 1.4069e+00
 |   |   |  Phis_norm     = 4.1357e+01
 |   |   |  Phis_norm_old = 4.1357e+01
 |   |   |  pressure_norm = 3.7847e-01
 |   |   |  pressure_norm_old = 4.3204e-01
 |   |   |  U_bar_err     = 7.7118e-04
 |   |   |  U_tilde_err   = 1.7641e-03
 |   |   |  S_area_err    = 4.1806e-05
 |   |   |  Phis_err      = 1.8419e-08
 |   |   |  pressure_err  = 5.1965e-04
 |   |  k_iter = 4
 |   |   |  Assembly… 0.05054593086242676 s
 |   |   |  res_norm      = 1.0442e-07
 |   |   |  res_err       = 7.3370e-06
 |   |   |  dres_norm     = 1.5707e-04
 |   |   |  res_err_rel   = 9.9937e-01
 |   |   |  Solve… 0.029582977294921875 s
 |   |   |  dU_bar_norm   = 1.6631e-07
 |   |   |  dU_tilde_norm = 9.7295e-07
 |   |   |  dS_area_norm  = 7.9341e-08
 |   |   |  dPhis_norm    = 5.5384e-10
 |   |   |  dpressure_norm = 1.6236e-07
 |   |   |  relax         = 1.0000e+00
 |   |   |  U_bar_norm    = 2.3485e-01
 |   |   |  U_bar_norm_old = 1.2055e-01
 |   |   |  U_tilde_norm  = 5.1916e-01
 |   |   |  U_tilde_norm_old = 2.8957e-01
 |   |   |  S_area_norm   = 1.4890e+00
 |   |   |  S_area_norm_old = 1.4069e+00
 |   |   |  Phis_norm     = 4.1357e+01
 |   |   |  Phis_norm_old = 4.1357e+01
 |   |   |  pressure_norm = 3.7847e-01
 |   |   |  pressure_norm_old = 4.3204e-01
 |   |   |  U_bar_err     = 7.0815e-07
 |   |   |  U_tilde_err   = 1.8741e-06
 |   |   |  S_area_err    = 5.3287e-08
 |   |   |  Phis_err      = 1.3392e-11
 |   |   |  pressure_err  = 3.7580e-07
 |   |  k_iter = 5
 |   |   |  Assembly… 0.04804682731628418 s
 |   |   |  res_norm      = 1.2818e-13
 |   |   |  res_err       = 9.0069e-12
 |   |   |  dres_norm     = 1.0442e-07
 |   |   |  res_err_rel   = 1.0000e+00
 |   |   |  Solve… 0.02948307991027832 s
 |   |   |  dU_bar_norm   = 1.4599e-13
 |   |   |  dU_tilde_norm = 8.0128e-13
 |   |   |  dS_area_norm  = 5.5399e-14
 |   |   |  dPhis_norm    = 3.9665e-15
 |   |   |  dpressure_norm = 1.3792e-13
 |   |   |  relax         = 1.0000e+00
 |   |   |  U_bar_norm    = 2.3485e-01
 |   |   |  U_bar_norm_old = 1.2055e-01
 |   |   |  U_tilde_norm  = 5.1916e-01
 |   |   |  U_tilde_norm_old = 2.8957e-01
 |   |   |  S_area_norm   = 1.4890e+00
 |   |   |  S_area_norm_old = 1.4069e+00
 |   |   |  Phis_norm     = 4.1357e+01
 |   |   |  Phis_norm_old = 4.1357e+01
 |   |   |  pressure_norm = 3.7847e-01
 |   |   |  pressure_norm_old = 4.3204e-01
 |   |   |  U_bar_err     = 6.2162e-13
 |   |   |  U_tilde_err   = 1.5434e-12
 |   |   |  S_area_err    = 3.7207e-14
 |   |   |  Phis_err      = 9.5908e-17
 |   |   |  pressure_err  = 3.1922e-13
 |   |   |  Nonlinear solver converged…
 |  k_t = 4
 |   |  dt = 0.2
 |   |  t = 0.6000000000000001
 |   |  t_step = 0.6000000000000001
 |   |  k_iter = 1
 |   |   |  Assembly… 0.049202919006347656 s
 |   |   |  res_norm      = 1.5098e-02
 |   |   |  Solve… 0.029165029525756836 s
 |   |   |  dU_bar_norm   = 1.2032e-01
 |   |   |  dU_tilde_norm = 2.2526e-01
 |   |   |  dS_area_norm  = 9.0258e-02
 |   |   |  dPhis_norm    = 2.1174e-04
 |   |   |  dpressure_norm = 6.3297e-02
 |   |   |  U_bar_norm    = 3.5508e-01
 |   |   |  U_bar_norm_old = 2.3485e-01
 |   |   |  U_tilde_norm  = 7.4302e-01
 |   |   |  U_tilde_norm_old = 5.1916e-01
 |   |   |  S_area_norm   = 1.5792e+00
 |   |   |  S_area_norm_old = 1.4890e+00
 |   |   |  Phis_norm     = 4.1357e+01
 |   |   |  Phis_norm_old = 4.1357e+01
 |   |   |  pressure_norm = 3.2029e-01
 |   |   |  pressure_norm_old = 3.7847e-01
 |   |   |  U_bar_err     = 3.3886e-01
 |   |   |  U_tilde_err   = 3.0316e-01
 |   |   |  S_area_err    = 5.7154e-02
 |   |   |  Phis_err      = 5.1199e-06
 |   |   |  pressure_err  = 1.6724e-01
 |   |  k_iter = 2
 |   |   |  Assembly… 0.049405813217163086 s
 |   |   |  res_norm      = 2.8328e-03
 |   |   |  res_err       = 1.8763e-01
 |   |   |  dres_norm     = 1.6169e-02
 |   |   |  res_err_rel   = 1.0709e+00
 |   |   |  Solve… 0.029803037643432617 s
 |   |   |  dU_bar_norm   = 6.9687e-03
 |   |   |  dU_tilde_norm = 2.7775e-02
 |   |   |  dS_area_norm  = 2.4947e-03
 |   |   |  dPhis_norm    = 1.2664e-05
 |   |   |  dpressure_norm = 3.7685e-03
 |   |   |  relax         = 1.0000e+00
 |   |   |  U_bar_norm    = 3.4837e-01
 |   |   |  U_bar_norm_old = 2.3485e-01
 |   |   |  U_tilde_norm  = 7.1640e-01
 |   |   |  U_tilde_norm_old = 5.1916e-01
 |   |   |  S_area_norm   = 1.5767e+00
 |   |   |  S_area_norm_old = 1.4890e+00
 |   |   |  Phis_norm     = 4.1357e+01
 |   |   |  Phis_norm_old = 4.1357e+01
 |   |   |  pressure_norm = 3.2138e-01
 |   |   |  pressure_norm_old = 3.7847e-01
 |   |   |  U_bar_err     = 2.0004e-02
 |   |   |  U_tilde_err   = 3.8771e-02
 |   |   |  S_area_err    = 1.5822e-03
 |   |   |  Phis_err      = 3.0622e-07
 |   |   |  pressure_err  = 9.9572e-03
 |   |  k_iter = 3
 |   |   |  Assembly… 0.04909014701843262 s
 |   |   |  res_norm      = 5.9819e-05
 |   |   |  res_err       = 3.9622e-03
 |   |   |  dres_norm     = 2.7801e-03
 |   |   |  res_err_rel   = 9.8139e-01
 |   |   |  Solve… 0.02917003631591797 s
 |   |   |  dU_bar_norm   = 5.8509e-05
 |   |   |  dU_tilde_norm = 2.1100e-04
 |   |   |  dS_area_norm  = 3.7964e-05
 |   |   |  dPhis_norm    = 3.1679e-07
 |   |   |  dpressure_norm = 9.4201e-05
 |   |   |  relax         = 1.0000e+00
 |   |   |  U_bar_norm    = 3.4832e-01
 |   |   |  U_bar_norm_old = 2.3485e-01
 |   |   |  U_tilde_norm  = 7.1619e-01
 |   |   |  U_tilde_norm_old = 5.1916e-01
 |   |   |  S_area_norm   = 1.5767e+00
 |   |   |  S_area_norm_old = 1.4890e+00
 |   |   |  Phis_norm     = 4.1357e+01
 |   |   |  Phis_norm_old = 4.1357e+01
 |   |   |  pressure_norm = 3.2146e-01
 |   |   |  pressure_norm_old = 3.7847e-01
 |   |   |  U_bar_err     = 1.6798e-04
 |   |   |  U_tilde_err   = 2.9462e-04
 |   |   |  S_area_err    = 2.4078e-05
 |   |   |  Phis_err      = 7.6599e-09
 |   |   |  pressure_err  = 2.4890e-04
 |   |  k_iter = 4
 |   |   |  Assembly… 0.048886775970458984 s
 |   |   |  res_norm      = 1.0018e-08
 |   |   |  res_err       = 6.6356e-07
 |   |   |  dres_norm     = 5.9811e-05
 |   |   |  res_err_rel   = 9.9986e-01
 |   |   |  Solve… 0.028982162475585938 s
 |   |   |  dU_bar_norm   = 1.0086e-08
 |   |   |  dU_tilde_norm = 6.4260e-08
 |   |   |  dS_area_norm  = 9.0575e-09
 |   |   |  dPhis_norm    = 3.9282e-11
 |   |   |  dpressure_norm = 1.1514e-08
 |   |   |  relax         = 1.0000e+00
 |   |   |  U_bar_norm    = 3.4832e-01
 |   |   |  U_bar_norm_old = 2.3485e-01
 |   |   |  U_tilde_norm  = 7.1619e-01
 |   |   |  U_tilde_norm_old = 5.1916e-01
 |   |   |  S_area_norm   = 1.5767e+00
 |   |   |  S_area_norm_old = 1.4890e+00
 |   |   |  Phis_norm     = 4.1357e+01
 |   |   |  Phis_norm_old = 4.1357e+01
 |   |   |  pressure_norm = 3.2146e-01
 |   |   |  pressure_norm_old = 3.7847e-01
 |   |   |  U_bar_err     = 2.8956e-08
 |   |   |  U_tilde_err   = 8.9725e-08
 |   |   |  S_area_err    = 5.7447e-09
 |   |   |  Phis_err      = 9.4982e-13
 |   |   |  pressure_err  = 3.0424e-08
 |   |   |  Nonlinear solver converged…
 |  k_t = 5
 |   |  dt = 0.4
 |   |  t = 1.0
 |   |  t_step = 1.0
 |   |  k_iter = 1
 |   |   |  Assembly… 0.0500948429107666 s
 |   |   |  res_norm      = 3.1904e-02
 |   |   |  Solve… 0.02992725372314453 s
 |   |   |  dU_bar_norm   = 2.5554e-01
 |   |   |  dU_tilde_norm = 4.2209e-01
 |   |   |  dS_area_norm  = 2.0203e-01
 |   |   |  dPhis_norm    = 4.9342e-04
 |   |   |  dpressure_norm = 1.4725e-01
 |   |   |  U_bar_norm    = 6.0357e-01
 |   |   |  U_bar_norm_old = 3.4832e-01
 |   |   |  U_tilde_norm  = 1.1338e+00
 |   |   |  U_tilde_norm_old = 7.1619e-01
 |   |   |  S_area_norm   = 1.7787e+00
 |   |   |  S_area_norm_old = 1.5767e+00
 |   |   |  Phis_norm     = 4.1357e+01
 |   |   |  Phis_norm_old = 4.1357e+01
 |   |   |  pressure_norm = 2.0422e-01
 |   |   |  pressure_norm_old = 3.2146e-01
 |   |   |  U_bar_err     = 4.2337e-01
 |   |   |  U_tilde_err   = 3.7227e-01
 |   |   |  S_area_err    = 1.1358e-01
 |   |   |  Phis_err      = 1.1931e-05
 |   |   |  pressure_err  = 4.5807e-01
 |   |  k_iter = 2
 |   |   |  Assembly… 0.0492401123046875 s
 |   |   |  res_norm      = 1.0967e-02
 |   |   |  res_err       = 3.4374e-01
 |   |   |  dres_norm     = 3.6782e-02
 |   |   |  res_err_rel   = 1.1529e+00
 |   |   |  Solve… 0.029357194900512695 s
 |   |   |  dU_bar_norm   = 2.4194e-02
 |   |   |  dU_tilde_norm = 8.2173e-02
 |   |   |  dS_area_norm  = 1.1784e-02
 |   |   |  dPhis_norm    = 4.1198e-05
 |   |   |  dpressure_norm = 1.2326e-02
 |   |   |  relax         = 1.0000e+00
 |   |   |  U_bar_norm    = 5.8018e-01
 |   |   |  U_bar_norm_old = 3.4832e-01
 |   |   |  U_tilde_norm  = 1.0551e+00
 |   |   |  U_tilde_norm_old = 7.1619e-01
 |   |   |  S_area_norm   = 1.7669e+00
 |   |   |  S_area_norm_old = 1.5767e+00
 |   |   |  Phis_norm     = 4.1357e+01
 |   |   |  Phis_norm_old = 4.1357e+01
 |   |   |  pressure_norm = 2.1185e-01
 |   |   |  pressure_norm_old = 3.2146e-01
 |   |   |  U_bar_err     = 4.1700e-02
 |   |   |  U_tilde_err   = 7.7879e-02
 |   |   |  S_area_err    = 6.6690e-03
 |   |   |  Phis_err      = 9.9617e-07
 |   |   |  pressure_err  = 3.8344e-02
 |   |  k_iter = 3
 |   |   |  Assembly… 0.05048704147338867 s
 |   |   |  res_norm      = 6.7667e-04
 |   |   |  res_err       = 2.1210e-02
 |   |   |  dres_norm     = 1.0384e-02
 |   |   |  res_err_rel   = 9.4684e-01
 |   |   |  Solve… 0.028795957565307617 s
 |   |   |  dU_bar_norm   = 6.7634e-04
 |   |   |  dU_tilde_norm = 1.1866e-03
 |   |   |  dS_area_norm  = 6.9516e-04
 |   |   |  dPhis_norm    = 4.1107e-06
 |   |   |  dpressure_norm = 1.2308e-03
 |   |   |  relax         = 1.0000e+00
 |   |   |  U_bar_norm    = 5.7960e-01
 |   |   |  U_bar_norm_old = 3.4832e-01
 |   |   |  U_tilde_norm  = 1.0541e+00
 |   |   |  U_tilde_norm_old = 7.1619e-01
 |   |   |  S_area_norm   = 1.7662e+00
 |   |   |  S_area_norm_old = 1.5767e+00
 |   |   |  Phis_norm     = 4.1357e+01
 |   |   |  Phis_norm_old = 4.1357e+01
 |   |   |  pressure_norm = 2.1278e-01
 |   |   |  pressure_norm_old = 3.2146e-01
 |   |   |  U_bar_err     = 1.1669e-03
 |   |   |  U_tilde_err   = 1.1257e-03
 |   |   |  S_area_err    = 3.9359e-04
 |   |   |  Phis_err      = 9.9396e-08
 |   |   |  pressure_err  = 3.8287e-03
 |   |  k_iter = 4
 |   |   |  Assembly… 0.04883599281311035 s
 |   |   |  res_norm      = 1.7879e-06
 |   |   |  res_err       = 5.6040e-05
 |   |   |  dres_norm     = 6.7508e-04
 |   |   |  res_err_rel   = 9.9765e-01
 |   |   |  Solve… 0.028862953186035156 s
 |   |   |  dU_bar_norm   = 5.2768e-07
 |   |   |  dU_tilde_norm = 1.7804e-06
 |   |   |  dS_area_norm  = 6.7658e-07
 |   |   |  dPhis_norm    = 1.5129e-09
 |   |   |  dpressure_norm = 4.5648e-07
 |   |   |  relax         = 1.0000e+00
 |   |   |  U_bar_norm    = 5.7960e-01
 |   |   |  U_bar_norm_old = 3.4832e-01
 |   |   |  U_tilde_norm  = 1.0541e+00
 |   |   |  U_tilde_norm_old = 7.1619e-01
 |   |   |  S_area_norm   = 1.7662e+00
 |   |   |  S_area_norm_old = 1.5767e+00
 |   |   |  Phis_norm     = 4.1357e+01
 |   |   |  Phis_norm_old = 4.1357e+01
 |   |   |  pressure_norm = 2.1278e-01
 |   |   |  pressure_norm_old = 3.2146e-01
 |   |   |  U_bar_err     = 9.1043e-07
 |   |   |  U_tilde_err   = 1.6891e-06
 |   |   |  S_area_err    = 3.8307e-07
 |   |   |  Phis_err      = 3.6582e-11
 |   |   |  pressure_err  = 1.4200e-06
 |   |  k_iter = 5
 |   |   |  Assembly… 0.0490880012512207 s
 |   |   |  res_norm      = 2.3979e-11
 |   |   |  res_err       = 7.5160e-10
 |   |   |  dres_norm     = 1.7878e-06
 |   |   |  res_err_rel   = 9.9999e-01
 |   |   |  Solve… 0.029487133026123047 s
 |   |   |  dU_bar_norm   = 3.4385e-12
 |   |   |  dU_tilde_norm = 7.7760e-12
 |   |   |  dS_area_norm  = 4.7826e-12
 |   |   |  dPhis_norm    = 1.0138e-14
 |   |   |  dpressure_norm = 2.9405e-12
 |   |   |  relax         = 1.0000e+00
 |   |   |  U_bar_norm    = 5.7960e-01
 |   |   |  U_bar_norm_old = 3.4832e-01
 |   |   |  U_tilde_norm  = 1.0541e+00
 |   |   |  U_tilde_norm_old = 7.1619e-01
 |   |   |  S_area_norm   = 1.7662e+00
 |   |   |  S_area_norm_old = 1.5767e+00
 |   |   |  Phis_norm     = 4.1357e+01
 |   |   |  Phis_norm_old = 4.1357e+01
 |   |   |  pressure_norm = 2.1278e-01
 |   |   |  pressure_norm_old = 3.2146e-01
 |   |   |  U_bar_err     = 5.9325e-12
 |   |   |  U_tilde_err   = 7.3771e-12
 |   |   |  S_area_err    = 2.7078e-12
 |   |   |  Phis_err      = 2.4514e-16
 |   |   |  pressure_err  = 9.1474e-12
 |   |   |  Nonlinear solver converged…
