k_step = 1
 |  k_t = 1
 |   |  dt = 0.1
 |   |  t = 0.1
 |   |  t_step = 0.1
 |   |  k_iter = 1
 |   |   |  Assembly… 0.06481504440307617 s
 |   |   |  res_norm      = 3.1602e+01
 |   |   |  Solve… 0.012984037399291992 s
 |   |   |  dU_bar_norm   = 8.3639e-02
 |   |   |  dU_tilde_norm = 1.6855e+00
 |   |   |  dS_area_norm  = 7.2977e-01
 |   |   |  dPhis_norm    = 1.0581e-01
 |   |   |  dpressure_norm = 3.1205e+01
 |   |   |  U_bar_norm    = 8.3639e-02
 |   |   |  U_bar_norm_old = 0.0000e+00
 |   |   |  U_tilde_norm  = 1.6855e+00
 |   |   |  U_tilde_norm_old = 0.0000e+00
 |   |   |  S_area_norm   = 7.2977e-01
 |   |   |  S_area_norm_old = 0.0000e+00
 |   |   |  Phis_norm     = 1.8219e+01
 |   |   |  Phis_norm_old = 1.8125e+01
 |   |   |  pressure_norm = 3.1205e+01
 |   |   |  pressure_norm_old = 0.0000e+00
 |   |   |  U_bar_err     = 1.0000e+00
 |   |   |  U_tilde_err   = 1.0000e+00
 |   |   |  S_area_err    = 1.0000e+00
 |   |   |  Phis_err      = 5.8077e-03
 |   |   |  pressure_err  = 1.0000e+00
 |   |  k_iter = 2
 |   |   |  Assembly… 0.02320098876953125 s
 |   |   |  res_norm      = 3.9699e-01
 |   |   |  res_err       = 1.2562e-02
 |   |   |  dres_norm     = 3.1600e+01
 |   |   |  res_err_rel   = 9.9995e-01
 |   |   |  Solve… 0.009782791137695312 s
 |   |   |  dU_bar_norm   = 6.0305e-01
 |   |   |  dU_tilde_norm = 7.8144e+00
 |   |   |  dS_area_norm  = 6.8364e-01
 |   |   |  dPhis_norm    = 2.3193e-02
 |   |   |  dpressure_norm = 6.8296e+00
 |   |   |  relax         = 1.0000e+00
 |   |   |  U_bar_norm    = 5.5515e-01
 |   |   |  U_bar_norm_old = 0.0000e+00
 |   |   |  U_tilde_norm  = 7.1029e+00
 |   |   |  U_tilde_norm_old = 0.0000e+00
 |   |   |  S_area_norm   = 4.6136e-02
 |   |   |  S_area_norm_old = 0.0000e+00
 |   |   |  Phis_norm     = 1.8214e+01
 |   |   |  Phis_norm_old = 1.8125e+01
 |   |   |  pressure_norm = 3.0176e+01
 |   |   |  pressure_norm_old = 0.0000e+00
 |   |   |  U_bar_err     = 1.0863e+00
 |   |   |  U_tilde_err   = 1.1002e+00
 |   |   |  S_area_err    = 1.4818e+01
 |   |   |  Phis_err      = 1.2734e-03
 |   |   |  pressure_err  = 2.2632e-01
 |   |  k_iter = 3
 |   |   |  Assembly… 0.022841691970825195 s
 |   |   |  Warning! Residual is NaN!
 |  k_t = 1
 |   |  dt = 0.05
 |   |  t = 0.05
 |   |  t_step = 0.05
 |   |  k_iter = 1
 |   |   |  Assembly… 0.02300119400024414 s
 |   |   |  res_norm      = 1.6827e+00
 |   |   |  Solve… 0.009440898895263672 s
 |   |   |  dU_bar_norm   = 3.9689e-02
 |   |   |  dU_tilde_norm = 9.4296e-01
 |   |   |  dS_area_norm  = 1.2413e+00
 |   |   |  dPhis_norm    = 4.8638e-02
 |   |   |  dpressure_norm = 1.3989e+01
 |   |   |  U_bar_norm    = 3.9689e-02
 |   |   |  U_bar_norm_old = 0.0000e+00
 |   |   |  U_tilde_norm  = 9.4296e-01
 |   |   |  U_tilde_norm_old = 0.0000e+00
 |   |   |  S_area_norm   = 1.2413e+00
 |   |   |  S_area_norm_old = 0.0000e+00
 |   |   |  Phis_norm     = 1.8128e+01
 |   |   |  Phis_norm_old = 1.8125e+01
 |   |   |  pressure_norm = 1.3989e+01
 |   |   |  pressure_norm_old = 0.0000e+00
 |   |   |  U_bar_err     = 1.0000e+00
 |   |   |  U_tilde_err   = 1.0000e+00
 |   |   |  S_area_err    = 1.0000e+00
 |   |   |  Phis_err      = 2.6830e-03
 |   |   |  pressure_err  = 1.0000e+00
 |   |  k_iter = 2
 |   |   |  Assembly… 0.023115873336791992 s
 |   |   |  res_norm      = 1.2930e-01
 |   |   |  res_err       = 7.6842e-02
 |   |   |  dres_norm     = 1.6816e+00
 |   |   |  res_err_rel   = 9.9939e-01
 |   |   |  Solve… 0.009488105773925781 s
 |   |   |  dU_bar_norm   = 1.9631e-02
 |   |   |  dU_tilde_norm = 1.8686e-01
 |   |   |  dS_area_norm  = 3.6535e-02
 |   |   |  dPhis_norm    = 3.2664e-03
 |   |   |  dpressure_norm = 8.8666e-01
 |   |   |  relax         = 1.0000e+00
 |   |   |  U_bar_norm    = 4.9936e-02
 |   |   |  U_bar_norm_old = 0.0000e+00
 |   |   |  U_tilde_norm  = 1.0886e+00
 |   |   |  U_tilde_norm_old = 0.0000e+00
 |   |   |  S_area_norm   = 1.2048e+00
 |   |   |  S_area_norm_old = 0.0000e+00
 |   |   |  Phis_norm     = 1.8130e+01
 |   |   |  Phis_norm_old = 1.8125e+01
 |   |   |  pressure_norm = 1.4441e+01
 |   |   |  pressure_norm_old = 0.0000e+00
 |   |   |  U_bar_err     = 3.9312e-01
 |   |   |  U_tilde_err   = 1.7165e-01
 |   |   |  S_area_err    = 3.0325e-02
 |   |   |  Phis_err      = 1.8017e-04
 |   |   |  pressure_err  = 6.1400e-02
 |   |  k_iter = 3
 |   |   |  Assembly… 0.023215293884277344 s
 |   |   |  res_norm      = 5.6210e-03
 |   |   |  res_err       = 3.3406e-03
 |   |   |  dres_norm     = 1.2943e-01
 |   |   |  res_err_rel   = 1.0010e+00
 |   |   |  Solve… 0.009617090225219727 s
 |   |   |  dU_bar_norm   = 7.0647e-04
 |   |   |  dU_tilde_norm = 5.4411e-03
 |   |   |  dS_area_norm  = 1.3179e-03
 |   |   |  dPhis_norm    = 7.5884e-05
 |   |   |  dpressure_norm = 2.3068e-02
 |   |   |  relax         = 1.0000e+00
 |   |   |  U_bar_norm    = 5.0641e-02
 |   |   |  U_bar_norm_old = 0.0000e+00
 |   |   |  U_tilde_norm  = 1.0923e+00
 |   |   |  U_tilde_norm_old = 0.0000e+00
 |   |   |  S_area_norm   = 1.2061e+00
 |   |   |  S_area_norm_old = 0.0000e+00
 |   |   |  Phis_norm     = 1.8130e+01
 |   |   |  Phis_norm_old = 1.8125e+01
 |   |   |  pressure_norm = 1.4451e+01
 |   |   |  pressure_norm_old = 0.0000e+00
 |   |   |  U_bar_err     = 1.3951e-02
 |   |   |  U_tilde_err   = 4.9812e-03
 |   |   |  S_area_err    = 1.0926e-03
 |   |   |  Phis_err      = 4.1856e-06
 |   |   |  pressure_err  = 1.5963e-03
 |   |  k_iter = 4
 |   |   |  Assembly… 0.022831201553344727 s
 |   |   |  res_norm      = 1.5441e-05
 |   |   |  res_err       = 9.1764e-06
 |   |   |  dres_norm     = 5.6146e-03
 |   |   |  res_err_rel   = 9.9886e-01
 |   |   |  Solve… 0.009504079818725586 s
 |   |   |  dU_bar_norm   = 1.4244e-06
 |   |   |  dU_tilde_norm = 1.2527e-05
 |   |   |  dS_area_norm  = 9.5436e-07
 |   |   |  dPhis_norm    = 1.3294e-07
 |   |   |  dpressure_norm = 3.9482e-05
 |   |   |  relax         = 1.0000e+00
 |   |   |  U_bar_norm    = 5.0642e-02
 |   |   |  U_bar_norm_old = 0.0000e+00
 |   |   |  U_tilde_norm  = 1.0923e+00
 |   |   |  U_tilde_norm_old = 0.0000e+00
 |   |   |  S_area_norm   = 1.2061e+00
 |   |   |  S_area_norm_old = 0.0000e+00
 |   |   |  Phis_norm     = 1.8130e+01
 |   |   |  Phis_norm_old = 1.8125e+01
 |   |   |  pressure_norm = 1.4451e+01
 |   |   |  pressure_norm_old = 0.0000e+00
 |   |   |  U_bar_err     = 2.8128e-05
 |   |   |  U_tilde_err   = 1.1468e-05
 |   |   |  S_area_err    = 7.9126e-07
 |   |   |  Phis_err      = 7.3326e-09
 |   |   |  pressure_err  = 2.7322e-06
 |   |  k_iter = 5
 |   |   |  Assembly… 0.022981882095336914 s
 |   |   |  res_norm      = 1.4851e-10
 |   |   |  res_err       = 8.8259e-11
 |   |   |  dres_norm     = 1.5441e-05
 |   |   |  res_err_rel   = 9.9999e-01
 |   |   |  Solve… 0.009714126586914062 s
 |   |   |  dU_bar_norm   = 2.0005e-11
 |   |   |  dU_tilde_norm = 2.3115e-10
 |   |   |  dS_area_norm  = 1.5516e-11
 |   |   |  dPhis_norm    = 1.2013e-12
 |   |   |  dpressure_norm = 3.6903e-10
 |   |   |  relax         = 1.0000e+00
 |   |   |  U_bar_norm    = 5.0642e-02
 |   |   |  U_bar_norm_old = 0.0000e+00
 |   |   |  U_tilde_norm  = 1.0923e+00
 |   |   |  U_tilde_norm_old = 0.0000e+00
 |   |   |  S_area_norm   = 1.2061e+00
 |   |   |  S_area_norm_old = 0.0000e+00
 |   |   |  Phis_norm     = 1.8130e+01
 |   |   |  Phis_norm_old = 1.8125e+01
 |   |   |  pressure_norm = 1.4451e+01
 |   |   |  pressure_norm_old = 0.0000e+00
 |   |   |  U_bar_err     = 3.9502e-10
 |   |   |  U_tilde_err   = 2.1161e-10
 |   |   |  S_area_err    = 1.2865e-11
 |   |   |  Phis_err      = 6.6261e-14
 |   |   |  pressure_err  = 2.5537e-11
 |   |   |  Nonlinear solver converged…
 |  k_t = 2
 |   |  dt = 0.05
 |   |  t = 0.1
 |   |  t_step = 0.1
 |   |  k_iter = 1
 |   |   |  Assembly… 0.022691726684570312 s
 |   |   |  res_norm      = 2.6046e-03
 |   |   |  Solve… 0.009953975677490234 s
 |   |   |  dU_bar_norm   = 1.3740e-03
 |   |   |  dU_tilde_norm = 1.5593e-02
 |   |   |  dS_area_norm  = 5.4025e-03
 |   |   |  dPhis_norm    = 1.1887e-04
 |   |   |  dpressure_norm = 3.5850e-02
 |   |   |  U_bar_norm    = 4.9566e-02
 |   |   |  U_bar_norm_old = 5.0642e-02
 |   |   |  U_tilde_norm  = 1.0806e+00
 |   |   |  U_tilde_norm_old = 1.0923e+00
 |   |   |  S_area_norm   = 1.2115e+00
 |   |   |  S_area_norm_old = 1.2061e+00
 |   |   |  Phis_norm     = 1.8130e+01
 |   |   |  Phis_norm_old = 1.8130e+01
 |   |   |  pressure_norm = 1.4427e+01
 |   |   |  pressure_norm_old = 1.4451e+01
 |   |   |  U_bar_err     = 2.7132e-02
 |   |   |  U_tilde_err   = 1.4275e-02
 |   |   |  S_area_err    = 4.4593e-03
 |   |   |  Phis_err      = 6.5565e-06
 |   |   |  pressure_err  = 2.4809e-03
 |   |  k_iter = 2
 |   |   |  Assembly… 0.022977113723754883 s
 |   |   |  res_norm      = 2.3487e-05
 |   |   |  res_err       = 9.0175e-03
 |   |   |  dres_norm     = 2.6083e-03
 |   |   |  res_err_rel   = 1.0014e+00
 |   |   |  Solve… 0.009306907653808594 s
 |   |   |  dU_bar_norm   = 3.6841e-06
 |   |   |  dU_tilde_norm = 2.2040e-05
 |   |   |  dS_area_norm  = 1.1306e-05
 |   |   |  dPhis_norm    = 2.4357e-07
 |   |   |  dpressure_norm = 7.2670e-05
 |   |   |  relax         = 1.0000e+00
 |   |   |  U_bar_norm    = 4.9569e-02
 |   |   |  U_bar_norm_old = 5.0642e-02
 |   |   |  U_tilde_norm  = 1.0806e+00
 |   |   |  U_tilde_norm_old = 1.0923e+00
 |   |   |  S_area_norm   = 1.2115e+00
 |   |   |  S_area_norm_old = 1.2061e+00
 |   |   |  Phis_norm     = 1.8130e+01
 |   |   |  Phis_norm_old = 1.8130e+01
 |   |   |  pressure_norm = 1.4427e+01
 |   |   |  pressure_norm_old = 1.4451e+01
 |   |   |  U_bar_err     = 7.2748e-05
 |   |   |  U_tilde_err   = 2.0177e-05
 |   |   |  S_area_err    = 9.3323e-06
 |   |   |  Phis_err      = 1.3435e-08
 |   |   |  pressure_err  = 5.0289e-06
 |   |  k_iter = 3
 |   |   |  Assembly… 0.022854089736938477 s
 |   |   |  res_norm      = 3.0441e-10
 |   |   |  res_err       = 1.1687e-07
 |   |   |  dres_norm     = 2.3487e-05
 |   |   |  res_err_rel   = 1.0000e+00
 |   |   |  Solve… 0.009406805038452148 s
 |   |   |  dU_bar_norm   = 2.0776e-11
 |   |   |  dU_tilde_norm = 1.5336e-10
 |   |   |  dS_area_norm  = 8.7449e-11
 |   |   |  dPhis_norm    = 2.2981e-12
 |   |   |  dpressure_norm = 6.8602e-10
 |   |   |  relax         = 1.0000e+00
 |   |   |  U_bar_norm    = 4.9569e-02
 |   |   |  U_bar_norm_old = 5.0642e-02
 |   |   |  U_tilde_norm  = 1.0806e+00
 |   |   |  U_tilde_norm_old = 1.0923e+00
 |   |   |  S_area_norm   = 1.2115e+00
 |   |   |  S_area_norm_old = 1.2061e+00
 |   |   |  Phis_norm     = 1.8130e+01
 |   |   |  Phis_norm_old = 1.8130e+01
 |   |   |  pressure_norm = 1.4427e+01
 |   |   |  pressure_norm_old = 1.4451e+01
 |   |   |  U_bar_err     = 4.1026e-10
 |   |   |  U_tilde_err   = 1.4040e-10
 |   |   |  S_area_err    = 7.2180e-11
 |   |   |  Phis_err      = 1.2676e-13
 |   |   |  pressure_err  = 4.7473e-11
 |   |   |  Nonlinear solver converged…
 |  k_t = 3
 |   |  dt = 0.1
 |   |  t = 0.2
 |   |  t_step = 0.2
 |   |  k_iter = 1
 |   |   |  Assembly… 0.022710084915161133 s
 |   |   |  res_norm      = 5.2443e-03
 |   |   |  Solve… 0.009778022766113281 s
 |   |   |  dU_bar_norm   = 2.7780e-03
 |   |   |  dU_tilde_norm = 3.1393e-02
 |   |   |  dS_area_norm  = 1.1066e-02
 |   |   |  dPhis_norm    = 2.4116e-04
 |   |   |  dpressure_norm = 7.2728e-02
 |   |   |  U_bar_norm    = 4.7464e-02
 |   |   |  U_bar_norm_old = 4.9569e-02
 |   |   |  U_tilde_norm  = 1.0575e+00
 |   |   |  U_tilde_norm_old = 1.0806e+00
 |   |   |  S_area_norm   = 1.2226e+00
 |   |   |  S_area_norm_old = 1.2115e+00
 |   |   |  Phis_norm     = 1.8130e+01
 |   |   |  Phis_norm_old = 1.8130e+01
 |   |   |  pressure_norm = 1.4381e+01
 |   |   |  pressure_norm_old = 1.4427e+01
 |   |   |  U_bar_err     = 5.6043e-02
 |   |   |  U_tilde_err   = 2.9050e-02
 |   |   |  S_area_err    = 9.0512e-03
 |   |   |  Phis_err      = 1.3302e-05
 |   |   |  pressure_err  = 5.0410e-03
 |   |  k_iter = 2
 |   |   |  Assembly… 0.022970199584960938 s
 |   |   |  res_norm      = 9.3581e-05
 |   |   |  res_err       = 1.7844e-02
 |   |   |  dres_norm     = 5.2606e-03
 |   |   |  res_err_rel   = 1.0031e+00
 |   |   |  Solve… 0.009596824645996094 s
 |   |   |  dU_bar_norm   = 1.4366e-05
 |   |   |  dU_tilde_norm = 8.5626e-05
 |   |   |  dS_area_norm  = 4.4201e-05
 |   |   |  dPhis_norm    = 9.8722e-07
 |   |   |  dpressure_norm = 2.9467e-04
 |   |   |  relax         = 1.0000e+00
 |   |   |  U_bar_norm    = 4.7478e-02
 |   |   |  U_bar_norm_old = 4.9569e-02
 |   |   |  U_tilde_norm  = 1.0576e+00
 |   |   |  U_tilde_norm_old = 1.0806e+00
 |   |   |  S_area_norm   = 1.2227e+00
 |   |   |  S_area_norm_old = 1.2115e+00
 |   |   |  Phis_norm     = 1.8130e+01
 |   |   |  Phis_norm_old = 1.8130e+01
 |   |   |  pressure_norm = 1.4381e+01
 |   |   |  pressure_norm_old = 1.4427e+01
 |   |   |  U_bar_err     = 2.8981e-04
 |   |   |  U_tilde_err   = 7.9236e-05
 |   |   |  S_area_err    = 3.6152e-05
 |   |   |  Phis_err      = 5.4452e-08
 |   |   |  pressure_err  = 2.0424e-05
 |   |  k_iter = 3
 |   |   |  Assembly… 0.022943973541259766 s
 |   |   |  res_norm      = 4.5649e-09
 |   |   |  res_err       = 8.7044e-07
 |   |   |  dres_norm     = 9.3581e-05
 |   |   |  res_err_rel   = 1.0000e+00
 |   |   |  Solve… 0.009813070297241211 s
 |   |   |  dU_bar_norm   = 3.1358e-10
 |   |   |  dU_tilde_norm = 2.3149e-09
 |   |   |  dS_area_norm  = 1.2498e-09
 |   |   |  dPhis_norm    = 3.5104e-11
 |   |   |  dpressure_norm = 1.0499e-08
 |   |   |  relax         = 1.0000e+00
 |   |   |  U_bar_norm    = 4.7478e-02
 |   |   |  U_bar_norm_old = 4.9569e-02
 |   |   |  U_tilde_norm  = 1.0576e+00
 |   |   |  U_tilde_norm_old = 1.0806e+00
 |   |   |  S_area_norm   = 1.2227e+00
 |   |   |  S_area_norm_old = 1.2115e+00
 |   |   |  Phis_norm     = 1.8130e+01
 |   |   |  Phis_norm_old = 1.8130e+01
 |   |   |  pressure_norm = 1.4381e+01
 |   |   |  pressure_norm_old = 1.4427e+01
 |   |   |  U_bar_err     = 6.3262e-09
 |   |   |  U_tilde_err   = 2.1422e-09
 |   |   |  S_area_err    = 1.0222e-09
 |   |   |  Phis_err      = 1.9362e-12
 |   |   |  pressure_err  = 7.2771e-10
 |   |   |  Nonlinear solver converged…
 |  k_t = 4
 |   |  dt = 0.2
 |   |  t = 0.4
 |   |  t_step = 0.4
 |   |  k_iter = 1
 |   |   |  Assembly… 0.022827863693237305 s
 |   |   |  res_norm      = 1.0633e-02
 |   |   |  Solve… 0.00964808464050293 s
 |   |   |  dU_bar_norm   = 5.6916e-03
 |   |   |  dU_tilde_norm = 6.3766e-02
 |   |   |  dS_area_norm  = 2.3210e-02
 |   |   |  dPhis_norm    = 4.9670e-04
 |   |   |  dpressure_norm = 1.4977e-01
 |   |   |  U_bar_norm    = 4.3506e-02
 |   |   |  U_bar_norm_old = 4.7478e-02
 |   |   |  U_tilde_norm  = 1.0126e+00
 |   |   |  U_tilde_norm_old = 1.0576e+00
 |   |   |  S_area_norm   = 1.2459e+00
 |   |   |  S_area_norm_old = 1.2227e+00
 |   |   |  Phis_norm     = 1.8129e+01
 |   |   |  Phis_norm_old = 1.8130e+01
 |   |   |  pressure_norm = 1.4285e+01
 |   |   |  pressure_norm_old = 1.4381e+01
 |   |   |  U_bar_err     = 1.1988e-01
 |   |   |  U_tilde_err   = 6.0295e-02
 |   |   |  S_area_err    = 1.8630e-02
 |   |   |  Phis_err      = 2.7397e-05
 |   |   |  pressure_err  = 1.0414e-02
 |   |  k_iter = 2
 |   |   |  Assembly… 0.023083925247192383 s
 |   |   |  res_norm      = 3.7451e-04
 |   |   |  res_err       = 3.5222e-02
 |   |   |  dres_norm     = 1.0709e-02
 |   |   |  res_err_rel   = 1.0072e+00
 |   |   |  Solve… 0.009402751922607422 s
 |   |   |  dU_bar_norm   = 5.4874e-05
 |   |   |  dU_tilde_norm = 3.2738e-04
 |   |   |  dS_area_norm  = 1.6981e-04
 |   |   |  dPhis_norm    = 4.0881e-06
 |   |   |  dpressure_norm = 1.2215e-03
 |   |   |  relax         = 1.0000e+00
 |   |   |  U_bar_norm    = 4.3560e-02
 |   |   |  U_bar_norm_old = 4.7478e-02
 |   |   |  U_tilde_norm  = 1.0127e+00
 |   |   |  U_tilde_norm_old = 1.0576e+00
 |   |   |  S_area_norm   = 1.2460e+00
 |   |   |  S_area_norm_old = 1.2227e+00
 |   |   |  Phis_norm     = 1.8129e+01
 |   |   |  Phis_norm_old = 1.8130e+01
 |   |   |  pressure_norm = 1.4286e+01
 |   |   |  pressure_norm_old = 1.4381e+01
 |   |   |  U_bar_err     = 1.1558e-03
 |   |   |  U_tilde_err   = 3.0955e-04
 |   |   |  S_area_err    = 1.3628e-04
 |   |   |  Phis_err      = 2.2549e-07
 |   |   |  pressure_err  = 8.4936e-05
 |   |  k_iter = 3
 |   |   |  Assembly… 0.02297687530517578 s
 |   |   |  res_norm      = 6.5453e-08
 |   |   |  res_err       = 6.1558e-06
 |   |   |  dres_norm     = 3.7451e-04
 |   |   |  res_err_rel   = 1.0000e+00
 |   |   |  Solve… 0.009297847747802734 s
 |   |   |  dU_bar_norm   = 4.6905e-09
 |   |   |  dU_tilde_norm = 3.6257e-08
 |   |   |  dS_area_norm  = 1.5843e-08
 |   |   |  dPhis_norm    = 5.2756e-10
 |   |   |  dpressure_norm = 1.5867e-07
 |   |   |  relax         = 1.0000e+00
 |   |   |  U_bar_norm    = 4.3560e-02
 |   |   |  U_bar_norm_old = 4.7478e-02
 |   |   |  U_tilde_norm  = 1.0127e+00
 |   |   |  U_tilde_norm_old = 1.0576e+00
 |   |   |  S_area_norm   = 1.2460e+00
 |   |   |  S_area_norm_old = 1.2227e+00
 |   |   |  Phis_norm     = 1.8129e+01
 |   |   |  Phis_norm_old = 1.8130e+01
 |   |   |  pressure_norm = 1.4286e+01
 |   |   |  pressure_norm_old = 1.4381e+01
 |   |   |  U_bar_err     = 9.8794e-08
 |   |   |  U_tilde_err   = 3.4283e-08
 |   |   |  S_area_err    = 1.2715e-08
 |   |   |  Phis_err      = 2.9099e-11
 |   |   |  pressure_err  = 1.1034e-08
 |   |   |  Nonlinear solver converged…
 |  k_t = 5
 |   |  dt = 0.4
 |   |  t = 0.8
 |   |  t_step = 0.8
 |   |  k_iter = 1
 |   |   |  Assembly… 0.022943973541259766 s
 |   |   |  res_norm      = 2.1874e-02
 |   |   |  Solve… 0.009710073471069336 s
 |   |   |  dU_bar_norm   = 1.2055e-02
 |   |   |  dU_tilde_norm = 1.3273e-01
 |   |   |  dS_area_norm  = 5.1047e-02
 |   |   |  dPhis_norm    = 1.0565e-03
 |   |   |  dpressure_norm = 3.1849e-01
 |   |   |  U_bar_norm    = 3.7179e-02
 |   |   |  U_bar_norm_old = 4.3560e-02
 |   |   |  U_tilde_norm  = 9.2871e-01
 |   |   |  U_tilde_norm_old = 1.0127e+00
 |   |   |  S_area_norm   = 1.2971e+00
 |   |   |  S_area_norm_old = 1.2460e+00
 |   |   |  Phis_norm     = 1.8129e+01
 |   |   |  Phis_norm_old = 1.8129e+01
 |   |   |  pressure_norm = 1.4088e+01
 |   |   |  pressure_norm_old = 1.4286e+01
 |   |   |  U_bar_err     = 2.7674e-01
 |   |   |  U_tilde_err   = 1.3106e-01
 |   |   |  S_area_err    = 3.9356e-02
 |   |   |  Phis_err      = 5.8277e-05
 |   |   |  pressure_err  = 2.2294e-02
 |   |  k_iter = 2
 |   |   |  Assembly… 0.023362159729003906 s
 |   |   |  res_norm      = 1.5529e-03
 |   |   |  res_err       = 7.0993e-02
 |   |   |  dres_norm     = 2.2281e-02
 |   |   |  res_err_rel   = 1.0186e+00
 |   |   |  Solve… 0.009419918060302734 s
 |   |   |  dU_bar_norm   = 2.0415e-04
 |   |   |  dU_tilde_norm = 1.2646e-03
 |   |   |  dS_area_norm  = 6.3961e-04
 |   |   |  dPhis_norm    = 1.8040e-05
 |   |   |  dpressure_norm = 5.4022e-03
 |   |   |  relax         = 1.0000e+00
 |   |   |  U_bar_norm    = 3.7382e-02
 |   |   |  U_bar_norm_old = 4.3560e-02
 |   |   |  U_tilde_norm  = 9.2923e-01
 |   |   |  U_tilde_norm_old = 1.0127e+00
 |   |   |  S_area_norm   = 1.2977e+00
 |   |   |  S_area_norm_old = 1.2460e+00
 |   |   |  Phis_norm     = 1.8129e+01
 |   |   |  Phis_norm_old = 1.8129e+01
 |   |   |  pressure_norm = 1.4091e+01
 |   |   |  pressure_norm_old = 1.4286e+01
 |   |   |  U_bar_err     = 4.6867e-03
 |   |   |  U_tilde_err   = 1.2487e-03
 |   |   |  S_area_err    = 4.9287e-04
 |   |   |  Phis_err      = 9.9504e-07
 |   |   |  pressure_err  = 3.7815e-04
 |   |  k_iter = 3
 |   |   |  Assembly… 0.022764921188354492 s
 |   |   |  res_norm      = 9.1672e-07
 |   |   |  res_err       = 4.1908e-05
 |   |   |  dres_norm     = 1.5531e-03
 |   |   |  res_err_rel   = 1.0001e+00
 |   |   |  Solve… 0.009449005126953125 s
 |   |   |  dU_bar_norm   = 7.5895e-08
 |   |   |  dU_tilde_norm = 6.6158e-07
 |   |   |  dS_area_norm  = 1.3883e-07
 |   |   |  dPhis_norm    = 8.3539e-09
 |   |   |  dpressure_norm = 2.5502e-06
 |   |   |  relax         = 1.0000e+00
 |   |   |  U_bar_norm    = 3.7382e-02
 |   |   |  U_bar_norm_old = 4.3560e-02
 |   |   |  U_tilde_norm  = 9.2923e-01
 |   |   |  U_tilde_norm_old = 1.0127e+00
 |   |   |  S_area_norm   = 1.2977e+00
 |   |   |  S_area_norm_old = 1.2460e+00
 |   |   |  Phis_norm     = 1.8129e+01
 |   |   |  Phis_norm_old = 1.8129e+01
 |   |   |  pressure_norm = 1.4091e+01
 |   |   |  pressure_norm_old = 1.4286e+01
 |   |   |  U_bar_err     = 1.7423e-06
 |   |   |  U_tilde_err   = 6.5327e-07
 |   |   |  S_area_err    = 1.0698e-07
 |   |   |  Phis_err      = 4.6079e-10
 |   |   |  pressure_err  = 1.7851e-07
 |   |  k_iter = 4
 |   |   |  Assembly… 0.023049354553222656 s
 |   |   |  res_norm      = 5.1525e-13
 |   |   |  res_err       = 2.3555e-11
 |   |   |  dres_norm     = 9.1672e-07
 |   |   |  res_err_rel   = 1.0000e+00
 |   |   |  Solve… 0.009383916854858398 s
 |   |   |  dU_bar_norm   = 3.5483e-14
 |   |   |  dU_tilde_norm = 4.5394e-13
 |   |   |  dS_area_norm  = 8.4026e-15
 |   |   |  dPhis_norm    = 3.4366e-15
 |   |   |  dpressure_norm = 9.0631e-13
 |   |   |  relax         = 1.0000e+00
 |   |   |  U_bar_norm    = 3.7382e-02
 |   |   |  U_bar_norm_old = 4.3560e-02
 |   |   |  U_tilde_norm  = 9.2923e-01
 |   |   |  U_tilde_norm_old = 1.0127e+00
 |   |   |  S_area_norm   = 1.2977e+00
 |   |   |  S_area_norm_old = 1.2460e+00
 |   |   |  Phis_norm     = 1.8129e+01
 |   |   |  Phis_norm_old = 1.8129e+01
 |   |   |  pressure_norm = 1.4091e+01
 |   |   |  pressure_norm_old = 1.4286e+01
 |   |   |  U_bar_err     = 8.1459e-13
 |   |   |  U_tilde_err   = 4.4824e-13
 |   |   |  S_area_err    = 6.4749e-15
 |   |   |  Phis_err      = 1.8956e-16
 |   |   |  pressure_err  = 6.3440e-14
 |   |   |  Nonlinear solver converged…
 |  k_t = 6
 |   |  dt = 0.19999999999999996
 |   |  t = 1.0
 |   |  t_step = 1.0
 |   |  k_iter = 1
 |   |   |  Assembly… 0.0229341983795166 s
 |   |   |  res_norm      = 1.1617e-02
 |   |   |  Solve… 0.009464740753173828 s
 |   |   |  dU_bar_norm   = 6.4212e-03
 |   |   |  dU_tilde_norm = 6.9902e-02
 |   |   |  dS_area_norm  = 2.8376e-02
 |   |   |  dPhis_norm    = 5.5512e-04
 |   |   |  dpressure_norm = 1.6734e-01
 |   |   |  U_bar_norm    = 3.5576e-02
 |   |   |  U_bar_norm_old = 3.7382e-02
 |   |   |  U_tilde_norm  = 8.9146e-01
 |   |   |  U_tilde_norm_old = 9.2923e-01
 |   |   |  S_area_norm   = 1.3261e+00
 |   |   |  S_area_norm_old = 1.2977e+00
 |   |   |  Phis_norm     = 1.8129e+01
 |   |   |  Phis_norm_old = 1.8129e+01
 |   |   |  pressure_norm = 1.3989e+01
 |   |   |  pressure_norm_old = 1.4091e+01
 |   |   |  U_bar_err     = 1.7177e-01
 |   |   |  U_tilde_err   = 7.5225e-02
 |   |   |  S_area_err    = 2.1398e-02
 |   |   |  Phis_err      = 3.0621e-05
 |   |   |  pressure_err  = 1.1876e-02
 |   |  k_iter = 2
 |   |   |  Assembly… 0.02277684211730957 s
 |   |   |  res_norm      = 4.1718e-04
 |   |   |  res_err       = 3.5910e-02
 |   |   |  dres_norm     = 1.1733e-02
 |   |   |  res_err_rel   = 1.0099e+00
 |   |   |  Solve… 0.009793996810913086 s
 |   |   |  dU_bar_norm   = 4.8362e-05
 |   |   |  dU_tilde_norm = 3.2148e-04
 |   |   |  dS_area_norm  = 1.4249e-04
 |   |   |  dPhis_norm    = 5.1956e-06
 |   |   |  dpressure_norm = 1.5609e-03
 |   |   |  relax         = 1.0000e+00
 |   |   |  U_bar_norm    = 3.5624e-02
 |   |   |  U_bar_norm_old = 3.7382e-02
 |   |   |  U_tilde_norm  = 8.9157e-01
 |   |   |  U_tilde_norm_old = 9.2923e-01
 |   |   |  S_area_norm   = 1.3262e+00
 |   |   |  S_area_norm_old = 1.2977e+00
 |   |   |  Phis_norm     = 1.8129e+01
 |   |   |  Phis_norm_old = 1.8129e+01
 |   |   |  pressure_norm = 1.3990e+01
 |   |   |  pressure_norm_old = 1.4091e+01
 |   |   |  U_bar_err     = 1.2937e-03
 |   |   |  U_tilde_err   = 3.4597e-04
 |   |   |  S_area_err    = 1.0744e-04
 |   |   |  Phis_err      = 2.8659e-07
 |   |   |  pressure_err  = 1.1078e-04
 |   |  k_iter = 3
 |   |   |  Assembly… 0.023153066635131836 s
 |   |   |  res_norm      = 5.5265e-08
 |   |   |  res_err       = 4.7571e-06
 |   |   |  dres_norm     = 4.1719e-04
 |   |   |  res_err_rel   = 1.0000e+00
 |   |   |  Solve… 0.009495019912719727 s
 |   |   |  dU_bar_norm   = 5.3382e-09
 |   |   |  dU_tilde_norm = 4.9037e-08
 |   |   |  dS_area_norm  = 1.1384e-09
 |   |   |  dPhis_norm    = 5.7999e-10
 |   |   |  dpressure_norm = 1.7923e-07
 |   |   |  relax         = 1.0000e+00
 |   |   |  U_bar_norm    = 3.5624e-02
 |   |   |  U_bar_norm_old = 3.7382e-02
 |   |   |  U_tilde_norm  = 8.9157e-01
 |   |   |  U_tilde_norm_old = 9.2923e-01
 |   |   |  S_area_norm   = 1.3262e+00
 |   |   |  S_area_norm_old = 1.2977e+00
 |   |   |  Phis_norm     = 1.8129e+01
 |   |   |  Phis_norm_old = 1.8129e+01
 |   |   |  pressure_norm = 1.3990e+01
 |   |   |  pressure_norm_old = 1.4091e+01
 |   |   |  U_bar_err     = 1.4280e-07
 |   |   |  U_tilde_err   = 5.2771e-08
 |   |   |  S_area_err    = 8.5835e-10
 |   |   |  Phis_err      = 3.1993e-11
 |   |   |  pressure_err  = 1.2719e-08
 |   |   |  Nonlinear solver converged…
