k_step = 1
 |  k_t = 1
 |   |  dt = 0.1
 |   |  t = 0.1
 |   |  t_step = 0.1
 |   |  k_iter = 1
 |   |   |  Assembly… 3.1260719299316406 s
 |   |   |  res_norm      = 3.4921e+03
 |   |   |  Solve… 0.08896994590759277 s
 |   |   |  dU_bar_norm   = 5.3720e-02
 |   |   |  dU_tilde_norm = 1.4211e-01
 |   |   |  dS_area_norm  = 1.3615e+00
 |   |   |  dPhis_norm    = 2.0763e-01
 |   |   |  dpressure_norm = 4.3216e-01
 |   |   |  U_bar_norm    = 5.3720e-02
 |   |   |  U_bar_norm_old = 0.0000e+00
 |   |   |  U_tilde_norm  = 1.4211e-01
 |   |   |  U_tilde_norm_old = 0.0000e+00
 |   |   |  S_area_norm   = 1.3615e+00
 |   |   |  S_area_norm_old = 0.0000e+00
 |   |   |  Phis_norm     = 4.1356e+01
 |   |   |  Phis_norm_old = 4.1563e+01
 |   |   |  pressure_norm = 4.3216e-01
 |   |   |  pressure_norm_old = 0.0000e+00
 |   |   |  U_bar_err     = 1.0000e+00
 |   |   |  U_tilde_err   = 1.0000e+00
 |   |   |  S_area_err    = 1.0000e+00
 |   |   |  Phis_err      = 4.9954e-03
 |   |   |  pressure_err  = 1.0000e+00
 |   |  k_iter = 2
 |   |   |  Assembly… 0.047006845474243164 s
 |   |   |  res_norm      = 3.0145e-03
 |   |   |  res_err       = 8.6326e-07
 |   |   |  dres_norm     = 3.4921e+03
 |   |   |  res_err_rel   = 1.0000e+00
 |   |   |  Solve… 0.02965998649597168 s
 |   |   |  dU_bar_norm   = 2.8756e-04
 |   |   |  dU_tilde_norm = 7.0711e-03
 |   |   |  dS_area_norm  = 2.5567e-03
 |   |   |  dPhis_norm    = 1.1693e-03
 |   |   |  dpressure_norm = 4.5494e-02
 |   |   |  relax         = 1.0000e+00
 |   |   |  U_bar_norm    = 5.3615e-02
 |   |   |  U_bar_norm_old = 0.0000e+00
 |   |   |  U_tilde_norm  = 1.3610e-01
 |   |   |  U_tilde_norm_old = 0.0000e+00
 |   |   |  S_area_norm   = 1.3641e+00
 |   |   |  S_area_norm_old = 0.0000e+00
 |   |   |  Phis_norm     = 4.1357e+01
 |   |   |  Phis_norm_old = 4.1563e+01
 |   |   |  pressure_norm = 4.6022e-01
 |   |   |  pressure_norm_old = 0.0000e+00
 |   |   |  U_bar_err     = 5.3634e-03
 |   |   |  U_tilde_err   = 5.1953e-02
 |   |   |  S_area_err    = 1.8743e-03
 |   |   |  Phis_err      = 2.8133e-05
 |   |   |  pressure_err  = 9.8853e-02
 |   |  k_iter = 3
 |   |   |  Assembly… 0.04732799530029297 s
 |   |   |  res_norm      = 1.7897e-05
 |   |   |  res_err       = 5.1251e-09
 |   |   |  dres_norm     = 3.0026e-03
 |   |   |  res_err_rel   = 9.9602e-01
 |   |   |  Solve… 0.029704809188842773 s
 |   |   |  dU_bar_norm   = 3.1141e-07
 |   |   |  dU_tilde_norm = 5.7885e-05
 |   |   |  dS_area_norm  = 7.1467e-06
 |   |   |  dPhis_norm    = 7.4493e-08
 |   |   |  dpressure_norm = 2.5222e-05
 |   |   |  relax         = 1.0000e+00
 |   |   |  U_bar_norm    = 5.3615e-02
 |   |   |  U_bar_norm_old = 0.0000e+00
 |   |   |  U_tilde_norm  = 1.3605e-01
 |   |   |  U_tilde_norm_old = 0.0000e+00
 |   |   |  S_area_norm   = 1.3641e+00
 |   |   |  S_area_norm_old = 0.0000e+00
 |   |   |  Phis_norm     = 4.1357e+01
 |   |   |  Phis_norm_old = 4.1563e+01
 |   |   |  pressure_norm = 4.6022e-01
 |   |   |  pressure_norm_old = 0.0000e+00
 |   |   |  U_bar_err     = 5.8082e-06
 |   |   |  U_tilde_err   = 4.2546e-04
 |   |   |  S_area_err    = 5.2391e-06
 |   |   |  Phis_err      = 1.7923e-09
 |   |   |  pressure_err  = 5.4804e-05
 |   |  k_iter = 4
 |   |   |  Assembly… 0.04779481887817383 s
 |   |   |  res_norm      = 8.4225e-10
 |   |   |  res_err       = 2.4119e-13
 |   |   |  dres_norm     = 1.7897e-05
 |   |   |  res_err_rel   = 9.9998e-01
 |   |   |  Solve… 0.03004908561706543 s
 |   |   |  dU_bar_norm   = 1.3100e-11
 |   |   |  dU_tilde_norm = 2.7351e-09
 |   |   |  dS_area_norm  = 5.8204e-10
 |   |   |  dPhis_norm    = 5.4935e-12
 |   |   |  dpressure_norm = 1.6386e-09
 |   |   |  relax         = 1.0000e+00
 |   |   |  U_bar_norm    = 5.3615e-02
 |   |   |  U_bar_norm_old = 0.0000e+00
 |   |   |  U_tilde_norm  = 1.3605e-01
 |   |   |  U_tilde_norm_old = 0.0000e+00
 |   |   |  S_area_norm   = 1.3641e+00
 |   |   |  S_area_norm_old = 0.0000e+00
 |   |   |  Phis_norm     = 4.1357e+01
 |   |   |  Phis_norm_old = 4.1563e+01
 |   |   |  pressure_norm = 4.6022e-01
 |   |   |  pressure_norm_old = 0.0000e+00
 |   |   |  U_bar_err     = 2.4434e-10
 |   |   |  U_tilde_err   = 2.0103e-08
 |   |   |  S_area_err    = 4.2668e-10
 |   |   |  Phis_err      = 1.3217e-13
 |   |   |  pressure_err  = 3.5604e-09
 |   |   |  Nonlinear solver converged…
 |  k_t = 2
 |   |  dt = 0.2
 |   |  t = 0.30000000000000004
 |   |  t_step = 0.30000000000000004
 |   |  k_iter = 1
 |   |   |  Assembly… 0.047781944274902344 s
 |   |   |  res_norm      = 6.9841e+03
 |   |   |  Solve… 0.029825687408447266 s
 |   |   |  dU_bar_norm   = 1.0604e-01
 |   |   |  dU_tilde_norm = 2.5667e-01
 |   |   |  dS_area_norm  = 6.3181e-02
 |   |   |  dPhis_norm    = 1.4842e-04
 |   |   |  dpressure_norm = 4.4438e-02
 |   |   |  U_bar_norm    = 1.5964e-01
 |   |   |  U_bar_norm_old = 5.3615e-02
 |   |   |  U_tilde_norm  = 3.9260e-01
 |   |   |  U_tilde_norm_old = 1.3605e-01
 |   |   |  S_area_norm   = 1.4273e+00
 |   |   |  S_area_norm_old = 1.3641e+00
 |   |   |  Phis_norm     = 4.1357e+01
 |   |   |  Phis_norm_old = 4.1357e+01
 |   |   |  pressure_norm = 4.1818e-01
 |   |   |  pressure_norm_old = 4.6022e-01
 |   |   |  U_bar_err     = 6.6426e-01
 |   |   |  U_tilde_err   = 6.5377e-01
 |   |   |  S_area_err    = 4.4267e-02
 |   |   |  Phis_err      = 3.5887e-06
 |   |   |  pressure_err  = 9.6557e-02
 |   |  k_iter = 2
 |   |   |  Assembly… 0.04661130905151367 s
 |   |   |  res_norm      = 5.6326e-03
 |   |   |  res_err       = 8.0649e-07
 |   |   |  dres_norm     = 6.9841e+03
 |   |   |  res_err_rel   = 1.0000e+00
 |   |   |  Solve… 0.02935791015625 s
 |   |   |  dU_bar_norm   = 2.3602e-03
 |   |   |  dU_tilde_norm = 2.5362e-02
 |   |   |  dS_area_norm  = 6.1000e-03
 |   |   |  dPhis_norm    = 1.8248e-05
 |   |   |  dpressure_norm = 5.4082e-03
 |   |   |  relax         = 1.0000e+00
 |   |   |  U_bar_norm    = 1.5885e-01
 |   |   |  U_bar_norm_old = 5.3615e-02
 |   |   |  U_tilde_norm  = 3.7098e-01
 |   |   |  U_tilde_norm_old = 1.3605e-01
 |   |   |  S_area_norm   = 1.4334e+00
 |   |   |  S_area_norm_old = 1.3641e+00
 |   |   |  Phis_norm     = 4.1357e+01
 |   |   |  Phis_norm_old = 4.1357e+01
 |   |   |  pressure_norm = 4.1466e-01
 |   |   |  pressure_norm_old = 4.6022e-01
 |   |   |  U_bar_err     = 1.4858e-02
 |   |   |  U_tilde_err   = 6.8366e-02
 |   |   |  S_area_err    = 4.2556e-03
 |   |   |  Phis_err      = 4.4123e-07
 |   |   |  pressure_err  = 1.1751e-02
 |   |  k_iter = 3
 |   |   |  Assembly… 0.04787397384643555 s
 |   |   |  res_norm      = 9.7469e-05
 |   |   |  res_err       = 1.3956e-08
 |   |   |  dres_norm     = 5.5475e-03
 |   |   |  res_err_rel   = 9.8488e-01
 |   |   |  Solve… 0.029487133026123047 s
 |   |   |  dU_bar_norm   = 1.8426e-05
 |   |   |  dU_tilde_norm = 3.7049e-04
 |   |   |  dS_area_norm  = 3.2502e-05
 |   |   |  dPhis_norm    = 4.9453e-07
 |   |   |  dpressure_norm = 1.4495e-04
 |   |   |  relax         = 1.0000e+00
 |   |   |  U_bar_norm    = 1.5886e-01
 |   |   |  U_bar_norm_old = 5.3615e-02
 |   |   |  U_tilde_norm  = 3.7064e-01
 |   |   |  U_tilde_norm_old = 1.3605e-01
 |   |   |  S_area_norm   = 1.4334e+00
 |   |   |  S_area_norm_old = 1.3641e+00
 |   |   |  Phis_norm     = 4.1357e+01
 |   |   |  Phis_norm_old = 4.1357e+01
 |   |   |  pressure_norm = 4.1474e-01
 |   |   |  pressure_norm_old = 4.6022e-01
 |   |   |  U_bar_err     = 1.1599e-04
 |   |   |  U_tilde_err   = 9.9959e-04
 |   |   |  S_area_err    = 2.2675e-05
 |   |   |  Phis_err      = 1.1957e-08
 |   |   |  pressure_err  = 3.1496e-04
 |   |  k_iter = 4
 |   |   |  Assembly… 0.04623007774353027 s
 |   |   |  res_norm      = 2.6851e-08
 |   |   |  res_err       = 3.8445e-12
 |   |   |  dres_norm     = 9.7448e-05
 |   |   |  res_err_rel   = 9.9978e-01
 |   |   |  Solve… 0.02929997444152832 s
 |   |   |  dU_bar_norm   = 5.1816e-09
 |   |   |  dU_tilde_norm = 1.7343e-07
 |   |   |  dS_area_norm  = 9.8047e-09
 |   |   |  dPhis_norm    = 1.0231e-10
 |   |   |  dpressure_norm = 3.0006e-08
 |   |   |  relax         = 1.0000e+00
 |   |   |  U_bar_norm    = 1.5886e-01
 |   |   |  U_bar_norm_old = 5.3615e-02
 |   |   |  U_tilde_norm  = 3.7064e-01
 |   |   |  U_tilde_norm_old = 1.3605e-01
 |   |   |  S_area_norm   = 1.4334e+00
 |   |   |  S_area_norm_old = 1.3641e+00
 |   |   |  Phis_norm     = 4.1357e+01
 |   |   |  Phis_norm_old = 4.1357e+01
 |   |   |  pressure_norm = 4.1474e-01
 |   |   |  pressure_norm_old = 4.6022e-01
 |   |   |  U_bar_err     = 3.2618e-08
 |   |   |  U_tilde_err   = 4.6791e-07
 |   |   |  S_area_err    = 6.8401e-09
 |   |   |  Phis_err      = 2.4739e-12
 |   |   |  pressure_err  = 6.5200e-08
 |   |   |  Nonlinear solver converged…
 |  k_t = 3
 |   |  dt = 0.4
 |   |  t = 0.7000000000000001
 |   |  t_step = 0.7000000000000001
 |   |  k_iter = 1
 |   |   |  Assembly… 0.04781007766723633 s
 |   |   |  res_norm      = 1.3968e+04
 |   |   |  Solve… 0.029380083084106445 s
 |   |   |  dU_bar_norm   = 2.0920e-01
 |   |   |  dU_tilde_norm = 4.3226e-01
 |   |   |  dS_area_norm  = 1.4785e-01
 |   |   |  dPhis_norm    = 3.3908e-04
 |   |   |  dpressure_norm = 1.0147e-01
 |   |   |  U_bar_norm    = 3.6800e-01
 |   |   |  U_bar_norm_old = 1.5886e-01
 |   |   |  U_tilde_norm  = 8.0197e-01
 |   |   |  U_tilde_norm_old = 3.7064e-01
 |   |   |  S_area_norm   = 1.5813e+00
 |   |   |  S_area_norm_old = 1.4334e+00
 |   |   |  Phis_norm     = 4.1357e+01
 |   |   |  Phis_norm_old = 4.1357e+01
 |   |   |  pressure_norm = 3.1984e-01
 |   |   |  pressure_norm_old = 4.1474e-01
 |   |   |  U_bar_err     = 5.6849e-01
 |   |   |  U_tilde_err   = 5.3900e-01
 |   |   |  S_area_err    = 9.3501e-02
 |   |   |  Phis_err      = 8.1988e-06
 |   |   |  pressure_err  = 2.4467e-01
 |   |  k_iter = 2
 |   |   |  Assembly… 0.045871734619140625 s
 |   |   |  res_norm      = 1.0891e-02
 |   |   |  res_err       = 7.7967e-07
 |   |   |  dres_norm     = 1.3968e+04
 |   |   |  res_err_rel   = 1.0000e+00
 |   |   |  Solve… 0.02933192253112793 s
 |   |   |  dU_bar_norm   = 7.8672e-03
 |   |   |  dU_tilde_norm = 6.6592e-02
 |   |   |  dS_area_norm  = 9.2040e-03
 |   |   |  dPhis_norm    = 5.8490e-05
 |   |   |  dpressure_norm = 1.7283e-02
 |   |   |  relax         = 1.0000e+00
 |   |   |  U_bar_norm    = 3.6564e-01
 |   |   |  U_bar_norm_old = 1.5886e-01
 |   |   |  U_tilde_norm  = 7.4498e-01
 |   |   |  U_tilde_norm_old = 3.7064e-01
 |   |   |  S_area_norm   = 1.5905e+00
 |   |   |  S_area_norm_old = 1.4334e+00
 |   |   |  Phis_norm     = 4.1357e+01
 |   |   |  Phis_norm_old = 4.1357e+01
 |   |   |  pressure_norm = 3.1199e-01
 |   |   |  pressure_norm_old = 4.1474e-01
 |   |   |  U_bar_err     = 2.1516e-02
 |   |   |  U_tilde_err   = 8.9388e-02
 |   |   |  S_area_err    = 5.7870e-03
 |   |   |  Phis_err      = 1.4143e-06
 |   |   |  pressure_err  = 4.1672e-02
 |   |  k_iter = 3
 |   |   |  Assembly… 0.04810595512390137 s
 |   |   |  res_norm      = 4.1262e-04
 |   |   |  res_err       = 2.9540e-08
 |   |   |  dres_norm     = 1.0535e-02
 |   |   |  res_err_rel   = 9.6732e-01
 |   |   |  Solve… 0.030064821243286133 s
 |   |   |  dU_bar_norm   = 2.0061e-04
 |   |   |  dU_tilde_norm = 8.8789e-04
 |   |   |  dS_area_norm  = 1.7050e-05
 |   |   |  dPhis_norm    = 3.3485e-06
 |   |   |  dpressure_norm = 9.8171e-04
 |   |   |  relax         = 1.0000e+00
 |   |   |  U_bar_norm    = 3.6570e-01
 |   |   |  U_bar_norm_old = 1.5886e-01
 |   |   |  U_tilde_norm  = 7.4423e-01
 |   |   |  U_tilde_norm_old = 3.7064e-01
 |   |   |  S_area_norm   = 1.5905e+00
 |   |   |  S_area_norm_old = 1.4334e+00
 |   |   |  Phis_norm     = 4.1357e+01
 |   |   |  Phis_norm_old = 4.1357e+01
 |   |   |  pressure_norm = 3.1263e-01
 |   |   |  pressure_norm_old = 4.1474e-01
 |   |   |  U_bar_err     = 5.4855e-04
 |   |   |  U_tilde_err   = 1.1930e-03
 |   |   |  S_area_err    = 1.0720e-05
 |   |   |  Phis_err      = 8.0966e-08
 |   |   |  pressure_err  = 2.3671e-03
 |   |  k_iter = 4
 |   |   |  Assembly… 0.0480189323425293 s
 |   |   |  res_norm      = 2.5105e-07
 |   |   |  res_err       = 1.7973e-11
 |   |   |  dres_norm     = 4.1244e-04
 |   |   |  res_err_rel   = 9.9957e-01
 |   |   |  Solve… 0.02946305274963379 s
 |   |   |  dU_bar_norm   = 2.6405e-08
 |   |   |  dU_tilde_norm = 1.7789e-06
 |   |   |  dS_area_norm  = 1.0910e-07
 |   |   |  dPhis_norm    = 1.7722e-09
 |   |   |  dpressure_norm = 5.1911e-07
 |   |   |  relax         = 1.0000e+00
 |   |   |  U_bar_norm    = 3.6570e-01
 |   |   |  U_bar_norm_old = 1.5886e-01
 |   |   |  U_tilde_norm  = 7.4423e-01
 |   |   |  U_tilde_norm_old = 3.7064e-01
 |   |   |  S_area_norm   = 1.5905e+00
 |   |   |  S_area_norm_old = 1.4334e+00
 |   |   |  Phis_norm     = 4.1357e+01
 |   |   |  Phis_norm_old = 4.1357e+01
 |   |   |  pressure_norm = 3.1263e-01
 |   |   |  pressure_norm_old = 4.1474e-01
 |   |   |  U_bar_err     = 7.2204e-08
 |   |   |  U_tilde_err   = 2.3903e-06
 |   |   |  S_area_err    = 6.8597e-08
 |   |   |  Phis_err      = 4.2852e-11
 |   |   |  pressure_err  = 1.2517e-06
 |   |  k_iter = 5
 |   |   |  Assembly… 0.04690194129943848 s
 |   |   |  res_norm      = 6.4983e-13
 |   |   |  res_err       = 4.6522e-17
 |   |   |  dres_norm     = 2.5105e-07
 |   |   |  res_err_rel   = 1.0000e+00
 |   |   |  Solve… 0.029735088348388672 s
 |   |   |  dU_bar_norm   = 6.5010e-14
 |   |   |  dU_tilde_norm = 1.3241e-12
 |   |   |  dS_area_norm  = 1.0418e-13
 |   |   |  dPhis_norm    = 4.0634e-15
 |   |   |  dpressure_norm = 2.0923e-13
 |   |   |  relax         = 1.0000e+00
 |   |   |  U_bar_norm    = 3.6570e-01
 |   |   |  U_bar_norm_old = 1.5886e-01
 |   |   |  U_tilde_norm  = 7.4423e-01
 |   |   |  U_tilde_norm_old = 3.7064e-01
 |   |   |  S_area_norm   = 1.5905e+00
 |   |   |  S_area_norm_old = 1.4334e+00
 |   |   |  Phis_norm     = 4.1357e+01
 |   |   |  Phis_norm_old = 4.1357e+01
 |   |   |  pressure_norm = 3.1263e-01
 |   |   |  pressure_norm_old = 4.1474e-01
 |   |   |  U_bar_err     = 1.7777e-13
 |   |   |  U_tilde_err   = 1.7791e-12
 |   |   |  S_area_err    = 6.5503e-14
 |   |   |  Phis_err      = 9.8250e-17
 |   |   |  pressure_err  = 5.0447e-13
 |   |   |  Nonlinear solver converged…
 |  k_t = 4
 |   |  dt = 0.29999999999999993
 |   |  t = 1.0
 |   |  t_step = 1.0
 |   |  k_iter = 1
 |   |   |  Assembly… 0.04726719856262207 s
 |   |   |  res_norm      = 1.0476e+04
 |   |   |  Solve… 0.030275821685791016 s
 |   |   |  dU_bar_norm   = 1.5408e-01
 |   |   |  dU_tilde_norm = 2.5021e-01
 |   |   |  dS_area_norm  = 1.2255e-01
 |   |   |  dPhis_norm    = 3.0098e-04
 |   |   |  dpressure_norm = 8.9799e-02
 |   |   |  U_bar_norm    = 5.1957e-01
 |   |   |  U_bar_norm_old = 3.6570e-01
 |   |   |  U_tilde_norm  = 9.9105e-01
 |   |   |  U_tilde_norm_old = 7.4423e-01
 |   |   |  S_area_norm   = 1.7130e+00
 |   |   |  S_area_norm_old = 1.5905e+00
 |   |   |  Phis_norm     = 4.1357e+01
 |   |   |  Phis_norm_old = 4.1357e+01
 |   |   |  pressure_norm = 2.3878e-01
 |   |   |  pressure_norm_old = 3.1263e-01
 |   |   |  U_bar_err     = 2.9656e-01
 |   |   |  U_tilde_err   = 2.5246e-01
 |   |   |  S_area_err    = 7.1542e-02
 |   |   |  Phis_err      = 7.2775e-06
 |   |   |  pressure_err  = 2.8724e-01
 |   |  k_iter = 2
 |   |   |  Assembly… 0.04699277877807617 s
 |   |   |  res_norm      = 3.4817e-03
 |   |   |  res_err       = 3.3235e-07
 |   |   |  dres_norm     = 1.0476e+04
 |   |   |  res_err_rel   = 1.0000e+00
 |   |   |  Solve… 0.030059099197387695 s
 |   |   |  dU_bar_norm   = 3.0282e-03
 |   |   |  dU_tilde_norm = 2.2666e-02
 |   |   |  dS_area_norm  = 2.2538e-03
 |   |   |  dPhis_norm    = 2.0649e-05
 |   |   |  dpressure_norm = 6.1023e-03
 |   |   |  relax         = 1.0000e+00
 |   |   |  U_bar_norm    = 5.1875e-01
 |   |   |  U_bar_norm_old = 3.6570e-01
 |   |   |  U_tilde_norm  = 9.7158e-01
 |   |   |  U_tilde_norm_old = 7.4423e-01
 |   |   |  S_area_norm   = 1.7153e+00
 |   |   |  S_area_norm_old = 1.5905e+00
 |   |   |  Phis_norm     = 4.1357e+01
 |   |   |  Phis_norm_old = 4.1357e+01
 |   |   |  pressure_norm = 2.3810e-01
 |   |   |  pressure_norm_old = 3.1263e-01
 |   |   |  U_bar_err     = 5.8375e-03
 |   |   |  U_tilde_err   = 2.3329e-02
 |   |   |  S_area_err    = 1.3140e-03
 |   |   |  Phis_err      = 4.9929e-07
 |   |   |  pressure_err  = 1.9519e-02
 |   |  k_iter = 3
 |   |   |  Assembly… 0.04680323600769043 s
 |   |   |  res_norm      = 4.5878e-05
 |   |   |  res_err       = 4.3793e-09
 |   |   |  dres_norm     = 3.4452e-03
 |   |   |  res_err_rel   = 9.8951e-01
 |   |   |  Solve… 0.029444217681884766 s
 |   |   |  dU_bar_norm   = 4.4018e-05
 |   |   |  dU_tilde_norm = 1.0775e-04
 |   |   |  dS_area_norm  = 1.2447e-05
 |   |   |  dPhis_norm    = 3.2858e-07
 |   |   |  dpressure_norm = 9.7130e-05
 |   |   |  relax         = 1.0000e+00
 |   |   |  U_bar_norm    = 5.1876e-01
 |   |   |  U_bar_norm_old = 3.6570e-01
 |   |   |  U_tilde_norm  = 9.7166e-01
 |   |   |  U_tilde_norm_old = 7.4423e-01
 |   |   |  S_area_norm   = 1.7153e+00
 |   |   |  S_area_norm_old = 1.5905e+00
 |   |   |  Phis_norm     = 4.1357e+01
 |   |   |  Phis_norm_old = 4.1357e+01
 |   |   |  pressure_norm = 2.3817e-01
 |   |   |  pressure_norm_old = 3.1263e-01
 |   |   |  U_bar_err     = 8.4851e-05
 |   |   |  U_tilde_err   = 1.1089e-04
 |   |   |  S_area_err    = 7.2566e-06
 |   |   |  Phis_err      = 7.9450e-09
 |   |   |  pressure_err  = 3.1069e-04
 |   |  k_iter = 4
 |   |   |  Assembly… 0.046266794204711914 s
 |   |   |  res_norm      = 4.2864e-09
 |   |   |  res_err       = 4.0916e-13
 |   |   |  dres_norm     = 4.5876e-05
 |   |   |  res_err_rel   = 9.9995e-01
 |   |   |  Solve… 0.029433727264404297 s
 |   |   |  dU_bar_norm   = 5.1396e-09
 |   |   |  dU_tilde_norm = 1.7385e-08
 |   |   |  dS_area_norm  = 5.3552e-10
 |   |   |  dPhis_norm    = 8.2018e-12
 |   |   |  dpressure_norm = 2.4724e-09
 |   |   |  relax         = 1.0000e+00
 |   |   |  U_bar_norm    = 5.1876e-01
 |   |   |  U_bar_norm_old = 3.6570e-01
 |   |   |  U_tilde_norm  = 9.7166e-01
 |   |   |  U_tilde_norm_old = 7.4423e-01
 |   |   |  S_area_norm   = 1.7153e+00
 |   |   |  S_area_norm_old = 1.5905e+00
 |   |   |  Phis_norm     = 4.1357e+01
 |   |   |  Phis_norm_old = 4.1357e+01
 |   |   |  pressure_norm = 2.3817e-01
 |   |   |  pressure_norm_old = 3.1263e-01
 |   |   |  U_bar_err     = 9.9073e-09
 |   |   |  U_tilde_err   = 1.7892e-08
 |   |   |  S_area_err    = 3.1221e-10
 |   |   |  Phis_err      = 1.9832e-13
 |   |   |  pressure_err  = 7.9083e-09
 |   |   |  Nonlinear solver converged…
