k_step = 1
 |  k_t = 1
 |   |  dt = 0.1
 |   |  t = 0.1
 |   |  t_step = 0.1
 |   |  k_iter = 1
 |   |   |  Assembly… 0.04649710655212402 s
 |   |   |  res_norm      = 4.3757e+04
 |   |   |  Solve… 0.010874032974243164 s
 |   |   |  dU_bar_norm   = 5.2500e-02
 |   |   |  dU_tilde_norm = 2.2725e+00
 |   |   |  dS_area_norm  = 1.3990e+00
 |   |   |  dPhis_norm    = 1.1213e-01
 |   |   |  dpressure_norm = 3.2924e+01
 |   |   |  U_bar_norm    = 5.2500e-02
 |   |   |  U_bar_norm_old = 0.0000e+00
 |   |   |  U_tilde_norm  = 2.2725e+00
 |   |   |  U_tilde_norm_old = 0.0000e+00
 |   |   |  S_area_norm   = 1.3990e+00
 |   |   |  S_area_norm_old = 0.0000e+00
 |   |   |  Phis_norm     = 1.8117e+01
 |   |   |  Phis_norm_old = 1.8125e+01
 |   |   |  pressure_norm = 3.2924e+01
 |   |   |  pressure_norm_old = 0.0000e+00
 |   |   |  U_bar_err     = 1.0000e+00
 |   |   |  U_tilde_err   = 1.0000e+00
 |   |   |  S_area_err    = 1.0000e+00
 |   |   |  Phis_err      = 6.1867e-03
 |   |   |  pressure_err  = 1.0000e+00
 |   |  k_iter = 2
 |   |   |  Assembly… 0.022818803787231445 s
 |   |   |  res_norm      = 3.1560e-01
 |   |   |  res_err       = 7.2126e-06
 |   |   |  dres_norm     = 4.3757e+04
 |   |   |  res_err_rel   = 1.0000e+00
 |   |   |  Solve… 0.008015871047973633 s
 |   |   |  dU_bar_norm   = 7.4331e-02
 |   |   |  dU_tilde_norm = 5.1642e-01
 |   |   |  dS_area_norm  = 2.1198e-01
 |   |   |  dPhis_norm    = 1.4123e-02
 |   |   |  dpressure_norm = 3.9524e+00
 |   |   |  relax         = 1.0000e+00
 |   |   |  U_bar_norm    = 7.9141e-02
 |   |   |  U_bar_norm_old = 0.0000e+00
 |   |   |  U_tilde_norm  = 2.2300e+00
 |   |   |  U_tilde_norm_old = 0.0000e+00
 |   |   |  S_area_norm   = 1.1870e+00
 |   |   |  S_area_norm_old = 0.0000e+00
 |   |   |  Phis_norm     = 1.8126e+01
 |   |   |  Phis_norm_old = 1.8125e+01
 |   |   |  pressure_norm = 3.4491e+01
 |   |   |  pressure_norm_old = 0.0000e+00
 |   |   |  U_bar_err     = 9.3921e-01
 |   |   |  U_tilde_err   = 2.3158e-01
 |   |   |  S_area_err    = 1.7859e-01
 |   |   |  Phis_err      = 7.7918e-04
 |   |   |  pressure_err  = 1.1459e-01
 |   |  k_iter = 3
 |   |   |  Assembly… 0.021638870239257812 s
 |   |   |  res_norm      = 3.8339e-02
 |   |   |  res_err       = 8.7617e-07
 |   |   |  dres_norm     = 3.0980e-01
 |   |   |  res_err_rel   = 9.8160e-01
 |   |   |  Solve… 0.007889270782470703 s
 |   |   |  dU_bar_norm   = 3.2585e-04
 |   |   |  dU_tilde_norm = 2.4610e-02
 |   |   |  dS_area_norm  = 6.2698e-03
 |   |   |  dPhis_norm    = 1.7752e-03
 |   |   |  dpressure_norm = 5.1191e-01
 |   |   |  relax         = 1.0000e+00
 |   |   |  U_bar_norm    = 7.9377e-02
 |   |   |  U_bar_norm_old = 0.0000e+00
 |   |   |  U_tilde_norm  = 2.2321e+00
 |   |   |  U_tilde_norm_old = 0.0000e+00
 |   |   |  S_area_norm   = 1.1933e+00
 |   |   |  S_area_norm_old = 0.0000e+00
 |   |   |  Phis_norm     = 1.8127e+01
 |   |   |  Phis_norm_old = 1.8125e+01
 |   |   |  pressure_norm = 3.4553e+01
 |   |   |  pressure_norm_old = 0.0000e+00
 |   |   |  U_bar_err     = 4.1051e-03
 |   |   |  U_tilde_err   = 1.1025e-02
 |   |   |  S_area_err    = 5.2542e-03
 |   |   |  Phis_err      = 9.7933e-05
 |   |   |  pressure_err  = 1.4815e-02
 |   |  k_iter = 4
 |   |   |  Assembly… 0.021958112716674805 s
 |   |   |  res_norm      = 6.6150e-04
 |   |   |  res_err       = 1.5118e-08
 |   |   |  dres_norm     = 3.8295e-02
 |   |   |  res_err_rel   = 9.9886e-01
 |   |   |  Solve… 0.008022069931030273 s
 |   |   |  dU_bar_norm   = 3.7811e-05
 |   |   |  dU_tilde_norm = 3.1454e-04
 |   |   |  dS_area_norm  = 6.6088e-05
 |   |   |  dPhis_norm    = 7.6691e-06
 |   |   |  dpressure_norm = 2.2665e-03
 |   |   |  relax         = 1.0000e+00
 |   |   |  U_bar_norm    = 7.9406e-02
 |   |   |  U_bar_norm_old = 0.0000e+00
 |   |   |  U_tilde_norm  = 2.2322e+00
 |   |   |  U_tilde_norm_old = 0.0000e+00
 |   |   |  S_area_norm   = 1.1934e+00
 |   |   |  S_area_norm_old = 0.0000e+00
 |   |   |  Phis_norm     = 1.8127e+01
 |   |   |  Phis_norm_old = 1.8125e+01
 |   |   |  pressure_norm = 3.4554e+01
 |   |   |  pressure_norm_old = 0.0000e+00
 |   |   |  U_bar_err     = 4.7617e-04
 |   |   |  U_tilde_err   = 1.4091e-04
 |   |   |  S_area_err    = 5.5380e-05
 |   |   |  Phis_err      = 4.2308e-07
 |   |   |  pressure_err  = 6.5592e-05
 |   |  k_iter = 5
 |   |   |  Assembly… 0.021973133087158203 s
 |   |   |  res_norm      = 1.8583e-07
 |   |   |  res_err       = 4.2469e-12
 |   |   |  dres_norm     = 6.6147e-04
 |   |   |  res_err_rel   = 9.9995e-01
 |   |   |  Solve… 0.007929086685180664 s
 |   |   |  dU_bar_norm   = 1.3178e-08
 |   |   |  dU_tilde_norm = 1.1497e-07
 |   |   |  dS_area_norm  = 1.0391e-08
 |   |   |  dPhis_norm    = 1.8136e-09
 |   |   |  dpressure_norm = 5.4485e-07
 |   |   |  relax         = 1.0000e+00
 |   |   |  U_bar_norm    = 7.9406e-02
 |   |   |  U_bar_norm_old = 0.0000e+00
 |   |   |  U_tilde_norm  = 2.2322e+00
 |   |   |  U_tilde_norm_old = 0.0000e+00
 |   |   |  S_area_norm   = 1.1934e+00
 |   |   |  S_area_norm_old = 0.0000e+00
 |   |   |  Phis_norm     = 1.8127e+01
 |   |   |  Phis_norm_old = 1.8125e+01
 |   |   |  pressure_norm = 3.4554e+01
 |   |   |  pressure_norm_old = 0.0000e+00
 |   |   |  U_bar_err     = 1.6596e-07
 |   |   |  U_tilde_err   = 5.1504e-08
 |   |   |  S_area_err    = 8.7071e-09
 |   |   |  Phis_err      = 1.0005e-10
 |   |   |  pressure_err  = 1.5768e-08
 |   |   |  Nonlinear solver converged…
 |  k_t = 2
 |   |  dt = 0.1
 |   |  t = 0.2
 |   |  t_step = 0.2
 |   |  k_iter = 1
 |   |   |  Assembly… 0.022022008895874023 s
 |   |   |  res_norm      = 4.3757e+04
 |   |   |  Solve… 0.007920026779174805 s
 |   |   |  dU_bar_norm   = 5.3991e-02
 |   |   |  dU_tilde_norm = 9.8198e-02
 |   |   |  dS_area_norm  = 2.9429e-02
 |   |   |  dPhis_norm    = 2.7062e-03
 |   |   |  dpressure_norm = 8.0486e-01
 |   |   |  U_bar_norm    = 1.2816e-01
 |   |   |  U_bar_norm_old = 7.9406e-02
 |   |   |  U_tilde_norm  = 2.2269e+00
 |   |   |  U_tilde_norm_old = 2.2322e+00
 |   |   |  S_area_norm   = 1.2228e+00
 |   |   |  S_area_norm_old = 1.1934e+00
 |   |   |  Phis_norm     = 1.8127e+01
 |   |   |  Phis_norm_old = 1.8127e+01
 |   |   |  pressure_norm = 3.4833e+01
 |   |   |  pressure_norm_old = 3.4554e+01
 |   |   |  U_bar_err     = 4.2128e-01
 |   |   |  U_tilde_err   = 4.3992e-02
 |   |   |  S_area_err    = 2.4067e-02
 |   |   |  Phis_err      = 1.4929e-04
 |   |   |  pressure_err  = 2.3106e-02
 |   |  k_iter = 2
 |   |   |  Assembly… 0.022189855575561523 s
 |   |   |  res_norm      = 5.7227e-03
 |   |   |  res_err       = 1.3078e-07
 |   |   |  dres_norm     = 4.3757e+04
 |   |   |  res_err_rel   = 1.0000e+00
 |   |   |  Solve… 0.00791478157043457 s
 |   |   |  dU_bar_norm   = 2.7821e-04
 |   |   |  dU_tilde_norm = 5.7481e-03
 |   |   |  dS_area_norm  = 3.2673e-03
 |   |   |  dPhis_norm    = 1.7481e-04
 |   |   |  dpressure_norm = 5.1208e-02
 |   |   |  relax         = 1.0000e+00
 |   |   |  U_bar_norm    = 1.2806e-01
 |   |   |  U_bar_norm_old = 7.9406e-02
 |   |   |  U_tilde_norm  = 2.2248e+00
 |   |   |  U_tilde_norm_old = 2.2322e+00
 |   |   |  S_area_norm   = 1.2261e+00
 |   |   |  S_area_norm_old = 1.1934e+00
 |   |   |  Phis_norm     = 1.8127e+01
 |   |   |  Phis_norm_old = 1.8127e+01
 |   |   |  pressure_norm = 3.4837e+01
 |   |   |  pressure_norm_old = 3.4554e+01
 |   |   |  U_bar_err     = 2.1724e-03
 |   |   |  U_tilde_err   = 2.5751e-03
 |   |   |  S_area_err    = 2.6649e-03
 |   |   |  Phis_err      = 9.6435e-06
 |   |   |  pressure_err  = 1.4699e-03
 |   |  k_iter = 3
 |   |   |  Assembly… 0.022123098373413086 s
 |   |   |  res_norm      = 2.2815e-05
 |   |   |  res_err       = 5.2141e-10
 |   |   |  dres_norm     = 5.7123e-03
 |   |   |  res_err_rel   = 9.9818e-01
 |   |   |  Solve… 0.007977962493896484 s
 |   |   |  dU_bar_norm   = 1.3225e-06
 |   |   |  dU_tilde_norm = 2.1291e-05
 |   |   |  dS_area_norm  = 2.5806e-06
 |   |   |  dPhis_norm    = 2.6915e-07
 |   |   |  dpressure_norm = 7.9872e-05
 |   |   |  relax         = 1.0000e+00
 |   |   |  U_bar_norm    = 1.2807e-01
 |   |   |  U_bar_norm_old = 7.9406e-02
 |   |   |  U_tilde_norm  = 2.2248e+00
 |   |   |  U_tilde_norm_old = 2.2322e+00
 |   |   |  S_area_norm   = 1.2261e+00
 |   |   |  S_area_norm_old = 1.1934e+00
 |   |   |  Phis_norm     = 1.8127e+01
 |   |   |  Phis_norm_old = 1.8127e+01
 |   |   |  pressure_norm = 3.4837e+01
 |   |   |  pressure_norm_old = 3.4554e+01
 |   |   |  U_bar_err     = 1.0327e-05
 |   |   |  U_tilde_err   = 9.5383e-06
 |   |   |  S_area_err    = 2.1048e-06
 |   |   |  Phis_err      = 1.4848e-08
 |   |   |  pressure_err  = 2.2927e-06
 |   |  k_iter = 4
 |   |   |  Assembly… 0.021763086318969727 s
 |   |   |  res_norm      = 1.0526e-09
 |   |   |  res_err       = 2.4055e-14
 |   |   |  dres_norm     = 2.2815e-05
 |   |   |  res_err_rel   = 9.9997e-01
 |   |   |  Solve… 0.007922172546386719 s
 |   |   |  dU_bar_norm   = 2.0287e-11
 |   |   |  dU_tilde_norm = 7.8331e-10
 |   |   |  dS_area_norm  = 1.5520e-10
 |   |   |  dPhis_norm    = 4.7150e-12
 |   |   |  dpressure_norm = 1.4337e-09
 |   |   |  relax         = 1.0000e+00
 |   |   |  U_bar_norm    = 1.2807e-01
 |   |   |  U_bar_norm_old = 7.9406e-02
 |   |   |  U_tilde_norm  = 2.2248e+00
 |   |   |  U_tilde_norm_old = 2.2322e+00
 |   |   |  S_area_norm   = 1.2261e+00
 |   |   |  S_area_norm_old = 1.1934e+00
 |   |   |  Phis_norm     = 1.8127e+01
 |   |   |  Phis_norm_old = 1.8127e+01
 |   |   |  pressure_norm = 3.4837e+01
 |   |   |  pressure_norm_old = 3.4554e+01
 |   |   |  U_bar_err     = 1.5841e-10
 |   |   |  U_tilde_err   = 3.5092e-10
 |   |   |  S_area_err    = 1.2658e-10
 |   |   |  Phis_err      = 2.6010e-13
 |   |   |  pressure_err  = 4.1155e-11
 |   |   |  Nonlinear solver converged…
 |  k_t = 3
 |   |  dt = 0.2
 |   |  t = 0.4
 |   |  t_step = 0.4
 |   |  k_iter = 1
 |   |   |  Assembly… 0.02189016342163086 s
 |   |   |  res_norm      = 8.7514e+04
 |   |   |  Solve… 0.008090019226074219 s
 |   |   |  dU_bar_norm   = 1.0763e-01
 |   |   |  dU_tilde_norm = 1.9002e-01
 |   |   |  dS_area_norm  = 7.1447e-02
 |   |   |  dPhis_norm    = 5.7228e-03
 |   |   |  dpressure_norm = 1.7009e+00
 |   |   |  U_bar_norm    = 2.3223e-01
 |   |   |  U_bar_norm_old = 1.2807e-01
 |   |   |  U_tilde_norm  = 2.2180e+00
 |   |   |  U_tilde_norm_old = 2.2248e+00
 |   |   |  S_area_norm   = 1.2975e+00
 |   |   |  S_area_norm_old = 1.2261e+00
 |   |   |  Phis_norm     = 1.8128e+01
 |   |   |  Phis_norm_old = 1.8127e+01
 |   |   |  pressure_norm = 3.5465e+01
 |   |   |  pressure_norm_old = 3.4837e+01
 |   |   |  U_bar_err     = 4.6347e-01
 |   |   |  U_tilde_err   = 8.5408e-02
 |   |   |  S_area_err    = 5.5065e-02
 |   |   |  Phis_err      = 3.1569e-04
 |   |   |  pressure_err  = 4.7959e-02
 |   |  k_iter = 2
 |   |   |  Assembly… 0.021881818771362305 s
 |   |   |  res_norm      = 1.9515e-02
 |   |   |  res_err       = 2.2299e-07
 |   |   |  dres_norm     = 8.7514e+04
 |   |   |  res_err_rel   = 1.0000e+00
 |   |   |  Solve… 0.007920980453491211 s
 |   |   |  dU_bar_norm   = 1.1343e-03
 |   |   |  dU_tilde_norm = 2.0128e-02
 |   |   |  dS_area_norm  = 9.8073e-03
 |   |   |  dPhis_norm    = 6.1043e-04
 |   |   |  dpressure_norm = 1.7880e-01
 |   |   |  relax         = 1.0000e+00
 |   |   |  U_bar_norm    = 2.3176e-01
 |   |   |  U_bar_norm_old = 1.2807e-01
 |   |   |  U_tilde_norm  = 2.2090e+00
 |   |   |  U_tilde_norm_old = 2.2248e+00
 |   |   |  S_area_norm   = 1.3073e+00
 |   |   |  S_area_norm_old = 1.2261e+00
 |   |   |  Phis_norm     = 1.8127e+01
 |   |   |  Phis_norm_old = 1.8127e+01
 |   |   |  pressure_norm = 3.5493e+01
 |   |   |  pressure_norm_old = 3.4837e+01
 |   |   |  U_bar_err     = 4.8941e-03
 |   |   |  U_tilde_err   = 9.0469e-03
 |   |   |  S_area_err    = 7.5019e-03
 |   |   |  Phis_err      = 3.3675e-05
 |   |   |  pressure_err  = 5.0377e-03
 |   |  k_iter = 3
 |   |   |  Assembly… 0.021665096282958984 s
 |   |   |  res_norm      = 1.6845e-04
 |   |   |  res_err       = 1.9248e-09
 |   |   |  dres_norm     = 1.9449e-02
 |   |   |  res_err_rel   = 9.9664e-01
 |   |   |  Solve… 0.00780797004699707 s
 |   |   |  dU_bar_norm   = 1.0715e-05
 |   |   |  dU_tilde_norm = 1.6589e-04
 |   |   |  dS_area_norm  = 2.6438e-07
 |   |   |  dPhis_norm    = 2.5700e-06
 |   |   |  dpressure_norm = 7.5897e-04
 |   |   |  relax         = 1.0000e+00
 |   |   |  U_bar_norm    = 2.3177e-01
 |   |   |  U_bar_norm_old = 1.2807e-01
 |   |   |  U_tilde_norm  = 2.2090e+00
 |   |   |  U_tilde_norm_old = 2.2248e+00
 |   |   |  S_area_norm   = 1.3073e+00
 |   |   |  S_area_norm_old = 1.2261e+00
 |   |   |  Phis_norm     = 1.8127e+01
 |   |   |  Phis_norm_old = 1.8127e+01
 |   |   |  pressure_norm = 3.5493e+01
 |   |   |  pressure_norm_old = 3.4837e+01
 |   |   |  U_bar_err     = 4.6232e-05
 |   |   |  U_tilde_err   = 7.4565e-05
 |   |   |  S_area_err    = 2.0223e-07
 |   |   |  Phis_err      = 1.4178e-07
 |   |   |  pressure_err  = 2.1384e-05
 |   |  k_iter = 4
 |   |   |  Assembly… 0.021996021270751953 s
 |   |   |  res_norm      = 3.8172e-08
 |   |   |  res_err       = 4.3619e-13
 |   |   |  dres_norm     = 1.6844e-04
 |   |   |  res_err_rel   = 9.9991e-01
 |   |   |  Solve… 0.007850885391235352 s
 |   |   |  dU_bar_norm   = 8.8432e-10
 |   |   |  dU_tilde_norm = 2.4012e-08
 |   |   |  dS_area_norm  = 5.1157e-09
 |   |   |  dPhis_norm    = 1.8163e-10
 |   |   |  dpressure_norm = 5.5406e-08
 |   |   |  relax         = 1.0000e+00
 |   |   |  U_bar_norm    = 2.3177e-01
 |   |   |  U_bar_norm_old = 1.2807e-01
 |   |   |  U_tilde_norm  = 2.2090e+00
 |   |   |  U_tilde_norm_old = 2.2248e+00
 |   |   |  S_area_norm   = 1.3073e+00
 |   |   |  S_area_norm_old = 1.2261e+00
 |   |   |  Phis_norm     = 1.8127e+01
 |   |   |  Phis_norm_old = 1.8127e+01
 |   |   |  pressure_norm = 3.5493e+01
 |   |   |  pressure_norm_old = 3.4837e+01
 |   |   |  U_bar_err     = 3.8155e-09
 |   |   |  U_tilde_err   = 1.0793e-08
 |   |   |  S_area_err    = 3.9131e-09
 |   |   |  Phis_err      = 1.0020e-11
 |   |   |  pressure_err  = 1.5610e-09
 |   |   |  Nonlinear solver converged…
 |  k_t = 4
 |   |  dt = 0.4
 |   |  t = 0.8
 |   |  t_step = 0.8
 |   |  k_iter = 1
 |   |   |  Assembly… 0.021643877029418945 s
 |   |   |  res_norm      = 1.7503e+05
 |   |   |  Solve… 0.008062124252319336 s
 |   |   |  dU_bar_norm   = 2.1373e-01
 |   |   |  dU_tilde_norm = 3.7784e-01
 |   |   |  dS_area_norm  = 1.7967e-01
 |   |   |  dPhis_norm    = 1.2780e-02
 |   |   |  dpressure_norm = 3.7918e+00
 |   |   |  U_bar_norm    = 4.4338e-01
 |   |   |  U_bar_norm_old = 2.3177e-01
 |   |   |  U_tilde_norm  = 2.2080e+00
 |   |   |  U_tilde_norm_old = 2.2090e+00
 |   |   |  S_area_norm   = 1.4870e+00
 |   |   |  S_area_norm_old = 1.3073e+00
 |   |   |  Phis_norm     = 1.8126e+01
 |   |   |  Phis_norm_old = 1.8127e+01
 |   |   |  pressure_norm = 3.7117e+01
 |   |   |  pressure_norm_old = 3.5493e+01
 |   |   |  U_bar_err     = 4.8206e-01
 |   |   |  U_tilde_err   = 1.7104e-01
 |   |   |  S_area_err    = 1.2083e-01
 |   |   |  Phis_err      = 7.0501e-04
 |   |   |  pressure_err  = 1.0216e-01
 |   |  k_iter = 2
 |   |   |  Assembly… 0.021845102310180664 s
 |   |   |  res_norm      = 6.4362e-02
 |   |   |  res_err       = 3.6772e-07
 |   |   |  dres_norm     = 1.7503e+05
 |   |   |  res_err_rel   = 1.0000e+00
 |   |   |  Solve… 0.007988214492797852 s
 |   |   |  dU_bar_norm   = 4.4460e-03
 |   |   |  dU_tilde_norm = 5.8742e-02
 |   |   |  dS_area_norm  = 2.3678e-02
 |   |   |  dPhis_norm    = 1.9411e-03
 |   |   |  dpressure_norm = 5.6959e-01
 |   |   |  relax         = 1.0000e+00
 |   |   |  U_bar_norm    = 4.4159e-01
 |   |   |  U_bar_norm_old = 2.3177e-01
 |   |   |  U_tilde_norm  = 2.1791e+00
 |   |   |  U_tilde_norm_old = 2.2090e+00
 |   |   |  S_area_norm   = 1.5107e+00
 |   |   |  S_area_norm_old = 1.3073e+00
 |   |   |  Phis_norm     = 1.8125e+01
 |   |   |  Phis_norm_old = 1.8127e+01
 |   |   |  pressure_norm = 3.7356e+01
 |   |   |  pressure_norm_old = 3.5493e+01
 |   |   |  U_bar_err     = 1.0068e-02
 |   |   |  U_tilde_err   = 2.6592e-02
 |   |   |  S_area_err    = 1.5674e-02
 |   |   |  Phis_err      = 1.0708e-04
 |   |   |  pressure_err  = 1.5248e-02
 |   |  k_iter = 3
 |   |   |  Assembly… 0.021873950958251953 s
 |   |   |  res_norm      = 1.2286e-03
 |   |   |  res_err       = 7.0194e-09
 |   |   |  dres_norm     = 6.4085e-02
 |   |   |  res_err_rel   = 9.9570e-01
 |   |   |  Solve… 0.007772922515869141 s
 |   |   |  dU_bar_norm   = 5.9592e-05
 |   |   |  dU_tilde_norm = 1.1410e-03
 |   |   |  dS_area_norm  = 7.7536e-05
 |   |   |  dPhis_norm    = 2.3046e-05
 |   |   |  dpressure_norm = 6.7675e-03
 |   |   |  relax         = 1.0000e+00
 |   |   |  U_bar_norm    = 4.4161e-01
 |   |   |  U_bar_norm_old = 2.3177e-01
 |   |   |  U_tilde_norm  = 2.1786e+00
 |   |   |  U_tilde_norm_old = 2.2090e+00
 |   |   |  S_area_norm   = 1.5106e+00
 |   |   |  S_area_norm_old = 1.3073e+00
 |   |   |  Phis_norm     = 1.8125e+01
 |   |   |  Phis_norm_old = 1.8127e+01
 |   |   |  pressure_norm = 3.7355e+01
 |   |   |  pressure_norm_old = 3.5493e+01
 |   |   |  U_bar_err     = 1.3494e-04
 |   |   |  U_tilde_err   = 5.1651e-04
 |   |   |  S_area_err    = 5.1329e-05
 |   |   |  Phis_err      = 1.2713e-06
 |   |   |  pressure_err  = 1.8117e-04
 |   |  k_iter = 4
 |   |   |  Assembly… 0.021836042404174805 s
 |   |   |  res_norm      = 1.3931e-06
 |   |   |  res_err       = 7.9591e-12
 |   |   |  dres_norm     = 1.2281e-03
 |   |   |  res_err_rel   = 9.9959e-01
 |   |   |  Solve… 0.007731914520263672 s
 |   |   |  dU_bar_norm   = 3.5200e-08
 |   |   |  dU_tilde_norm = 8.3349e-07
 |   |   |  dS_area_norm  = 1.1021e-07
 |   |   |  dPhis_norm    = 9.0948e-09
 |   |   |  dpressure_norm = 2.7040e-06
 |   |   |  relax         = 1.0000e+00
 |   |   |  U_bar_norm    = 4.4161e-01
 |   |   |  U_bar_norm_old = 2.3177e-01
 |   |   |  U_tilde_norm  = 2.1786e+00
 |   |   |  U_tilde_norm_old = 2.2090e+00
 |   |   |  S_area_norm   = 1.5106e+00
 |   |   |  S_area_norm_old = 1.3073e+00
 |   |   |  Phis_norm     = 1.8125e+01
 |   |   |  Phis_norm_old = 1.8127e+01
 |   |   |  pressure_norm = 3.7355e+01
 |   |   |  pressure_norm_old = 3.5493e+01
 |   |   |  U_bar_err     = 7.9707e-08
 |   |   |  U_tilde_err   = 3.7731e-07
 |   |   |  S_area_err    = 7.2958e-08
 |   |   |  Phis_err      = 5.0172e-10
 |   |   |  pressure_err  = 7.2388e-08
 |   |   |  Nonlinear solver converged…
 |  k_t = 5
 |   |  dt = 0.19999999999999996
 |   |  t = 1.0
 |   |  t_step = 1.0
 |   |  k_iter = 1
 |   |   |  Assembly… 0.021888017654418945 s
 |   |   |  res_norm      = 8.7514e+04
 |   |   |  Solve… 0.008094072341918945 s
 |   |   |  dU_bar_norm   = 1.0545e-01
 |   |   |  dU_tilde_norm = 2.0332e-01
 |   |   |  dS_area_norm  = 1.1078e-01
 |   |   |  dPhis_norm    = 7.6747e-03
 |   |   |  dpressure_norm = 2.2699e+00
 |   |   |  U_bar_norm    = 5.4641e-01
 |   |   |  U_bar_norm_old = 4.4161e-01
 |   |   |  U_tilde_norm  = 2.1773e+00
 |   |   |  U_tilde_norm_old = 2.1786e+00
 |   |   |  S_area_norm   = 1.6214e+00
 |   |   |  S_area_norm_old = 1.5106e+00
 |   |   |  Phis_norm     = 1.8124e+01
 |   |   |  Phis_norm_old = 1.8125e+01
 |   |   |  pressure_norm = 3.8569e+01
 |   |   |  pressure_norm_old = 3.7355e+01
 |   |   |  U_bar_err     = 1.9299e-01
 |   |   |  U_tilde_err   = 9.3329e-02
 |   |   |  S_area_err    = 6.8324e-02
 |   |   |  Phis_err      = 4.2343e-04
 |   |   |  pressure_err  = 5.8854e-02
 |   |  k_iter = 2
 |   |   |  Assembly… 0.022014141082763672 s
 |   |   |  res_norm      = 1.2926e-02
 |   |   |  res_err       = 1.4770e-07
 |   |   |  dres_norm     = 8.7514e+04
 |   |   |  res_err_rel   = 1.0000e+00
 |   |   |  Solve… 0.007847070693969727 s
 |   |   |  dU_bar_norm   = 9.6015e-04
 |   |   |  dU_tilde_norm = 8.9597e-03
 |   |   |  dS_area_norm  = 3.0359e-03
 |   |   |  dPhis_norm    = 4.5325e-04
 |   |   |  dpressure_norm = 1.3399e-01
 |   |   |  relax         = 1.0000e+00
 |   |   |  U_bar_norm    = 5.4604e-01
 |   |   |  U_bar_norm_old = 4.4161e-01
 |   |   |  U_tilde_norm  = 2.1723e+00
 |   |   |  U_tilde_norm_old = 2.1786e+00
 |   |   |  S_area_norm   = 1.6244e+00
 |   |   |  S_area_norm_old = 1.5106e+00
 |   |   |  Phis_norm     = 1.8123e+01
 |   |   |  Phis_norm_old = 1.8125e+01
 |   |   |  pressure_norm = 3.8658e+01
 |   |   |  pressure_norm_old = 3.7355e+01
 |   |   |  U_bar_err     = 1.7584e-03
 |   |   |  U_tilde_err   = 4.1126e-03
 |   |   |  S_area_err    = 1.8689e-03
 |   |   |  Phis_err      = 2.5007e-05
 |   |   |  pressure_err  = 3.4660e-03
 |   |  k_iter = 3
 |   |   |  Assembly… 0.02190423011779785 s
 |   |   |  res_norm      = 3.6418e-05
 |   |   |  res_err       = 4.1614e-10
 |   |   |  dres_norm     = 1.2920e-02
 |   |   |  res_err_rel   = 9.9952e-01
 |   |   |  Solve… 0.00786900520324707 s
 |   |   |  dU_bar_norm   = 7.3325e-07
 |   |   |  dU_tilde_norm = 3.0821e-05
 |   |   |  dS_area_norm  = 7.2986e-07
 |   |   |  dPhis_norm    = 1.1182e-06
 |   |   |  dpressure_norm = 3.2672e-04
 |   |   |  relax         = 1.0000e+00
 |   |   |  U_bar_norm    = 5.4604e-01
 |   |   |  U_bar_norm_old = 4.4161e-01
 |   |   |  U_tilde_norm  = 2.1722e+00
 |   |   |  U_tilde_norm_old = 2.1786e+00
 |   |   |  S_area_norm   = 1.6244e+00
 |   |   |  S_area_norm_old = 1.5106e+00
 |   |   |  Phis_norm     = 1.8123e+01
 |   |   |  Phis_norm_old = 1.8125e+01
 |   |   |  pressure_norm = 3.8658e+01
 |   |   |  pressure_norm_old = 3.7355e+01
 |   |   |  U_bar_err     = 1.3429e-06
 |   |   |  U_tilde_err   = 1.4147e-05
 |   |   |  S_area_err    = 4.4932e-07
 |   |   |  Phis_err      = 6.1694e-08
 |   |   |  pressure_err  = 8.4517e-06
 |   |  k_iter = 4
 |   |   |  Assembly… 0.021719694137573242 s
 |   |   |  res_norm      = 8.6461e-10
 |   |   |  res_err       = 9.8796e-15
 |   |   |  dres_norm     = 3.6418e-05
 |   |   |  res_err_rel   = 9.9999e-01
 |   |   |  Solve… 0.0077800750732421875 s
 |   |   |  dU_bar_norm   = 2.2566e-11
 |   |   |  dU_tilde_norm = 5.5458e-10
 |   |   |  dS_area_norm  = 3.5031e-11
 |   |   |  dPhis_norm    = 1.2215e-11
 |   |   |  dpressure_norm = 3.6215e-09
 |   |   |  relax         = 1.0000e+00
 |   |   |  U_bar_norm    = 5.4604e-01
 |   |   |  U_bar_norm_old = 4.4161e-01
 |   |   |  U_tilde_norm  = 2.1722e+00
 |   |   |  U_tilde_norm_old = 2.1786e+00
 |   |   |  S_area_norm   = 1.6244e+00
 |   |   |  S_area_norm_old = 1.5106e+00
 |   |   |  Phis_norm     = 1.8123e+01
 |   |   |  Phis_norm_old = 1.8125e+01
 |   |   |  pressure_norm = 3.8658e+01
 |   |   |  pressure_norm_old = 3.7355e+01
 |   |   |  U_bar_err     = 4.1327e-11
 |   |   |  U_tilde_err   = 2.5456e-10
 |   |   |  S_area_err    = 2.1566e-11
 |   |   |  Phis_err      = 6.7394e-13
 |   |   |  pressure_err  = 9.3681e-11
 |   |   |  Nonlinear solver converged…
